[0.118s] DEBUG:colcon:Command line arguments: ['/usr/bin/colcon', 'build']
[0.118s] DEBUG:colcon:Parsed command line arguments: Namespace(log_base=None, log_level=None, verb_name='build', build_base='build', install_base='install', merge_install=False, symlink_install=False, test_result_base=None, continue_on_error=False, executor='parallel', parallel_workers=8, event_handlers=None, ignore_user_meta=False, metas=['./colcon.meta'], base_paths=['.'], packages_ignore=None, packages_ignore_regex=None, paths=None, packages_up_to=None, packages_up_to_regex=None, packages_above=None, packages_above_and_dependencies=None, packages_above_depth=None, packages_select_by_dep=None, packages_skip_by_dep=None, packages_skip_up_to=None, packages_select_build_failed=False, packages_skip_build_finished=False, packages_select_test_failures=False, packages_skip_test_passed=False, packages_select=None, packages_skip=None, packages_select_regex=None, packages_skip_regex=None, packages_start=None, packages_end=None, allow_overriding=[], cmake_args=None, cmake_target=None, cmake_target_skip_unavailable=False, cmake_clean_cache=False, cmake_clean_first=False, cmake_force_configure=False, ament_cmake_args=None, catkin_cmake_args=None, catkin_skip_building_tests=False, mixin_files=None, mixin=None, verb_parser=<colcon_mixin.mixin.mixin_argument.MixinArgumentDecorator object at 0x76e6edec2db0>, verb_extension=<colcon_core.verb.build.BuildVerb object at 0x76e6ee03b560>, main=<bound method BuildVerb.main of <colcon_core.verb.build.BuildVerb object at 0x76e6ee03b560>>, mixin_verb=('build',))
[0.166s] Level 1:colcon.colcon_core.package_discovery:discover_packages(colcon_meta) check parameters
[0.167s] Level 1:colcon.colcon_core.package_discovery:discover_packages(recursive) check parameters
[0.167s] Level 1:colcon.colcon_core.package_discovery:discover_packages(ignore) check parameters
[0.167s] Level 1:colcon.colcon_core.package_discovery:discover_packages(path) check parameters
[0.167s] Level 1:colcon.colcon_core.package_discovery:discover_packages(colcon_meta) discover
[0.167s] Level 1:colcon.colcon_core.package_discovery:discover_packages(recursive) discover
[0.167s] INFO:colcon.colcon_core.package_discovery:Crawling recursively for packages in '/home/deepak/ros2_ws'
[0.167s] Level 1:colcon.colcon_core.package_identification:_identify(.) by extensions ['ignore', 'ignore_ament_install']
[0.167s] Level 1:colcon.colcon_core.package_identification:_identify(.) by extension 'ignore'
[0.167s] Level 1:colcon.colcon_core.package_identification:_identify(.) by extension 'ignore_ament_install'
[0.167s] Level 1:colcon.colcon_core.package_identification:_identify(.) by extensions ['colcon_pkg']
[0.167s] Level 1:colcon.colcon_core.package_identification:_identify(.) by extension 'colcon_pkg'
[0.167s] Level 1:colcon.colcon_core.package_identification:_identify(.) by extensions ['colcon_meta']
[0.167s] Level 1:colcon.colcon_core.package_identification:_identify(.) by extension 'colcon_meta'
[0.167s] Level 1:colcon.colcon_core.package_identification:_identify(.) by extensions ['ros']
[0.167s] Level 1:colcon.colcon_core.package_identification:_identify(.) by extension 'ros'
[0.191s] Level 1:colcon.colcon_core.package_identification:_identify(.) by extensions ['cmake', 'python']
[0.192s] Level 1:colcon.colcon_core.package_identification:_identify(.) by extension 'cmake'
[0.192s] Level 1:colcon.colcon_core.package_identification:_identify(.) by extension 'python'
[0.192s] Level 1:colcon.colcon_core.package_identification:_identify(.) by extensions ['python_setup_py']
[0.192s] Level 1:colcon.colcon_core.package_identification:_identify(.) by extension 'python_setup_py'
[0.192s] Level 1:colcon.colcon_core.package_identification:_identify(build) by extensions ['ignore', 'ignore_ament_install']
[0.192s] Level 1:colcon.colcon_core.package_identification:_identify(build) by extension 'ignore'
[0.192s] Level 1:colcon.colcon_core.package_identification:_identify(build) ignored
[0.192s] Level 1:colcon.colcon_core.package_identification:_identify(config) by extensions ['ignore', 'ignore_ament_install']
[0.192s] Level 1:colcon.colcon_core.package_identification:_identify(config) by extension 'ignore'
[0.192s] Level 1:colcon.colcon_core.package_identification:_identify(config) by extension 'ignore_ament_install'
[0.192s] Level 1:colcon.colcon_core.package_identification:_identify(config) by extensions ['colcon_pkg']
[0.192s] Level 1:colcon.colcon_core.package_identification:_identify(config) by extension 'colcon_pkg'
[0.192s] Level 1:colcon.colcon_core.package_identification:_identify(config) by extensions ['colcon_meta']
[0.192s] Level 1:colcon.colcon_core.package_identification:_identify(config) by extension 'colcon_meta'
[0.193s] Level 1:colcon.colcon_core.package_identification:_identify(config) by extensions ['ros']
[0.193s] Level 1:colcon.colcon_core.package_identification:_identify(config) by extension 'ros'
[0.193s] Level 1:colcon.colcon_core.package_identification:_identify(config) by extensions ['cmake', 'python']
[0.193s] Level 1:colcon.colcon_core.package_identification:_identify(config) by extension 'cmake'
[0.193s] Level 1:colcon.colcon_core.package_identification:_identify(config) by extension 'python'
[0.193s] Level 1:colcon.colcon_core.package_identification:_identify(config) by extensions ['python_setup_py']
[0.193s] Level 1:colcon.colcon_core.package_identification:_identify(config) by extension 'python_setup_py'
[0.193s] Level 1:colcon.colcon_core.package_identification:_identify(data) by extensions ['ignore', 'ignore_ament_install']
[0.193s] Level 1:colcon.colcon_core.package_identification:_identify(data) by extension 'ignore'
[0.193s] Level 1:colcon.colcon_core.package_identification:_identify(data) by extension 'ignore_ament_install'
[0.193s] Level 1:colcon.colcon_core.package_identification:_identify(data) by extensions ['colcon_pkg']
[0.193s] Level 1:colcon.colcon_core.package_identification:_identify(data) by extension 'colcon_pkg'
[0.193s] Level 1:colcon.colcon_core.package_identification:_identify(data) by extensions ['colcon_meta']
[0.193s] Level 1:colcon.colcon_core.package_identification:_identify(data) by extension 'colcon_meta'
[0.193s] Level 1:colcon.colcon_core.package_identification:_identify(data) by extensions ['ros']
[0.193s] Level 1:colcon.colcon_core.package_identification:_identify(data) by extension 'ros'
[0.194s] Level 1:colcon.colcon_core.package_identification:_identify(data) by extensions ['cmake', 'python']
[0.194s] Level 1:colcon.colcon_core.package_identification:_identify(data) by extension 'cmake'
[0.194s] Level 1:colcon.colcon_core.package_identification:_identify(data) by extension 'python'
[0.194s] Level 1:colcon.colcon_core.package_identification:_identify(data) by extensions ['python_setup_py']
[0.194s] Level 1:colcon.colcon_core.package_identification:_identify(data) by extension 'python_setup_py'
[0.194s] Level 1:colcon.colcon_core.package_identification:_identify(install) by extensions ['ignore', 'ignore_ament_install']
[0.194s] Level 1:colcon.colcon_core.package_identification:_identify(install) by extension 'ignore'
[0.194s] Level 1:colcon.colcon_core.package_identification:_identify(install) ignored
[0.194s] Level 1:colcon.colcon_core.package_identification:_identify(log) by extensions ['ignore', 'ignore_ament_install']
[0.194s] Level 1:colcon.colcon_core.package_identification:_identify(log) by extension 'ignore'
[0.194s] Level 1:colcon.colcon_core.package_identification:_identify(log) ignored
[0.194s] Level 1:colcon.colcon_core.package_identification:_identify(src) by extensions ['ignore', 'ignore_ament_install']
[0.195s] Level 1:colcon.colcon_core.package_identification:_identify(src) by extension 'ignore'
[0.195s] Level 1:colcon.colcon_core.package_identification:_identify(src) by extension 'ignore_ament_install'
[0.195s] Level 1:colcon.colcon_core.package_identification:_identify(src) by extensions ['colcon_pkg']
[0.195s] Level 1:colcon.colcon_core.package_identification:_identify(src) by extension 'colcon_pkg'
[0.195s] Level 1:colcon.colcon_core.package_identification:_identify(src) by extensions ['colcon_meta']
[0.195s] Level 1:colcon.colcon_core.package_identification:_identify(src) by extension 'colcon_meta'
[0.195s] Level 1:colcon.colcon_core.package_identification:_identify(src) by extensions ['ros']
[0.195s] Level 1:colcon.colcon_core.package_identification:_identify(src) by extension 'ros'
[0.195s] Level 1:colcon.colcon_core.package_identification:_identify(src) by extensions ['cmake', 'python']
[0.195s] Level 1:colcon.colcon_core.package_identification:_identify(src) by extension 'cmake'
[0.195s] Level 1:colcon.colcon_core.package_identification:_identify(src) by extension 'python'
[0.195s] Level 1:colcon.colcon_core.package_identification:_identify(src) by extensions ['python_setup_py']
[0.195s] Level 1:colcon.colcon_core.package_identification:_identify(src) by extension 'python_setup_py'
[0.195s] Level 1:colcon.colcon_core.package_identification:_identify(src/arm_control) by extensions ['ignore', 'ignore_ament_install']
[0.195s] Level 1:colcon.colcon_core.package_identification:_identify(src/arm_control) by extension 'ignore'
[0.195s] Level 1:colcon.colcon_core.package_identification:_identify(src/arm_control) by extension 'ignore_ament_install'
[0.195s] Level 1:colcon.colcon_core.package_identification:_identify(src/arm_control) by extensions ['colcon_pkg']
[0.196s] Level 1:colcon.colcon_core.package_identification:_identify(src/arm_control) by extension 'colcon_pkg'
[0.196s] Level 1:colcon.colcon_core.package_identification:_identify(src/arm_control) by extensions ['colcon_meta']
[0.196s] Level 1:colcon.colcon_core.package_identification:_identify(src/arm_control) by extension 'colcon_meta'
[0.196s] Level 1:colcon.colcon_core.package_identification:_identify(src/arm_control) by extensions ['ros']
[0.196s] Level 1:colcon.colcon_core.package_identification:_identify(src/arm_control) by extension 'ros'
[0.199s] DEBUG:colcon.colcon_core.package_identification:Package 'src/arm_control' with type 'ros.ament_python' and name 'arm_control'
[0.199s] Level 1:colcon.colcon_core.package_identification:_identify(src/core) by extensions ['ignore', 'ignore_ament_install']
[0.199s] Level 1:colcon.colcon_core.package_identification:_identify(src/core) by extension 'ignore'
[0.199s] Level 1:colcon.colcon_core.package_identification:_identify(src/core) by extension 'ignore_ament_install'
[0.199s] Level 1:colcon.colcon_core.package_identification:_identify(src/core) by extensions ['colcon_pkg']
[0.199s] Level 1:colcon.colcon_core.package_identification:_identify(src/core) by extension 'colcon_pkg'
[0.199s] Level 1:colcon.colcon_core.package_identification:_identify(src/core) by extensions ['colcon_meta']
[0.199s] Level 1:colcon.colcon_core.package_identification:_identify(src/core) by extension 'colcon_meta'
[0.199s] Level 1:colcon.colcon_core.package_identification:_identify(src/core) by extensions ['ros']
[0.199s] Level 1:colcon.colcon_core.package_identification:_identify(src/core) by extension 'ros'
[0.200s] DEBUG:colcon.colcon_core.package_identification:Package 'src/core' with type 'ros.ament_python' and name 'core'
[0.200s] Level 1:colcon.colcon_core.package_identification:_identify(src/launch) by extensions ['ignore', 'ignore_ament_install']
[0.200s] Level 1:colcon.colcon_core.package_identification:_identify(src/launch) by extension 'ignore'
[0.200s] Level 1:colcon.colcon_core.package_identification:_identify(src/launch) by extension 'ignore_ament_install'
[0.200s] Level 1:colcon.colcon_core.package_identification:_identify(src/launch) by extensions ['colcon_pkg']
[0.200s] Level 1:colcon.colcon_core.package_identification:_identify(src/launch) by extension 'colcon_pkg'
[0.201s] Level 1:colcon.colcon_core.package_identification:_identify(src/launch) by extensions ['colcon_meta']
[0.201s] Level 1:colcon.colcon_core.package_identification:_identify(src/launch) by extension 'colcon_meta'
[0.201s] Level 1:colcon.colcon_core.package_identification:_identify(src/launch) by extensions ['ros']
[0.201s] Level 1:colcon.colcon_core.package_identification:_identify(src/launch) by extension 'ros'
[0.201s] DEBUG:colcon.colcon_core.package_identification:Package 'src/launch' with type 'ros.ament_python' and name 'launch'
[0.201s] Level 1:colcon.colcon_core.package_identification:_identify(src/navigation) by extensions ['ignore', 'ignore_ament_install']
[0.201s] Level 1:colcon.colcon_core.package_identification:_identify(src/navigation) by extension 'ignore'
[0.201s] Level 1:colcon.colcon_core.package_identification:_identify(src/navigation) by extension 'ignore_ament_install'
[0.201s] Level 1:colcon.colcon_core.package_identification:_identify(src/navigation) by extensions ['colcon_pkg']
[0.202s] Level 1:colcon.colcon_core.package_identification:_identify(src/navigation) by extension 'colcon_pkg'
[0.202s] Level 1:colcon.colcon_core.package_identification:_identify(src/navigation) by extensions ['colcon_meta']
[0.202s] Level 1:colcon.colcon_core.package_identification:_identify(src/navigation) by extension 'colcon_meta'
[0.202s] Level 1:colcon.colcon_core.package_identification:_identify(src/navigation) by extensions ['ros']
[0.202s] Level 1:colcon.colcon_core.package_identification:_identify(src/navigation) by extension 'ros'
[0.202s] DEBUG:colcon.colcon_core.package_identification:Package 'src/navigation' with type 'ros.ament_python' and name 'navigation'
[0.203s] Level 1:colcon.colcon_core.package_identification:_identify(src/perception) by extensions ['ignore', 'ignore_ament_install']
[0.203s] Level 1:colcon.colcon_core.package_identification:_identify(src/perception) by extension 'ignore'
[0.203s] Level 1:colcon.colcon_core.package_identification:_identify(src/perception) by extension 'ignore_ament_install'
[0.203s] Level 1:colcon.colcon_core.package_identification:_identify(src/perception) by extensions ['colcon_pkg']
[0.203s] Level 1:colcon.colcon_core.package_identification:_identify(src/perception) by extension 'colcon_pkg'
[0.203s] Level 1:colcon.colcon_core.package_identification:_identify(src/perception) by extensions ['colcon_meta']
[0.203s] Level 1:colcon.colcon_core.package_identification:_identify(src/perception) by extension 'colcon_meta'
[0.203s] Level 1:colcon.colcon_core.package_identification:_identify(src/perception) by extensions ['ros']
[0.203s] Level 1:colcon.colcon_core.package_identification:_identify(src/perception) by extension 'ros'
[0.204s] DEBUG:colcon.colcon_core.package_identification:Package 'src/perception' with type 'ros.ament_python' and name 'perception'
[0.204s] Level 1:colcon.colcon_core.package_identification:_identify(src/urdf) by extensions ['ignore', 'ignore_ament_install']
[0.204s] Level 1:colcon.colcon_core.package_identification:_identify(src/urdf) by extension 'ignore'
[0.204s] Level 1:colcon.colcon_core.package_identification:_identify(src/urdf) by extension 'ignore_ament_install'
[0.204s] Level 1:colcon.colcon_core.package_identification:_identify(src/urdf) by extensions ['colcon_pkg']
[0.204s] Level 1:colcon.colcon_core.package_identification:_identify(src/urdf) by extension 'colcon_pkg'
[0.204s] Level 1:colcon.colcon_core.package_identification:_identify(src/urdf) by extensions ['colcon_meta']
[0.204s] Level 1:colcon.colcon_core.package_identification:_identify(src/urdf) by extension 'colcon_meta'
[0.204s] Level 1:colcon.colcon_core.package_identification:_identify(src/urdf) by extensions ['ros']
[0.204s] Level 1:colcon.colcon_core.package_identification:_identify(src/urdf) by extension 'ros'
[0.205s] DEBUG:colcon.colcon_core.package_identification:Package 'src/urdf' with type 'ros.ament_python' and name 'urdf'
[0.205s] Level 1:colcon.colcon_core.package_identification:_identify(src/utilities) by extensions ['ignore', 'ignore_ament_install']
[0.205s] Level 1:colcon.colcon_core.package_identification:_identify(src/utilities) by extension 'ignore'
[0.205s] Level 1:colcon.colcon_core.package_identification:_identify(src/utilities) by extension 'ignore_ament_install'
[0.205s] Level 1:colcon.colcon_core.package_identification:_identify(src/utilities) by extensions ['colcon_pkg']
[0.205s] Level 1:colcon.colcon_core.package_identification:_identify(src/utilities) by extension 'colcon_pkg'
[0.205s] Level 1:colcon.colcon_core.package_identification:_identify(src/utilities) by extensions ['colcon_meta']
[0.205s] Level 1:colcon.colcon_core.package_identification:_identify(src/utilities) by extension 'colcon_meta'
[0.205s] Level 1:colcon.colcon_core.package_identification:_identify(src/utilities) by extensions ['ros']
[0.205s] Level 1:colcon.colcon_core.package_identification:_identify(src/utilities) by extension 'ros'
[0.206s] DEBUG:colcon.colcon_core.package_identification:Package 'src/utilities' with type 'ros.ament_python' and name 'utilities'
[0.206s] Level 1:colcon.colcon_core.package_identification:_identify(src/world) by extensions ['ignore', 'ignore_ament_install']
[0.206s] Level 1:colcon.colcon_core.package_identification:_identify(src/world) by extension 'ignore'
[0.206s] Level 1:colcon.colcon_core.package_identification:_identify(src/world) by extension 'ignore_ament_install'
[0.206s] Level 1:colcon.colcon_core.package_identification:_identify(src/world) by extensions ['colcon_pkg']
[0.206s] Level 1:colcon.colcon_core.package_identification:_identify(src/world) by extension 'colcon_pkg'
[0.206s] Level 1:colcon.colcon_core.package_identification:_identify(src/world) by extensions ['colcon_meta']
[0.206s] Level 1:colcon.colcon_core.package_identification:_identify(src/world) by extension 'colcon_meta'
[0.206s] Level 1:colcon.colcon_core.package_identification:_identify(src/world) by extensions ['ros']
[0.206s] Level 1:colcon.colcon_core.package_identification:_identify(src/world) by extension 'ros'
[0.207s] DEBUG:colcon.colcon_core.package_identification:Package 'src/world' with type 'ros.ament_python' and name 'world'
[0.207s] Level 1:colcon.colcon_core.package_discovery:discover_packages(recursive) using defaults
[0.207s] Level 1:colcon.colcon_core.package_discovery:discover_packages(ignore) discover
[0.207s] Level 1:colcon.colcon_core.package_discovery:discover_packages(ignore) using defaults
[0.207s] Level 1:colcon.colcon_core.package_discovery:discover_packages(path) discover
[0.207s] Level 1:colcon.colcon_core.package_discovery:discover_packages(path) using defaults
[0.224s] Level 1:colcon.colcon_core.package_discovery:discover_packages(prefix_path) check parameters
[0.224s] Level 1:colcon.colcon_core.package_discovery:discover_packages(prefix_path) discover
[0.227s] DEBUG:colcon.colcon_installed_package_information.package_discovery:Found 285 installed packages in /opt/ros/jazzy
[0.228s] Level 1:colcon.colcon_core.package_discovery:discover_packages(prefix_path) using defaults
[0.272s] WARNING:colcon.colcon_core.package_selection:Some selected packages are already built in one or more underlay workspaces:
	'urdf' is in: /opt/ros/jazzy
	'launch' is in: /opt/ros/jazzy
If a package in a merged underlay workspace is overridden and it installs headers, then all packages in the overlay must sort their include directories by workspace order. Failure to do so may result in build failures or undefined behavior at run time.
If the overridden package is used by another package in any underlay, then the overriding package in the overlay must be API and ABI compatible or undefined behavior at run time may occur.

If you understand the risks and want to override a package anyways, add the following to the command line:
	--allow-overriding launch urdf

This may be promoted to an error in a future release of colcon-override-check.
[0.272s] Level 5:colcon.colcon_core.verb:set package 'arm_control' build argument 'cmake_args' from command line to 'None'
[0.272s] Level 5:colcon.colcon_core.verb:set package 'arm_control' build argument 'cmake_target' from command line to 'None'
[0.273s] Level 5:colcon.colcon_core.verb:set package 'arm_control' build argument 'cmake_target_skip_unavailable' from command line to 'False'
[0.273s] Level 5:colcon.colcon_core.verb:set package 'arm_control' build argument 'cmake_clean_cache' from command line to 'False'
[0.273s] Level 5:colcon.colcon_core.verb:set package 'arm_control' build argument 'cmake_clean_first' from command line to 'False'
[0.273s] Level 5:colcon.colcon_core.verb:set package 'arm_control' build argument 'cmake_force_configure' from command line to 'False'
[0.273s] Level 5:colcon.colcon_core.verb:set package 'arm_control' build argument 'ament_cmake_args' from command line to 'None'
[0.273s] Level 5:colcon.colcon_core.verb:set package 'arm_control' build argument 'catkin_cmake_args' from command line to 'None'
[0.273s] Level 5:colcon.colcon_core.verb:set package 'arm_control' build argument 'catkin_skip_building_tests' from command line to 'False'
[0.273s] DEBUG:colcon.colcon_core.verb:Building package 'arm_control' with the following arguments: {'ament_cmake_args': None, 'build_base': '/home/deepak/ros2_ws/build/arm_control', 'catkin_cmake_args': None, 'catkin_skip_building_tests': False, 'cmake_args': None, 'cmake_clean_cache': False, 'cmake_clean_first': False, 'cmake_force_configure': False, 'cmake_target': None, 'cmake_target_skip_unavailable': False, 'install_base': '/home/deepak/ros2_ws/install/arm_control', 'merge_install': False, 'path': '/home/deepak/ros2_ws/src/arm_control', 'symlink_install': False, 'test_result_base': None}
[0.273s] Level 5:colcon.colcon_core.verb:set package 'core' build argument 'cmake_args' from command line to 'None'
[0.273s] Level 5:colcon.colcon_core.verb:set package 'core' build argument 'cmake_target' from command line to 'None'
[0.273s] Level 5:colcon.colcon_core.verb:set package 'core' build argument 'cmake_target_skip_unavailable' from command line to 'False'
[0.273s] Level 5:colcon.colcon_core.verb:set package 'core' build argument 'cmake_clean_cache' from command line to 'False'
[0.273s] Level 5:colcon.colcon_core.verb:set package 'core' build argument 'cmake_clean_first' from command line to 'False'
[0.273s] Level 5:colcon.colcon_core.verb:set package 'core' build argument 'cmake_force_configure' from command line to 'False'
[0.273s] Level 5:colcon.colcon_core.verb:set package 'core' build argument 'ament_cmake_args' from command line to 'None'
[0.273s] Level 5:colcon.colcon_core.verb:set package 'core' build argument 'catkin_cmake_args' from command line to 'None'
[0.273s] Level 5:colcon.colcon_core.verb:set package 'core' build argument 'catkin_skip_building_tests' from command line to 'False'
[0.273s] DEBUG:colcon.colcon_core.verb:Building package 'core' with the following arguments: {'ament_cmake_args': None, 'build_base': '/home/deepak/ros2_ws/build/core', 'catkin_cmake_args': None, 'catkin_skip_building_tests': False, 'cmake_args': None, 'cmake_clean_cache': False, 'cmake_clean_first': False, 'cmake_force_configure': False, 'cmake_target': None, 'cmake_target_skip_unavailable': False, 'install_base': '/home/deepak/ros2_ws/install/core', 'merge_install': False, 'path': '/home/deepak/ros2_ws/src/core', 'symlink_install': False, 'test_result_base': None}
[0.274s] Level 5:colcon.colcon_core.verb:set package 'launch' build argument 'cmake_args' from command line to 'None'
[0.274s] Level 5:colcon.colcon_core.verb:set package 'launch' build argument 'cmake_target' from command line to 'None'
[0.274s] Level 5:colcon.colcon_core.verb:set package 'launch' build argument 'cmake_target_skip_unavailable' from command line to 'False'
[0.274s] Level 5:colcon.colcon_core.verb:set package 'launch' build argument 'cmake_clean_cache' from command line to 'False'
[0.274s] Level 5:colcon.colcon_core.verb:set package 'launch' build argument 'cmake_clean_first' from command line to 'False'
[0.274s] Level 5:colcon.colcon_core.verb:set package 'launch' build argument 'cmake_force_configure' from command line to 'False'
[0.274s] Level 5:colcon.colcon_core.verb:set package 'launch' build argument 'ament_cmake_args' from command line to 'None'
[0.274s] Level 5:colcon.colcon_core.verb:set package 'launch' build argument 'catkin_cmake_args' from command line to 'None'
[0.274s] Level 5:colcon.colcon_core.verb:set package 'launch' build argument 'catkin_skip_building_tests' from command line to 'False'
[0.274s] DEBUG:colcon.colcon_core.verb:Building package 'launch' with the following arguments: {'ament_cmake_args': None, 'build_base': '/home/deepak/ros2_ws/build/launch', 'catkin_cmake_args': None, 'catkin_skip_building_tests': False, 'cmake_args': None, 'cmake_clean_cache': False, 'cmake_clean_first': False, 'cmake_force_configure': False, 'cmake_target': None, 'cmake_target_skip_unavailable': False, 'install_base': '/home/deepak/ros2_ws/install/launch', 'merge_install': False, 'path': '/home/deepak/ros2_ws/src/launch', 'symlink_install': False, 'test_result_base': None}
[0.274s] Level 5:colcon.colcon_core.verb:set package 'navigation' build argument 'cmake_args' from command line to 'None'
[0.274s] Level 5:colcon.colcon_core.verb:set package 'navigation' build argument 'cmake_target' from command line to 'None'
[0.274s] Level 5:colcon.colcon_core.verb:set package 'navigation' build argument 'cmake_target_skip_unavailable' from command line to 'False'
[0.274s] Level 5:colcon.colcon_core.verb:set package 'navigation' build argument 'cmake_clean_cache' from command line to 'False'
[0.274s] Level 5:colcon.colcon_core.verb:set package 'navigation' build argument 'cmake_clean_first' from command line to 'False'
[0.274s] Level 5:colcon.colcon_core.verb:set package 'navigation' build argument 'cmake_force_configure' from command line to 'False'
[0.274s] Level 5:colcon.colcon_core.verb:set package 'navigation' build argument 'ament_cmake_args' from command line to 'None'
[0.274s] Level 5:colcon.colcon_core.verb:set package 'navigation' build argument 'catkin_cmake_args' from command line to 'None'
[0.274s] Level 5:colcon.colcon_core.verb:set package 'navigation' build argument 'catkin_skip_building_tests' from command line to 'False'
[0.274s] DEBUG:colcon.colcon_core.verb:Building package 'navigation' with the following arguments: {'ament_cmake_args': None, 'build_base': '/home/deepak/ros2_ws/build/navigation', 'catkin_cmake_args': None, 'catkin_skip_building_tests': False, 'cmake_args': None, 'cmake_clean_cache': False, 'cmake_clean_first': False, 'cmake_force_configure': False, 'cmake_target': None, 'cmake_target_skip_unavailable': False, 'install_base': '/home/deepak/ros2_ws/install/navigation', 'merge_install': False, 'path': '/home/deepak/ros2_ws/src/navigation', 'symlink_install': False, 'test_result_base': None}
[0.275s] Level 5:colcon.colcon_core.verb:set package 'perception' build argument 'cmake_args' from command line to 'None'
[0.275s] Level 5:colcon.colcon_core.verb:set package 'perception' build argument 'cmake_target' from command line to 'None'
[0.275s] Level 5:colcon.colcon_core.verb:set package 'perception' build argument 'cmake_target_skip_unavailable' from command line to 'False'
[0.275s] Level 5:colcon.colcon_core.verb:set package 'perception' build argument 'cmake_clean_cache' from command line to 'False'
[0.275s] Level 5:colcon.colcon_core.verb:set package 'perception' build argument 'cmake_clean_first' from command line to 'False'
[0.275s] Level 5:colcon.colcon_core.verb:set package 'perception' build argument 'cmake_force_configure' from command line to 'False'
[0.275s] Level 5:colcon.colcon_core.verb:set package 'perception' build argument 'ament_cmake_args' from command line to 'None'
[0.275s] Level 5:colcon.colcon_core.verb:set package 'perception' build argument 'catkin_cmake_args' from command line to 'None'
[0.275s] Level 5:colcon.colcon_core.verb:set package 'perception' build argument 'catkin_skip_building_tests' from command line to 'False'
[0.275s] DEBUG:colcon.colcon_core.verb:Building package 'perception' with the following arguments: {'ament_cmake_args': None, 'build_base': '/home/deepak/ros2_ws/build/perception', 'catkin_cmake_args': None, 'catkin_skip_building_tests': False, 'cmake_args': None, 'cmake_clean_cache': False, 'cmake_clean_first': False, 'cmake_force_configure': False, 'cmake_target': None, 'cmake_target_skip_unavailable': False, 'install_base': '/home/deepak/ros2_ws/install/perception', 'merge_install': False, 'path': '/home/deepak/ros2_ws/src/perception', 'symlink_install': False, 'test_result_base': None}
[0.275s] Level 5:colcon.colcon_core.verb:set package 'urdf' build argument 'cmake_args' from command line to 'None'
[0.275s] Level 5:colcon.colcon_core.verb:set package 'urdf' build argument 'cmake_target' from command line to 'None'
[0.275s] Level 5:colcon.colcon_core.verb:set package 'urdf' build argument 'cmake_target_skip_unavailable' from command line to 'False'
[0.275s] Level 5:colcon.colcon_core.verb:set package 'urdf' build argument 'cmake_clean_cache' from command line to 'False'
[0.275s] Level 5:colcon.colcon_core.verb:set package 'urdf' build argument 'cmake_clean_first' from command line to 'False'
[0.275s] Level 5:colcon.colcon_core.verb:set package 'urdf' build argument 'cmake_force_configure' from command line to 'False'
[0.275s] Level 5:colcon.colcon_core.verb:set package 'urdf' build argument 'ament_cmake_args' from command line to 'None'
[0.275s] Level 5:colcon.colcon_core.verb:set package 'urdf' build argument 'catkin_cmake_args' from command line to 'None'
[0.275s] Level 5:colcon.colcon_core.verb:set package 'urdf' build argument 'catkin_skip_building_tests' from command line to 'False'
[0.275s] DEBUG:colcon.colcon_core.verb:Building package 'urdf' with the following arguments: {'ament_cmake_args': None, 'build_base': '/home/deepak/ros2_ws/build/urdf', 'catkin_cmake_args': None, 'catkin_skip_building_tests': False, 'cmake_args': None, 'cmake_clean_cache': False, 'cmake_clean_first': False, 'cmake_force_configure': False, 'cmake_target': None, 'cmake_target_skip_unavailable': False, 'install_base': '/home/deepak/ros2_ws/install/urdf', 'merge_install': False, 'path': '/home/deepak/ros2_ws/src/urdf', 'symlink_install': False, 'test_result_base': None}
[0.276s] Level 5:colcon.colcon_core.verb:set package 'utilities' build argument 'cmake_args' from command line to 'None'
[0.276s] Level 5:colcon.colcon_core.verb:set package 'utilities' build argument 'cmake_target' from command line to 'None'
[0.276s] Level 5:colcon.colcon_core.verb:set package 'utilities' build argument 'cmake_target_skip_unavailable' from command line to 'False'
[0.276s] Level 5:colcon.colcon_core.verb:set package 'utilities' build argument 'cmake_clean_cache' from command line to 'False'
[0.276s] Level 5:colcon.colcon_core.verb:set package 'utilities' build argument 'cmake_clean_first' from command line to 'False'
[0.276s] Level 5:colcon.colcon_core.verb:set package 'utilities' build argument 'cmake_force_configure' from command line to 'False'
[0.276s] Level 5:colcon.colcon_core.verb:set package 'utilities' build argument 'ament_cmake_args' from command line to 'None'
[0.276s] Level 5:colcon.colcon_core.verb:set package 'utilities' build argument 'catkin_cmake_args' from command line to 'None'
[0.276s] Level 5:colcon.colcon_core.verb:set package 'utilities' build argument 'catkin_skip_building_tests' from command line to 'False'
[0.276s] DEBUG:colcon.colcon_core.verb:Building package 'utilities' with the following arguments: {'ament_cmake_args': None, 'build_base': '/home/deepak/ros2_ws/build/utilities', 'catkin_cmake_args': None, 'catkin_skip_building_tests': False, 'cmake_args': None, 'cmake_clean_cache': False, 'cmake_clean_first': False, 'cmake_force_configure': False, 'cmake_target': None, 'cmake_target_skip_unavailable': False, 'install_base': '/home/deepak/ros2_ws/install/utilities', 'merge_install': False, 'path': '/home/deepak/ros2_ws/src/utilities', 'symlink_install': False, 'test_result_base': None}
[0.276s] Level 5:colcon.colcon_core.verb:set package 'world' build argument 'cmake_args' from command line to 'None'
[0.276s] Level 5:colcon.colcon_core.verb:set package 'world' build argument 'cmake_target' from command line to 'None'
[0.276s] Level 5:colcon.colcon_core.verb:set package 'world' build argument 'cmake_target_skip_unavailable' from command line to 'False'
[0.276s] Level 5:colcon.colcon_core.verb:set package 'world' build argument 'cmake_clean_cache' from command line to 'False'
[0.276s] Level 5:colcon.colcon_core.verb:set package 'world' build argument 'cmake_clean_first' from command line to 'False'
[0.276s] Level 5:colcon.colcon_core.verb:set package 'world' build argument 'cmake_force_configure' from command line to 'False'
[0.276s] Level 5:colcon.colcon_core.verb:set package 'world' build argument 'ament_cmake_args' from command line to 'None'
[0.276s] Level 5:colcon.colcon_core.verb:set package 'world' build argument 'catkin_cmake_args' from command line to 'None'
[0.276s] Level 5:colcon.colcon_core.verb:set package 'world' build argument 'catkin_skip_building_tests' from command line to 'False'
[0.276s] DEBUG:colcon.colcon_core.verb:Building package 'world' with the following arguments: {'ament_cmake_args': None, 'build_base': '/home/deepak/ros2_ws/build/world', 'catkin_cmake_args': None, 'catkin_skip_building_tests': False, 'cmake_args': None, 'cmake_clean_cache': False, 'cmake_clean_first': False, 'cmake_force_configure': False, 'cmake_target': None, 'cmake_target_skip_unavailable': False, 'install_base': '/home/deepak/ros2_ws/install/world', 'merge_install': False, 'path': '/home/deepak/ros2_ws/src/world', 'symlink_install': False, 'test_result_base': None}
[0.277s] INFO:colcon.colcon_core.executor:Executing jobs using 'parallel' executor
[0.277s] DEBUG:colcon.colcon_parallel_executor.executor.parallel:run_until_complete
[0.277s] INFO:colcon.colcon_ros.task.ament_python.build:Building ROS package in '/home/deepak/ros2_ws/src/arm_control' with build type 'ament_python'
[0.278s] Level 1:colcon.colcon_core.shell:create_environment_hook('arm_control', 'ament_prefix_path')
[0.280s] INFO:colcon.colcon_core.plugin_system:Skipping extension 'colcon_core.shell.bat': Not used on non-Windows systems
[0.280s] INFO:colcon.colcon_core.shell:Creating environment hook '/home/deepak/ros2_ws/install/arm_control/share/arm_control/hook/ament_prefix_path.ps1'
[0.281s] INFO:colcon.colcon_core.shell:Creating environment descriptor '/home/deepak/ros2_ws/install/arm_control/share/arm_control/hook/ament_prefix_path.dsv'
[0.281s] INFO:colcon.colcon_core.shell:Creating environment hook '/home/deepak/ros2_ws/install/arm_control/share/arm_control/hook/ament_prefix_path.sh'
[0.282s] INFO:colcon.colcon_core.shell:Skip shell extension 'powershell' for command environment: Not usable outside of PowerShell
[0.282s] DEBUG:colcon.colcon_core.shell:Skip shell extension 'dsv' for command environment
[0.286s] INFO:colcon.colcon_ros.task.ament_python.build:Building ROS package in '/home/deepak/ros2_ws/src/core' with build type 'ament_python'
[0.287s] Level 1:colcon.colcon_core.shell:create_environment_hook('core', 'ament_prefix_path')
[0.287s] INFO:colcon.colcon_core.shell:Creating environment hook '/home/deepak/ros2_ws/install/core/share/core/hook/ament_prefix_path.ps1'
[0.288s] INFO:colcon.colcon_core.shell:Creating environment descriptor '/home/deepak/ros2_ws/install/core/share/core/hook/ament_prefix_path.dsv'
[0.288s] INFO:colcon.colcon_core.shell:Creating environment hook '/home/deepak/ros2_ws/install/core/share/core/hook/ament_prefix_path.sh'
[0.288s] INFO:colcon.colcon_core.shell:Skip shell extension 'powershell' for command environment: Not usable outside of PowerShell
[0.288s] DEBUG:colcon.colcon_core.shell:Skip shell extension 'dsv' for command environment
[0.291s] INFO:colcon.colcon_ros.task.ament_python.build:Building ROS package in '/home/deepak/ros2_ws/src/launch' with build type 'ament_python'
[0.291s] Level 1:colcon.colcon_core.shell:create_environment_hook('launch', 'ament_prefix_path')
[0.291s] INFO:colcon.colcon_core.shell:Creating environment hook '/home/deepak/ros2_ws/install/launch/share/launch/hook/ament_prefix_path.ps1'
[0.292s] INFO:colcon.colcon_core.shell:Creating environment descriptor '/home/deepak/ros2_ws/install/launch/share/launch/hook/ament_prefix_path.dsv'
[0.293s] INFO:colcon.colcon_core.shell:Creating environment hook '/home/deepak/ros2_ws/install/launch/share/launch/hook/ament_prefix_path.sh'
[0.294s] INFO:colcon.colcon_core.shell:Skip shell extension 'powershell' for command environment: Not usable outside of PowerShell
[0.294s] DEBUG:colcon.colcon_core.shell:Skip shell extension 'dsv' for command environment
[0.299s] INFO:colcon.colcon_ros.task.ament_python.build:Building ROS package in '/home/deepak/ros2_ws/src/navigation' with build type 'ament_python'
[0.299s] Level 1:colcon.colcon_core.shell:create_environment_hook('navigation', 'ament_prefix_path')
[0.300s] INFO:colcon.colcon_core.shell:Creating environment hook '/home/deepak/ros2_ws/install/navigation/share/navigation/hook/ament_prefix_path.ps1'
[0.302s] INFO:colcon.colcon_core.shell:Creating environment descriptor '/home/deepak/ros2_ws/install/navigation/share/navigation/hook/ament_prefix_path.dsv'
[0.305s] INFO:colcon.colcon_core.shell:Creating environment hook '/home/deepak/ros2_ws/install/navigation/share/navigation/hook/ament_prefix_path.sh'
[0.307s] INFO:colcon.colcon_core.shell:Skip shell extension 'powershell' for command environment: Not usable outside of PowerShell
[0.307s] DEBUG:colcon.colcon_core.shell:Skip shell extension 'dsv' for command environment
[0.310s] INFO:colcon.colcon_ros.task.ament_python.build:Building ROS package in '/home/deepak/ros2_ws/src/perception' with build type 'ament_python'
[0.310s] Level 1:colcon.colcon_core.shell:create_environment_hook('perception', 'ament_prefix_path')
[0.310s] INFO:colcon.colcon_core.shell:Creating environment hook '/home/deepak/ros2_ws/install/perception/share/perception/hook/ament_prefix_path.ps1'
[0.311s] INFO:colcon.colcon_core.shell:Creating environment descriptor '/home/deepak/ros2_ws/install/perception/share/perception/hook/ament_prefix_path.dsv'
[0.311s] INFO:colcon.colcon_core.shell:Creating environment hook '/home/deepak/ros2_ws/install/perception/share/perception/hook/ament_prefix_path.sh'
[0.312s] INFO:colcon.colcon_core.shell:Skip shell extension 'powershell' for command environment: Not usable outside of PowerShell
[0.312s] DEBUG:colcon.colcon_core.shell:Skip shell extension 'dsv' for command environment
[0.314s] INFO:colcon.colcon_ros.task.ament_python.build:Building ROS package in '/home/deepak/ros2_ws/src/urdf' with build type 'ament_python'
[0.315s] Level 1:colcon.colcon_core.shell:create_environment_hook('urdf', 'ament_prefix_path')
[0.315s] INFO:colcon.colcon_core.shell:Creating environment hook '/home/deepak/ros2_ws/install/urdf/share/urdf/hook/ament_prefix_path.ps1'
[0.316s] INFO:colcon.colcon_core.shell:Creating environment descriptor '/home/deepak/ros2_ws/install/urdf/share/urdf/hook/ament_prefix_path.dsv'
[0.316s] INFO:colcon.colcon_core.shell:Creating environment hook '/home/deepak/ros2_ws/install/urdf/share/urdf/hook/ament_prefix_path.sh'
[0.319s] INFO:colcon.colcon_core.shell:Skip shell extension 'powershell' for command environment: Not usable outside of PowerShell
[0.320s] DEBUG:colcon.colcon_core.shell:Skip shell extension 'dsv' for command environment
[0.324s] INFO:colcon.colcon_ros.task.ament_python.build:Building ROS package in '/home/deepak/ros2_ws/src/utilities' with build type 'ament_python'
[0.325s] Level 1:colcon.colcon_core.shell:create_environment_hook('utilities', 'ament_prefix_path')
[0.325s] INFO:colcon.colcon_core.shell:Creating environment hook '/home/deepak/ros2_ws/install/utilities/share/utilities/hook/ament_prefix_path.ps1'
[0.326s] INFO:colcon.colcon_core.shell:Creating environment descriptor '/home/deepak/ros2_ws/install/utilities/share/utilities/hook/ament_prefix_path.dsv'
[0.326s] INFO:colcon.colcon_core.shell:Creating environment hook '/home/deepak/ros2_ws/install/utilities/share/utilities/hook/ament_prefix_path.sh'
[0.327s] INFO:colcon.colcon_core.shell:Skip shell extension 'powershell' for command environment: Not usable outside of PowerShell
[0.327s] DEBUG:colcon.colcon_core.shell:Skip shell extension 'dsv' for command environment
[0.329s] INFO:colcon.colcon_ros.task.ament_python.build:Building ROS package in '/home/deepak/ros2_ws/src/world' with build type 'ament_python'
[0.330s] Level 1:colcon.colcon_core.shell:create_environment_hook('world', 'ament_prefix_path')
[0.330s] INFO:colcon.colcon_core.shell:Creating environment hook '/home/deepak/ros2_ws/install/world/share/world/hook/ament_prefix_path.ps1'
[0.331s] INFO:colcon.colcon_core.shell:Creating environment descriptor '/home/deepak/ros2_ws/install/world/share/world/hook/ament_prefix_path.dsv'
[0.332s] INFO:colcon.colcon_core.shell:Creating environment hook '/home/deepak/ros2_ws/install/world/share/world/hook/ament_prefix_path.sh'
[0.333s] INFO:colcon.colcon_core.shell:Skip shell extension 'powershell' for command environment: Not usable outside of PowerShell
[0.333s] DEBUG:colcon.colcon_core.shell:Skip shell extension 'dsv' for command environment
[0.660s] INFO:colcon.colcon_core.task.python.build:Building Python package in '/home/deepak/ros2_ws/src/arm_control'
[0.660s] INFO:colcon.colcon_core.shell:Skip shell extension 'powershell' for command environment: Not usable outside of PowerShell
[0.660s] DEBUG:colcon.colcon_core.shell:Skip shell extension 'dsv' for command environment
[0.899s] INFO:colcon.colcon_core.task.python.build:Building Python package in '/home/deepak/ros2_ws/src/core'
[0.899s] INFO:colcon.colcon_core.shell:Skip shell extension 'powershell' for command environment: Not usable outside of PowerShell
[0.899s] DEBUG:colcon.colcon_core.shell:Skip shell extension 'dsv' for command environment
[1.182s] INFO:colcon.colcon_core.task.python.build:Building Python package in '/home/deepak/ros2_ws/src/launch'
[1.182s] INFO:colcon.colcon_core.shell:Skip shell extension 'powershell' for command environment: Not usable outside of PowerShell
[1.182s] DEBUG:colcon.colcon_core.shell:Skip shell extension 'dsv' for command environment
[1.462s] INFO:colcon.colcon_core.task.python.build:Building Python package in '/home/deepak/ros2_ws/src/navigation'
[1.462s] INFO:colcon.colcon_core.shell:Skip shell extension 'powershell' for command environment: Not usable outside of PowerShell
[1.462s] DEBUG:colcon.colcon_core.shell:Skip shell extension 'dsv' for command environment
[1.731s] INFO:colcon.colcon_core.task.python.build:Building Python package in '/home/deepak/ros2_ws/src/perception'
[1.731s] INFO:colcon.colcon_core.shell:Skip shell extension 'powershell' for command environment: Not usable outside of PowerShell
[1.731s] DEBUG:colcon.colcon_core.shell:Skip shell extension 'dsv' for command environment
[1.956s] INFO:colcon.colcon_core.task.python.build:Building Python package in '/home/deepak/ros2_ws/src/urdf'
[1.956s] INFO:colcon.colcon_core.shell:Skip shell extension 'powershell' for command environment: Not usable outside of PowerShell
[1.956s] DEBUG:colcon.colcon_core.shell:Skip shell extension 'dsv' for command environment
[2.183s] INFO:colcon.colcon_core.task.python.build:Building Python package in '/home/deepak/ros2_ws/src/utilities'
[2.183s] INFO:colcon.colcon_core.shell:Skip shell extension 'powershell' for command environment: Not usable outside of PowerShell
[2.183s] DEBUG:colcon.colcon_core.shell:Skip shell extension 'dsv' for command environment
[2.419s] INFO:colcon.colcon_core.task.python.build:Building Python package in '/home/deepak/ros2_ws/src/world'
[2.419s] INFO:colcon.colcon_core.shell:Skip shell extension 'powershell' for command environment: Not usable outside of PowerShell
[2.419s] DEBUG:colcon.colcon_core.shell:Skip shell extension 'dsv' for command environment
[3.655s] DEBUG:colcon.colcon_core.event_handler.log_command:Invoking command in '/home/deepak/ros2_ws/src/utilities': CONDA_PROMPT_MODIFIER=(ros2) DEBUGINFOD_URLS=https://debuginfod.ubuntu.com PYTHONPATH=/home/deepak/ros2_ws/build/utilities/prefix_override:/usr/lib/python3/dist-packages/colcon_core/task/python/colcon_distutils_commands:/home/deepak/ros2_ws/install/utilities/lib/python3.12/site-packages:${PYTHONPATH} /usr/bin/python3 -W ignore:setup.py install is deprecated -W ignore:easy_install command is deprecated setup.py egg_info --egg-base ../../build/utilities build --build-base /home/deepak/ros2_ws/build/utilities/build install --record /home/deepak/ros2_ws/build/utilities/install.log --single-version-externally-managed install_data
[3.688s] DEBUG:colcon.colcon_core.event_handler.log_command:Invoking command in '/home/deepak/ros2_ws/src/arm_control': CONDA_PROMPT_MODIFIER=(ros2) DEBUGINFOD_URLS=https://debuginfod.ubuntu.com PYTHONPATH=/home/deepak/ros2_ws/build/arm_control/prefix_override:/usr/lib/python3/dist-packages/colcon_core/task/python/colcon_distutils_commands:/home/deepak/ros2_ws/install/arm_control/lib/python3.12/site-packages:${PYTHONPATH} /usr/bin/python3 -W ignore:setup.py install is deprecated -W ignore:easy_install command is deprecated setup.py egg_info --egg-base ../../build/arm_control build --build-base /home/deepak/ros2_ws/build/arm_control/build install --record /home/deepak/ros2_ws/build/arm_control/install.log --single-version-externally-managed install_data
[3.696s] DEBUG:colcon.colcon_core.event_handler.log_command:Invoking command in '/home/deepak/ros2_ws/src/world': CONDA_PROMPT_MODIFIER=(ros2) DEBUGINFOD_URLS=https://debuginfod.ubuntu.com PYTHONPATH=/home/deepak/ros2_ws/build/world/prefix_override:/usr/lib/python3/dist-packages/colcon_core/task/python/colcon_distutils_commands:/home/deepak/ros2_ws/install/world/lib/python3.12/site-packages:${PYTHONPATH} /usr/bin/python3 -W ignore:setup.py install is deprecated -W ignore:easy_install command is deprecated setup.py egg_info --egg-base ../../build/world build --build-base /home/deepak/ros2_ws/build/world/build install --record /home/deepak/ros2_ws/build/world/install.log --single-version-externally-managed install_data
[3.728s] DEBUG:colcon.colcon_core.event_handler.log_command:Invoking command in '/home/deepak/ros2_ws/src/navigation': CONDA_PROMPT_MODIFIER=(ros2) DEBUGINFOD_URLS=https://debuginfod.ubuntu.com PYTHONPATH=/home/deepak/ros2_ws/build/navigation/prefix_override:/usr/lib/python3/dist-packages/colcon_core/task/python/colcon_distutils_commands:/home/deepak/ros2_ws/install/navigation/lib/python3.12/site-packages:${PYTHONPATH} /usr/bin/python3 -W ignore:setup.py install is deprecated -W ignore:easy_install command is deprecated setup.py egg_info --egg-base ../../build/navigation build --build-base /home/deepak/ros2_ws/build/navigation/build install --record /home/deepak/ros2_ws/build/navigation/install.log --single-version-externally-managed install_data
[3.754s] DEBUG:colcon.colcon_core.event_handler.log_command:Invoking command in '/home/deepak/ros2_ws/src/perception': CONDA_PROMPT_MODIFIER=(ros2) DEBUGINFOD_URLS=https://debuginfod.ubuntu.com PYTHONPATH=/home/deepak/ros2_ws/build/perception/prefix_override:/usr/lib/python3/dist-packages/colcon_core/task/python/colcon_distutils_commands:/home/deepak/ros2_ws/install/perception/lib/python3.12/site-packages:${PYTHONPATH} /usr/bin/python3 -W ignore:setup.py install is deprecated -W ignore:easy_install command is deprecated setup.py egg_info --egg-base ../../build/perception build --build-base /home/deepak/ros2_ws/build/perception/build install --record /home/deepak/ros2_ws/build/perception/install.log --single-version-externally-managed install_data
[3.769s] DEBUG:colcon.colcon_core.event_handler.log_command:Invoking command in '/home/deepak/ros2_ws/src/urdf': CONDA_PROMPT_MODIFIER=(ros2) DEBUGINFOD_URLS=https://debuginfod.ubuntu.com PYTHONPATH=/home/deepak/ros2_ws/build/urdf/prefix_override:/usr/lib/python3/dist-packages/colcon_core/task/python/colcon_distutils_commands:/home/deepak/ros2_ws/install/urdf/lib/python3.12/site-packages:${PYTHONPATH} /usr/bin/python3 -W ignore:setup.py install is deprecated -W ignore:easy_install command is deprecated setup.py egg_info --egg-base ../../build/urdf build --build-base /home/deepak/ros2_ws/build/urdf/build install --record /home/deepak/ros2_ws/build/urdf/install.log --single-version-externally-managed install_data
[3.772s] DEBUG:colcon.colcon_core.event_handler.log_command:Invoking command in '/home/deepak/ros2_ws/src/launch': CONDA_PROMPT_MODIFIER=(ros2) DEBUGINFOD_URLS=https://debuginfod.ubuntu.com PYTHONPATH=/home/deepak/ros2_ws/build/launch/prefix_override:/usr/lib/python3/dist-packages/colcon_core/task/python/colcon_distutils_commands:/home/deepak/ros2_ws/install/launch/lib/python3.12/site-packages:${PYTHONPATH} /usr/bin/python3 -W ignore:setup.py install is deprecated -W ignore:easy_install command is deprecated setup.py egg_info --egg-base ../../build/launch build --build-base /home/deepak/ros2_ws/build/launch/build install --record /home/deepak/ros2_ws/build/launch/install.log --single-version-externally-managed install_data
[3.847s] DEBUG:colcon.colcon_core.event_handler.log_command:Invoking command in '/home/deepak/ros2_ws/src/core': CONDA_PROMPT_MODIFIER=(ros2) DEBUGINFOD_URLS=https://debuginfod.ubuntu.com PYTHONPATH=/home/deepak/ros2_ws/build/core/prefix_override:/usr/lib/python3/dist-packages/colcon_core/task/python/colcon_distutils_commands:/home/deepak/ros2_ws/install/core/lib/python3.12/site-packages:${PYTHONPATH} /usr/bin/python3 -W ignore:setup.py install is deprecated -W ignore:easy_install command is deprecated setup.py egg_info --egg-base ../../build/core build --build-base /home/deepak/ros2_ws/build/core/build install --record /home/deepak/ros2_ws/build/core/install.log --single-version-externally-managed install_data
[4.859s] Level 1:colcon.colcon_core.environment:checking '/home/deepak/ros2_ws/install/utilities' for CMake module files
[4.860s] Level 1:colcon.colcon_core.environment:checking '/home/deepak/ros2_ws/install/utilities' for CMake config files
[4.866s] DEBUG:colcon.colcon_core.event_handler.log_command:Invoked command in '/home/deepak/ros2_ws/src/utilities' returned '0': CONDA_PROMPT_MODIFIER=(ros2) DEBUGINFOD_URLS=https://debuginfod.ubuntu.com PYTHONPATH=/home/deepak/ros2_ws/build/utilities/prefix_override:/usr/lib/python3/dist-packages/colcon_core/task/python/colcon_distutils_commands:/home/deepak/ros2_ws/install/utilities/lib/python3.12/site-packages:${PYTHONPATH} /usr/bin/python3 -W ignore:setup.py install is deprecated -W ignore:easy_install command is deprecated setup.py egg_info --egg-base ../../build/utilities build --build-base /home/deepak/ros2_ws/build/utilities/build install --record /home/deepak/ros2_ws/build/utilities/install.log --single-version-externally-managed install_data
[4.871s] Level 1:colcon.colcon_core.environment:checking '/home/deepak/ros2_ws/install/utilities/lib'
[4.876s] Level 1:colcon.colcon_core.environment:checking '/home/deepak/ros2_ws/install/utilities/bin'
[4.876s] Level 1:colcon.colcon_core.environment:checking '/home/deepak/ros2_ws/install/utilities/lib/pkgconfig/utilities.pc'
[4.877s] Level 1:colcon.colcon_core.environment:checking '/home/deepak/ros2_ws/install/utilities/lib/python3.12/site-packages'
[4.877s] Level 1:colcon.colcon_core.shell:create_environment_hook('utilities', 'pythonpath')
[4.878s] INFO:colcon.colcon_core.shell:Creating environment hook '/home/deepak/ros2_ws/install/utilities/share/utilities/hook/pythonpath.ps1'
[4.879s] INFO:colcon.colcon_core.shell:Creating environment descriptor '/home/deepak/ros2_ws/install/utilities/share/utilities/hook/pythonpath.dsv'
[4.883s] INFO:colcon.colcon_core.shell:Creating environment hook '/home/deepak/ros2_ws/install/utilities/share/utilities/hook/pythonpath.sh'
[4.884s] Level 1:colcon.colcon_core.environment:checking '/home/deepak/ros2_ws/install/utilities/bin'
[4.884s] Level 1:colcon.colcon_core.environment:create_environment_scripts_only(utilities)
[4.886s] INFO:colcon.colcon_core.shell:Creating package script '/home/deepak/ros2_ws/install/utilities/share/utilities/package.ps1'
[4.893s] INFO:colcon.colcon_core.shell:Creating package descriptor '/home/deepak/ros2_ws/install/utilities/share/utilities/package.dsv'
[4.894s] INFO:colcon.colcon_core.shell:Creating package script '/home/deepak/ros2_ws/install/utilities/share/utilities/package.sh'
[4.897s] INFO:colcon.colcon_core.shell:Creating package script '/home/deepak/ros2_ws/install/utilities/share/utilities/package.bash'
[4.899s] INFO:colcon.colcon_core.shell:Creating package script '/home/deepak/ros2_ws/install/utilities/share/utilities/package.zsh'
[4.899s] Level 1:colcon.colcon_core.environment:create_file_with_runtime_dependencies(/home/deepak/ros2_ws/install/utilities/share/colcon-core/packages/utilities)
[4.980s] Level 1:colcon.colcon_core.environment:checking '/home/deepak/ros2_ws/install/launch' for CMake module files
[4.981s] Level 1:colcon.colcon_core.environment:checking '/home/deepak/ros2_ws/install/launch' for CMake config files
[4.982s] Level 1:colcon.colcon_core.environment:checking '/home/deepak/ros2_ws/install/launch/lib'
[4.982s] Level 1:colcon.colcon_core.environment:checking '/home/deepak/ros2_ws/install/launch/bin'
[4.982s] Level 1:colcon.colcon_core.environment:checking '/home/deepak/ros2_ws/install/launch/lib/pkgconfig/launch.pc'
[4.986s] Level 1:colcon.colcon_core.environment:checking '/home/deepak/ros2_ws/install/launch/lib/python3.12/site-packages'
[4.991s] Level 1:colcon.colcon_core.shell:create_environment_hook('launch', 'pythonpath')
[4.991s] INFO:colcon.colcon_core.shell:Creating environment hook '/home/deepak/ros2_ws/install/launch/share/launch/hook/pythonpath.ps1'
[4.992s] INFO:colcon.colcon_core.shell:Creating environment descriptor '/home/deepak/ros2_ws/install/launch/share/launch/hook/pythonpath.dsv'
[4.993s] INFO:colcon.colcon_core.shell:Creating environment hook '/home/deepak/ros2_ws/install/launch/share/launch/hook/pythonpath.sh'
[4.994s] Level 1:colcon.colcon_core.environment:checking '/home/deepak/ros2_ws/install/launch/bin'
[4.994s] Level 1:colcon.colcon_core.environment:create_environment_scripts_only(launch)
[4.995s] INFO:colcon.colcon_core.shell:Creating package script '/home/deepak/ros2_ws/install/launch/share/launch/package.ps1'
[4.998s] DEBUG:colcon.colcon_core.event_handler.log_command:Invoked command in '/home/deepak/ros2_ws/src/launch' returned '0': CONDA_PROMPT_MODIFIER=(ros2) DEBUGINFOD_URLS=https://debuginfod.ubuntu.com PYTHONPATH=/home/deepak/ros2_ws/build/launch/prefix_override:/usr/lib/python3/dist-packages/colcon_core/task/python/colcon_distutils_commands:/home/deepak/ros2_ws/install/launch/lib/python3.12/site-packages:${PYTHONPATH} /usr/bin/python3 -W ignore:setup.py install is deprecated -W ignore:easy_install command is deprecated setup.py egg_info --egg-base ../../build/launch build --build-base /home/deepak/ros2_ws/build/launch/build install --record /home/deepak/ros2_ws/build/launch/install.log --single-version-externally-managed install_data
[4.999s] INFO:colcon.colcon_core.shell:Creating package descriptor '/home/deepak/ros2_ws/install/launch/share/launch/package.dsv'
[5.000s] INFO:colcon.colcon_core.shell:Creating package script '/home/deepak/ros2_ws/install/launch/share/launch/package.sh'
[5.004s] INFO:colcon.colcon_core.shell:Creating package script '/home/deepak/ros2_ws/install/launch/share/launch/package.bash'
[5.006s] INFO:colcon.colcon_core.shell:Creating package script '/home/deepak/ros2_ws/install/launch/share/launch/package.zsh'
[5.007s] Level 1:colcon.colcon_core.environment:create_file_with_runtime_dependencies(/home/deepak/ros2_ws/install/launch/share/colcon-core/packages/launch)
[5.009s] Level 1:colcon.colcon_core.environment:checking '/home/deepak/ros2_ws/install/navigation' for CMake module files
[5.010s] DEBUG:colcon.colcon_core.event_handler.log_command:Invoked command in '/home/deepak/ros2_ws/src/navigation' returned '0': CONDA_PROMPT_MODIFIER=(ros2) DEBUGINFOD_URLS=https://debuginfod.ubuntu.com PYTHONPATH=/home/deepak/ros2_ws/build/navigation/prefix_override:/usr/lib/python3/dist-packages/colcon_core/task/python/colcon_distutils_commands:/home/deepak/ros2_ws/install/navigation/lib/python3.12/site-packages:${PYTHONPATH} /usr/bin/python3 -W ignore:setup.py install is deprecated -W ignore:easy_install command is deprecated setup.py egg_info --egg-base ../../build/navigation build --build-base /home/deepak/ros2_ws/build/navigation/build install --record /home/deepak/ros2_ws/build/navigation/install.log --single-version-externally-managed install_data
[5.011s] Level 1:colcon.colcon_core.environment:checking '/home/deepak/ros2_ws/install/navigation' for CMake config files
[5.012s] Level 1:colcon.colcon_core.environment:checking '/home/deepak/ros2_ws/install/navigation/lib'
[5.012s] Level 1:colcon.colcon_core.environment:checking '/home/deepak/ros2_ws/install/navigation/bin'
[5.012s] Level 1:colcon.colcon_core.environment:checking '/home/deepak/ros2_ws/install/navigation/lib/pkgconfig/navigation.pc'
[5.012s] Level 1:colcon.colcon_core.environment:checking '/home/deepak/ros2_ws/install/navigation/lib/python3.12/site-packages'
[5.012s] Level 1:colcon.colcon_core.shell:create_environment_hook('navigation', 'pythonpath')
[5.013s] INFO:colcon.colcon_core.shell:Creating environment hook '/home/deepak/ros2_ws/install/navigation/share/navigation/hook/pythonpath.ps1'
[5.014s] INFO:colcon.colcon_core.shell:Creating environment descriptor '/home/deepak/ros2_ws/install/navigation/share/navigation/hook/pythonpath.dsv'
[5.014s] INFO:colcon.colcon_core.shell:Creating environment hook '/home/deepak/ros2_ws/install/navigation/share/navigation/hook/pythonpath.sh'
[5.015s] Level 1:colcon.colcon_core.environment:checking '/home/deepak/ros2_ws/install/navigation/bin'
[5.015s] Level 1:colcon.colcon_core.environment:create_environment_scripts_only(navigation)
[5.016s] INFO:colcon.colcon_core.shell:Creating package script '/home/deepak/ros2_ws/install/navigation/share/navigation/package.ps1'
[5.017s] INFO:colcon.colcon_core.shell:Creating package descriptor '/home/deepak/ros2_ws/install/navigation/share/navigation/package.dsv'
[5.018s] INFO:colcon.colcon_core.shell:Creating package script '/home/deepak/ros2_ws/install/navigation/share/navigation/package.sh'
[5.020s] INFO:colcon.colcon_core.shell:Creating package script '/home/deepak/ros2_ws/install/navigation/share/navigation/package.bash'
[5.022s] INFO:colcon.colcon_core.shell:Creating package script '/home/deepak/ros2_ws/install/navigation/share/navigation/package.zsh'
[5.022s] Level 1:colcon.colcon_core.environment:create_file_with_runtime_dependencies(/home/deepak/ros2_ws/install/navigation/share/colcon-core/packages/navigation)
[5.024s] Level 1:colcon.colcon_core.environment:checking '/home/deepak/ros2_ws/install/arm_control' for CMake module files
[5.025s] Level 1:colcon.colcon_core.environment:checking '/home/deepak/ros2_ws/install/arm_control' for CMake config files
[5.026s] DEBUG:colcon.colcon_core.event_handler.log_command:Invoked command in '/home/deepak/ros2_ws/src/arm_control' returned '0': CONDA_PROMPT_MODIFIER=(ros2) DEBUGINFOD_URLS=https://debuginfod.ubuntu.com PYTHONPATH=/home/deepak/ros2_ws/build/arm_control/prefix_override:/usr/lib/python3/dist-packages/colcon_core/task/python/colcon_distutils_commands:/home/deepak/ros2_ws/install/arm_control/lib/python3.12/site-packages:${PYTHONPATH} /usr/bin/python3 -W ignore:setup.py install is deprecated -W ignore:easy_install command is deprecated setup.py egg_info --egg-base ../../build/arm_control build --build-base /home/deepak/ros2_ws/build/arm_control/build install --record /home/deepak/ros2_ws/build/arm_control/install.log --single-version-externally-managed install_data
[5.026s] Level 1:colcon.colcon_core.environment:checking '/home/deepak/ros2_ws/install/arm_control/lib'
[5.027s] Level 1:colcon.colcon_core.environment:checking '/home/deepak/ros2_ws/install/arm_control/bin'
[5.027s] Level 1:colcon.colcon_core.environment:checking '/home/deepak/ros2_ws/install/arm_control/lib/pkgconfig/arm_control.pc'
[5.027s] Level 1:colcon.colcon_core.environment:checking '/home/deepak/ros2_ws/install/arm_control/lib/python3.12/site-packages'
[5.027s] Level 1:colcon.colcon_core.shell:create_environment_hook('arm_control', 'pythonpath')
[5.027s] INFO:colcon.colcon_core.shell:Creating environment hook '/home/deepak/ros2_ws/install/arm_control/share/arm_control/hook/pythonpath.ps1'
[5.028s] INFO:colcon.colcon_core.shell:Creating environment descriptor '/home/deepak/ros2_ws/install/arm_control/share/arm_control/hook/pythonpath.dsv'
[5.028s] INFO:colcon.colcon_core.shell:Creating environment hook '/home/deepak/ros2_ws/install/arm_control/share/arm_control/hook/pythonpath.sh'
[5.029s] Level 1:colcon.colcon_core.environment:checking '/home/deepak/ros2_ws/install/arm_control/bin'
[5.030s] Level 1:colcon.colcon_core.environment:create_environment_scripts_only(arm_control)
[5.030s] INFO:colcon.colcon_core.shell:Creating package script '/home/deepak/ros2_ws/install/arm_control/share/arm_control/package.ps1'
[5.031s] INFO:colcon.colcon_core.shell:Creating package descriptor '/home/deepak/ros2_ws/install/arm_control/share/arm_control/package.dsv'
[5.033s] INFO:colcon.colcon_core.shell:Creating package script '/home/deepak/ros2_ws/install/arm_control/share/arm_control/package.sh'
[5.033s] INFO:colcon.colcon_core.shell:Creating package script '/home/deepak/ros2_ws/install/arm_control/share/arm_control/package.bash'
[5.034s] INFO:colcon.colcon_core.shell:Creating package script '/home/deepak/ros2_ws/install/arm_control/share/arm_control/package.zsh'
[5.034s] Level 1:colcon.colcon_core.environment:create_file_with_runtime_dependencies(/home/deepak/ros2_ws/install/arm_control/share/colcon-core/packages/arm_control)
[5.039s] Level 1:colcon.colcon_core.environment:checking '/home/deepak/ros2_ws/install/world' for CMake module files
[5.040s] DEBUG:colcon.colcon_core.event_handler.log_command:Invoked command in '/home/deepak/ros2_ws/src/world' returned '0': CONDA_PROMPT_MODIFIER=(ros2) DEBUGINFOD_URLS=https://debuginfod.ubuntu.com PYTHONPATH=/home/deepak/ros2_ws/build/world/prefix_override:/usr/lib/python3/dist-packages/colcon_core/task/python/colcon_distutils_commands:/home/deepak/ros2_ws/install/world/lib/python3.12/site-packages:${PYTHONPATH} /usr/bin/python3 -W ignore:setup.py install is deprecated -W ignore:easy_install command is deprecated setup.py egg_info --egg-base ../../build/world build --build-base /home/deepak/ros2_ws/build/world/build install --record /home/deepak/ros2_ws/build/world/install.log --single-version-externally-managed install_data
[5.041s] Level 1:colcon.colcon_core.environment:checking '/home/deepak/ros2_ws/install/world' for CMake config files
[5.042s] Level 1:colcon.colcon_core.environment:checking '/home/deepak/ros2_ws/install/world/lib'
[5.042s] Level 1:colcon.colcon_core.environment:checking '/home/deepak/ros2_ws/install/world/bin'
[5.043s] Level 1:colcon.colcon_core.environment:checking '/home/deepak/ros2_ws/install/world/lib/pkgconfig/world.pc'
[5.043s] Level 1:colcon.colcon_core.environment:checking '/home/deepak/ros2_ws/install/world/lib/python3.12/site-packages'
[5.044s] Level 1:colcon.colcon_core.shell:create_environment_hook('world', 'pythonpath')
[5.044s] INFO:colcon.colcon_core.shell:Creating environment hook '/home/deepak/ros2_ws/install/world/share/world/hook/pythonpath.ps1'
[5.045s] INFO:colcon.colcon_core.shell:Creating environment descriptor '/home/deepak/ros2_ws/install/world/share/world/hook/pythonpath.dsv'
[5.045s] INFO:colcon.colcon_core.shell:Creating environment hook '/home/deepak/ros2_ws/install/world/share/world/hook/pythonpath.sh'
[5.046s] Level 1:colcon.colcon_core.environment:checking '/home/deepak/ros2_ws/install/world/bin'
[5.046s] Level 1:colcon.colcon_core.environment:create_environment_scripts_only(world)
[5.046s] INFO:colcon.colcon_core.shell:Creating package script '/home/deepak/ros2_ws/install/world/share/world/package.ps1'
[5.047s] INFO:colcon.colcon_core.shell:Creating package descriptor '/home/deepak/ros2_ws/install/world/share/world/package.dsv'
[5.047s] INFO:colcon.colcon_core.shell:Creating package script '/home/deepak/ros2_ws/install/world/share/world/package.sh'
[5.048s] INFO:colcon.colcon_core.shell:Creating package script '/home/deepak/ros2_ws/install/world/share/world/package.bash'
[5.048s] INFO:colcon.colcon_core.shell:Creating package script '/home/deepak/ros2_ws/install/world/share/world/package.zsh'
[5.049s] Level 1:colcon.colcon_core.environment:create_file_with_runtime_dependencies(/home/deepak/ros2_ws/install/world/share/colcon-core/packages/world)
[5.049s] Level 1:colcon.colcon_core.environment:checking '/home/deepak/ros2_ws/install/perception' for CMake module files
[5.052s] Level 1:colcon.colcon_core.environment:checking '/home/deepak/ros2_ws/install/perception' for CMake config files
[5.053s] DEBUG:colcon.colcon_core.event_handler.log_command:Invoked command in '/home/deepak/ros2_ws/src/perception' returned '0': CONDA_PROMPT_MODIFIER=(ros2) DEBUGINFOD_URLS=https://debuginfod.ubuntu.com PYTHONPATH=/home/deepak/ros2_ws/build/perception/prefix_override:/usr/lib/python3/dist-packages/colcon_core/task/python/colcon_distutils_commands:/home/deepak/ros2_ws/install/perception/lib/python3.12/site-packages:${PYTHONPATH} /usr/bin/python3 -W ignore:setup.py install is deprecated -W ignore:easy_install command is deprecated setup.py egg_info --egg-base ../../build/perception build --build-base /home/deepak/ros2_ws/build/perception/build install --record /home/deepak/ros2_ws/build/perception/install.log --single-version-externally-managed install_data
[5.055s] Level 1:colcon.colcon_core.environment:checking '/home/deepak/ros2_ws/install/perception/lib'
[5.055s] Level 1:colcon.colcon_core.environment:checking '/home/deepak/ros2_ws/install/perception/bin'
[5.055s] Level 1:colcon.colcon_core.environment:checking '/home/deepak/ros2_ws/install/perception/lib/pkgconfig/perception.pc'
[5.056s] Level 1:colcon.colcon_core.environment:checking '/home/deepak/ros2_ws/install/perception/lib/python3.12/site-packages'
[5.056s] Level 1:colcon.colcon_core.shell:create_environment_hook('perception', 'pythonpath')
[5.056s] INFO:colcon.colcon_core.shell:Creating environment hook '/home/deepak/ros2_ws/install/perception/share/perception/hook/pythonpath.ps1'
[5.057s] INFO:colcon.colcon_core.shell:Creating environment descriptor '/home/deepak/ros2_ws/install/perception/share/perception/hook/pythonpath.dsv'
[5.057s] INFO:colcon.colcon_core.shell:Creating environment hook '/home/deepak/ros2_ws/install/perception/share/perception/hook/pythonpath.sh'
[5.058s] Level 1:colcon.colcon_core.environment:checking '/home/deepak/ros2_ws/install/perception/bin'
[5.058s] Level 1:colcon.colcon_core.environment:create_environment_scripts_only(perception)
[5.058s] INFO:colcon.colcon_core.shell:Creating package script '/home/deepak/ros2_ws/install/perception/share/perception/package.ps1'
[5.059s] INFO:colcon.colcon_core.shell:Creating package descriptor '/home/deepak/ros2_ws/install/perception/share/perception/package.dsv'
[5.059s] INFO:colcon.colcon_core.shell:Creating package script '/home/deepak/ros2_ws/install/perception/share/perception/package.sh'
[5.060s] INFO:colcon.colcon_core.shell:Creating package script '/home/deepak/ros2_ws/install/perception/share/perception/package.bash'
[5.061s] INFO:colcon.colcon_core.shell:Creating package script '/home/deepak/ros2_ws/install/perception/share/perception/package.zsh'
[5.062s] Level 1:colcon.colcon_core.environment:create_file_with_runtime_dependencies(/home/deepak/ros2_ws/install/perception/share/colcon-core/packages/perception)
[5.063s] Level 1:colcon.colcon_core.environment:checking '/home/deepak/ros2_ws/install/urdf' for CMake module files
[5.064s] Level 1:colcon.colcon_core.environment:checking '/home/deepak/ros2_ws/install/urdf' for CMake config files
[5.064s] DEBUG:colcon.colcon_core.event_handler.log_command:Invoked command in '/home/deepak/ros2_ws/src/urdf' returned '0': CONDA_PROMPT_MODIFIER=(ros2) DEBUGINFOD_URLS=https://debuginfod.ubuntu.com PYTHONPATH=/home/deepak/ros2_ws/build/urdf/prefix_override:/usr/lib/python3/dist-packages/colcon_core/task/python/colcon_distutils_commands:/home/deepak/ros2_ws/install/urdf/lib/python3.12/site-packages:${PYTHONPATH} /usr/bin/python3 -W ignore:setup.py install is deprecated -W ignore:easy_install command is deprecated setup.py egg_info --egg-base ../../build/urdf build --build-base /home/deepak/ros2_ws/build/urdf/build install --record /home/deepak/ros2_ws/build/urdf/install.log --single-version-externally-managed install_data
[5.065s] Level 1:colcon.colcon_core.environment:checking '/home/deepak/ros2_ws/install/urdf/lib'
[5.065s] Level 1:colcon.colcon_core.environment:checking '/home/deepak/ros2_ws/install/urdf/bin'
[5.065s] Level 1:colcon.colcon_core.environment:checking '/home/deepak/ros2_ws/install/urdf/lib/pkgconfig/urdf.pc'
[5.065s] Level 1:colcon.colcon_core.environment:checking '/home/deepak/ros2_ws/install/urdf/lib/python3.12/site-packages'
[5.066s] Level 1:colcon.colcon_core.shell:create_environment_hook('urdf', 'pythonpath')
[5.066s] INFO:colcon.colcon_core.shell:Creating environment hook '/home/deepak/ros2_ws/install/urdf/share/urdf/hook/pythonpath.ps1'
[5.066s] INFO:colcon.colcon_core.shell:Creating environment descriptor '/home/deepak/ros2_ws/install/urdf/share/urdf/hook/pythonpath.dsv'
[5.067s] INFO:colcon.colcon_core.shell:Creating environment hook '/home/deepak/ros2_ws/install/urdf/share/urdf/hook/pythonpath.sh'
[5.068s] Level 1:colcon.colcon_core.environment:checking '/home/deepak/ros2_ws/install/urdf/bin'
[5.068s] Level 1:colcon.colcon_core.environment:create_environment_scripts_only(urdf)
[5.069s] INFO:colcon.colcon_core.shell:Creating package script '/home/deepak/ros2_ws/install/urdf/share/urdf/package.ps1'
[5.071s] INFO:colcon.colcon_core.shell:Creating package descriptor '/home/deepak/ros2_ws/install/urdf/share/urdf/package.dsv'
[5.071s] INFO:colcon.colcon_core.shell:Creating package script '/home/deepak/ros2_ws/install/urdf/share/urdf/package.sh'
[5.072s] INFO:colcon.colcon_core.shell:Creating package script '/home/deepak/ros2_ws/install/urdf/share/urdf/package.bash'
[5.072s] INFO:colcon.colcon_core.shell:Creating package script '/home/deepak/ros2_ws/install/urdf/share/urdf/package.zsh'
[5.073s] Level 1:colcon.colcon_core.environment:create_file_with_runtime_dependencies(/home/deepak/ros2_ws/install/urdf/share/colcon-core/packages/urdf)
[5.074s] Level 1:colcon.colcon_core.environment:checking '/home/deepak/ros2_ws/install/core' for CMake module files
[5.075s] DEBUG:colcon.colcon_core.event_handler.log_command:Invoked command in '/home/deepak/ros2_ws/src/core' returned '0': CONDA_PROMPT_MODIFIER=(ros2) DEBUGINFOD_URLS=https://debuginfod.ubuntu.com PYTHONPATH=/home/deepak/ros2_ws/build/core/prefix_override:/usr/lib/python3/dist-packages/colcon_core/task/python/colcon_distutils_commands:/home/deepak/ros2_ws/install/core/lib/python3.12/site-packages:${PYTHONPATH} /usr/bin/python3 -W ignore:setup.py install is deprecated -W ignore:easy_install command is deprecated setup.py egg_info --egg-base ../../build/core build --build-base /home/deepak/ros2_ws/build/core/build install --record /home/deepak/ros2_ws/build/core/install.log --single-version-externally-managed install_data
[5.075s] Level 1:colcon.colcon_core.environment:checking '/home/deepak/ros2_ws/install/core' for CMake config files
[5.076s] Level 1:colcon.colcon_core.environment:checking '/home/deepak/ros2_ws/install/core/lib'
[5.077s] Level 1:colcon.colcon_core.environment:checking '/home/deepak/ros2_ws/install/core/bin'
[5.077s] Level 1:colcon.colcon_core.environment:checking '/home/deepak/ros2_ws/install/core/lib/pkgconfig/core.pc'
[5.077s] Level 1:colcon.colcon_core.environment:checking '/home/deepak/ros2_ws/install/core/lib/python3.12/site-packages'
[5.078s] Level 1:colcon.colcon_core.shell:create_environment_hook('core', 'pythonpath')
[5.078s] INFO:colcon.colcon_core.shell:Creating environment hook '/home/deepak/ros2_ws/install/core/share/core/hook/pythonpath.ps1'
[5.079s] INFO:colcon.colcon_core.shell:Creating environment descriptor '/home/deepak/ros2_ws/install/core/share/core/hook/pythonpath.dsv'
[5.079s] INFO:colcon.colcon_core.shell:Creating environment hook '/home/deepak/ros2_ws/install/core/share/core/hook/pythonpath.sh'
[5.080s] Level 1:colcon.colcon_core.environment:checking '/home/deepak/ros2_ws/install/core/bin'
[5.080s] Level 1:colcon.colcon_core.environment:create_environment_scripts_only(core)
[5.080s] INFO:colcon.colcon_core.shell:Creating package script '/home/deepak/ros2_ws/install/core/share/core/package.ps1'
[5.081s] INFO:colcon.colcon_core.shell:Creating package descriptor '/home/deepak/ros2_ws/install/core/share/core/package.dsv'
[5.081s] INFO:colcon.colcon_core.shell:Creating package script '/home/deepak/ros2_ws/install/core/share/core/package.sh'
[5.082s] INFO:colcon.colcon_core.shell:Creating package script '/home/deepak/ros2_ws/install/core/share/core/package.bash'
[5.082s] INFO:colcon.colcon_core.shell:Creating package script '/home/deepak/ros2_ws/install/core/share/core/package.zsh'
[5.083s] Level 1:colcon.colcon_core.environment:create_file_with_runtime_dependencies(/home/deepak/ros2_ws/install/core/share/colcon-core/packages/core)
[5.083s] DEBUG:colcon.colcon_parallel_executor.executor.parallel:closing loop
[5.084s] DEBUG:colcon.colcon_parallel_executor.executor.parallel:loop closed
[5.085s] DEBUG:colcon.colcon_parallel_executor.executor.parallel:run_until_complete finished with '0'
[5.085s] DEBUG:colcon.colcon_core.event_reactor:joining thread
[5.095s] INFO:colcon.colcon_core.plugin_system:Skipping extension 'colcon_notification.desktop_notification.terminal_notifier': Not used on non-Darwin systems
[5.095s] INFO:colcon.colcon_core.plugin_system:Skipping extension 'colcon_notification.desktop_notification.win32': Not used on non-Windows systems
[5.095s] INFO:colcon.colcon_notification.desktop_notification:Sending desktop notification using 'notify2'
[5.113s] DEBUG:colcon.colcon_core.event_reactor:joined thread
[5.113s] INFO:colcon.colcon_core.shell:Creating prefix script '/home/deepak/ros2_ws/install/local_setup.ps1'
[5.114s] INFO:colcon.colcon_core.shell:Creating prefix util module '/home/deepak/ros2_ws/install/_local_setup_util_ps1.py'
[5.115s] INFO:colcon.colcon_core.shell:Creating prefix chain script '/home/deepak/ros2_ws/install/setup.ps1'
[5.116s] INFO:colcon.colcon_core.shell:Creating prefix script '/home/deepak/ros2_ws/install/local_setup.sh'
[5.117s] INFO:colcon.colcon_core.shell:Creating prefix util module '/home/deepak/ros2_ws/install/_local_setup_util_sh.py'
[5.118s] INFO:colcon.colcon_core.shell:Creating prefix chain script '/home/deepak/ros2_ws/install/setup.sh'
[5.120s] INFO:colcon.colcon_core.shell:Creating prefix script '/home/deepak/ros2_ws/install/local_setup.bash'
[5.121s] INFO:colcon.colcon_core.shell:Creating prefix chain script '/home/deepak/ros2_ws/install/setup.bash'
[5.122s] INFO:colcon.colcon_core.shell:Creating prefix script '/home/deepak/ros2_ws/install/local_setup.zsh'
[5.123s] INFO:colcon.colcon_core.shell:Creating prefix chain script '/home/deepak/ros2_ws/install/setup.zsh'
