[3.429s] Invoking command in '/home/deepak/ros2_ws/src/navigation': CONDA_PROMPT_MODIFIER=(ros2) DEBUGINFOD_URLS=https://debuginfod.ubuntu.com PYTHONPATH=/home/deepak/ros2_ws/build/navigation/prefix_override:/usr/lib/python3/dist-packages/colcon_core/task/python/colcon_distutils_commands:/home/deepak/ros2_ws/install/navigation/lib/python3.12/site-packages:${PYTHONPATH} /usr/bin/python3 -W ignore:setup.py install is deprecated -W ignore:easy_install command is deprecated setup.py egg_info --egg-base ../../build/navigation build --build-base /home/deepak/ros2_ws/build/navigation/build install --record /home/deepak/ros2_ws/build/navigation/install.log --single-version-externally-managed install_data
[3.977s] running egg_info
[4.014s] writing ../../build/navigation/navigation.egg-info/PKG-INFO
[4.018s] writing dependency_links to ../../build/navigation/navigation.egg-info/dependency_links.txt
[4.019s] writing entry points to ../../build/navigation/navigation.egg-info/entry_points.txt
[4.019s] writing requirements to ../../build/navigation/navigation.egg-info/requires.txt
[4.019s] writing top-level names to ../../build/navigation/navigation.egg-info/top_level.txt
[4.119s] reading manifest file '../../build/navigation/navigation.egg-info/SOURCES.txt'
[4.121s] writing manifest file '../../build/navigation/navigation.egg-info/SOURCES.txt'
[4.122s] running build
[4.122s] running build_py
[4.129s] running install
[4.147s] running install_lib
[4.193s] running install_data
[4.193s] running install_egg_info
[4.245s] removing '/home/deepak/ros2_ws/install/navigation/lib/python3.12/site-packages/navigation-0.0.0-py3.12.egg-info' (and everything under it)
[4.246s] Copying ../../build/navigation/navigation.egg-info to /home/deepak/ros2_ws/install/navigation/lib/python3.12/site-packages/navigation-0.0.0-py3.12.egg-info
[4.246s] running install_scripts
[4.587s] Installing localization_node script to /home/deepak/ros2_ws/install/navigation/lib/navigation
[4.587s] Installing map_server_node script to /home/deepak/ros2_ws/install/navigation/lib/navigation
[4.587s] Installing navigation_node script to /home/deepak/ros2_ws/install/navigation/lib/navigation
[4.587s] Installing path_planning_node script to /home/deepak/ros2_ws/install/navigation/lib/navigation
[4.587s] writing list of installed files to '/home/deepak/ros2_ws/build/navigation/install.log'
[4.711s] Invoked command in '/home/deepak/ros2_ws/src/navigation' returned '0': CONDA_PROMPT_MODIFIER=(ros2) DEBUGINFOD_URLS=https://debuginfod.ubuntu.com PYTHONPATH=/home/deepak/ros2_ws/build/navigation/prefix_override:/usr/lib/python3/dist-packages/colcon_core/task/python/colcon_distutils_commands:/home/deepak/ros2_ws/install/navigation/lib/python3.12/site-packages:${PYTHONPATH} /usr/bin/python3 -W ignore:setup.py install is deprecated -W ignore:easy_install command is deprecated setup.py egg_info --egg-base ../../build/navigation build --build-base /home/deepak/ros2_ws/build/navigation/build install --record /home/deepak/ros2_ws/build/navigation/install.log --single-version-externally-managed install_data
