[3.266s] Invoking command in '/home/deepak/ros2_ws/src/launchfile': CONDA_PROMPT_MODIFIER=(ros2) DEBUGINFOD_URLS=https://debuginfod.ubuntu.com PYTHONPATH=/home/deepak/ros2_ws/build/launchfile/prefix_override:/usr/lib/python3/dist-packages/colcon_core/task/python/colcon_distutils_commands:/home/deepak/ros2_ws/install/launchfile/lib/python3.12/site-packages:${PYTHONPATH} /usr/bin/python3 -W ignore:setup.py install is deprecated -W ignore:easy_install command is deprecated setup.py egg_info --egg-base ../../build/launchfile build --build-base /home/deepak/ros2_ws/build/launchfile/build install --record /home/deepak/ros2_ws/build/launchfile/install.log --single-version-externally-managed install_data
[4.300s] running egg_info
[4.300s] creating ../../build/launchfile/launchfile.egg-info
[4.300s] writing ../../build/launchfile/launchfile.egg-info/PKG-INFO
[4.300s] writing dependency_links to ../../build/launchfile/launchfile.egg-info/dependency_links.txt
[4.300s] writing requirements to ../../build/launchfile/launchfile.egg-info/requires.txt
[4.303s] writing top-level names to ../../build/launchfile/launchfile.egg-info/top_level.txt
[4.304s] writing manifest file '../../build/launchfile/launchfile.egg-info/SOURCES.txt'
[4.304s] reading manifest file '../../build/launchfile/launchfile.egg-info/SOURCES.txt'
[4.304s] writing manifest file '../../build/launchfile/launchfile.egg-info/SOURCES.txt'
[4.304s] running build
[4.305s] running build_py
[4.306s] creating /home/deepak/ros2_ws/build/launchfile/build
[4.306s] creating /home/deepak/ros2_ws/build/launchfile/build/lib
[4.306s] creating /home/deepak/ros2_ws/build/launchfile/build/lib/launchfile
[4.306s] copying launchfile/robot_launch.py -> /home/deepak/ros2_ws/build/launchfile/build/lib/launchfile
[4.307s] copying launchfile/__init__.py -> /home/deepak/ros2_ws/build/launchfile/build/lib/launchfile
[4.311s] copying launchfile/simulation_launch.py -> /home/deepak/ros2_ws/build/launchfile/build/lib/launchfile
[4.311s] running install
[4.311s] running install_lib
[4.312s] creating /home/deepak/ros2_ws/install/launchfile/lib/python3.12/site-packages/launchfile
[4.312s] copying /home/deepak/ros2_ws/build/launchfile/build/lib/launchfile/simulation_launch.py -> /home/deepak/ros2_ws/install/launchfile/lib/python3.12/site-packages/launchfile
[4.312s] copying /home/deepak/ros2_ws/build/launchfile/build/lib/launchfile/__init__.py -> /home/deepak/ros2_ws/install/launchfile/lib/python3.12/site-packages/launchfile
[4.312s] copying /home/deepak/ros2_ws/build/launchfile/build/lib/launchfile/robot_launch.py -> /home/deepak/ros2_ws/install/launchfile/lib/python3.12/site-packages/launchfile
[4.312s] byte-compiling /home/deepak/ros2_ws/install/launchfile/lib/python3.12/site-packages/launchfile/simulation_launch.py to simulation_launch.cpython-312.pyc
[4.313s] byte-compiling /home/deepak/ros2_ws/install/launchfile/lib/python3.12/site-packages/launchfile/__init__.py to __init__.cpython-312.pyc
[4.313s] byte-compiling /home/deepak/ros2_ws/install/launchfile/lib/python3.12/site-packages/launchfile/robot_launch.py to robot_launch.cpython-312.pyc
[4.313s] running install_data
[4.313s] creating /home/deepak/ros2_ws/install/launchfile/share/ament_index
[4.313s] creating /home/deepak/ros2_ws/install/launchfile/share/ament_index/resource_index
[4.313s] creating /home/deepak/ros2_ws/install/launchfile/share/ament_index/resource_index/packages
[4.314s] copying resource/launchfile -> /home/deepak/ros2_ws/install/launchfile/share/ament_index/resource_index/packages
[4.329s] copying package.xml -> /home/deepak/ros2_ws/install/launchfile/share/launchfile
[4.329s] running install_egg_info
[4.329s] Copying ../../build/launchfile/launchfile.egg-info to /home/deepak/ros2_ws/install/launchfile/lib/python3.12/site-packages/launchfile-0.0.0-py3.12.egg-info
[4.330s] running install_scripts
[4.330s] writing list of installed files to '/home/deepak/ros2_ws/build/launchfile/install.log'
[4.464s] Invoked command in '/home/deepak/ros2_ws/src/launchfile' returned '0': CONDA_PROMPT_MODIFIER=(ros2) DEBUGINFOD_URLS=https://debuginfod.ubuntu.com PYTHONPATH=/home/deepak/ros2_ws/build/launchfile/prefix_override:/usr/lib/python3/dist-packages/colcon_core/task/python/colcon_distutils_commands:/home/deepak/ros2_ws/install/launchfile/lib/python3.12/site-packages:${PYTHONPATH} /usr/bin/python3 -W ignore:setup.py install is deprecated -W ignore:easy_install command is deprecated setup.py egg_info --egg-base ../../build/launchfile build --build-base /home/deepak/ros2_ws/build/launchfile/build install --record /home/deepak/ros2_ws/build/launchfile/install.log --single-version-externally-managed install_data
