/home/deepak/ros2_ws/install/navigation/lib/python3.12/site-packages/navigation/navigation_node.py
/home/deepak/ros2_ws/install/navigation/lib/python3.12/site-packages/navigation/map_server.py
/home/deepak/ros2_ws/install/navigation/lib/python3.12/site-packages/navigation/localization.py
/home/deepak/ros2_ws/install/navigation/lib/python3.12/site-packages/navigation/__init__.py
/home/deepak/ros2_ws/install/navigation/lib/python3.12/site-packages/navigation/path_planning.py
/home/deepak/ros2_ws/install/navigation/lib/python3.12/site-packages/navigation/__pycache__/navigation_node.cpython-312.pyc
/home/deepak/ros2_ws/install/navigation/lib/python3.12/site-packages/navigation/__pycache__/map_server.cpython-312.pyc
/home/deepak/ros2_ws/install/navigation/lib/python3.12/site-packages/navigation/__pycache__/localization.cpython-312.pyc
/home/deepak/ros2_ws/install/navigation/lib/python3.12/site-packages/navigation/__pycache__/__init__.cpython-312.pyc
/home/deepak/ros2_ws/install/navigation/lib/python3.12/site-packages/navigation/__pycache__/path_planning.cpython-312.pyc
/home/deepak/ros2_ws/install/navigation/share/ament_index/resource_index/packages/navigation
/home/deepak/ros2_ws/install/navigation/share/navigation/package.xml
/home/deepak/ros2_ws/install/navigation/lib/python3.12/site-packages/navigation-0.0.0-py3.12.egg-info/SOURCES.txt
/home/deepak/ros2_ws/install/navigation/lib/python3.12/site-packages/navigation-0.0.0-py3.12.egg-info/requires.txt
/home/deepak/ros2_ws/install/navigation/lib/python3.12/site-packages/navigation-0.0.0-py3.12.egg-info/PKG-INFO
/home/deepak/ros2_ws/install/navigation/lib/python3.12/site-packages/navigation-0.0.0-py3.12.egg-info/entry_points.txt
/home/deepak/ros2_ws/install/navigation/lib/python3.12/site-packages/navigation-0.0.0-py3.12.egg-info/dependency_links.txt
/home/deepak/ros2_ws/install/navigation/lib/python3.12/site-packages/navigation-0.0.0-py3.12.egg-info/top_level.txt
/home/deepak/ros2_ws/install/navigation/lib/python3.12/site-packages/navigation-0.0.0-py3.12.egg-info/zip-safe
/home/deepak/ros2_ws/install/navigation/lib/navigation/localization_node
/home/deepak/ros2_ws/install/navigation/lib/navigation/map_server_node
/home/deepak/ros2_ws/install/navigation/lib/navigation/navigation_node
/home/deepak/ros2_ws/install/navigation/lib/navigation/path_planning_node
