running egg_info
writing ../../build/perception/perception.egg-info/PKG-INFO
writing dependency_links to ../../build/perception/perception.egg-info/dependency_links.txt
writing entry points to ../../build/perception/perception.egg-info/entry_points.txt
writing requirements to ../../build/perception/perception.egg-info/requires.txt
writing top-level names to ../../build/perception/perception.egg-info/top_level.txt
reading manifest file '../../build/perception/perception.egg-info/SOURCES.txt'
writing manifest file '../../build/perception/perception.egg-info/SOURCES.txt'
running build
running build_py
running install
running install_lib
running install_data
running install_egg_info
removing '/home/deepak/ros2_ws/install/perception/lib/python3.12/site-packages/perception-0.0.0-py3.12.egg-info' (and everything under it)
Copying ../../build/perception/perception.egg-info to /home/deepak/ros2_ws/install/perception/lib/python3.12/site-packages/perception-0.0.0-py3.12.egg-info
running install_scripts
Installing camera_calibration_node script to /home/deepak/ros2_ws/install/perception/lib/perception
Installing data_collection_node script to /home/deepak/ros2_ws/install/perception/lib/perception
Installing image_processing_node script to /home/deepak/ros2_ws/install/perception/lib/perception
Installing object_detection_node script to /home/deepak/ros2_ws/install/perception/lib/perception
writing list of installed files to '/home/deepak/ros2_ws/build/perception/install.log'
