running egg_info
creating ../../build/urdfmodel/urdfmodel.egg-info
writing ../../build/urdfmodel/urdfmodel.egg-info/PKG-INFO
writing dependency_links to ../../build/urdfmodel/urdfmodel.egg-info/dependency_links.txt
writing requirements to ../../build/urdfmodel/urdfmodel.egg-info/requires.txt
writing top-level names to ../../build/urdfmodel/urdfmodel.egg-info/top_level.txt
writing manifest file '../../build/urdfmodel/urdfmodel.egg-info/SOURCES.txt'
reading manifest file '../../build/urdfmodel/urdfmodel.egg-info/SOURCES.txt'
writing manifest file '../../build/urdfmodel/urdfmodel.egg-info/SOURCES.txt'
running build
running build_py
creating /home/deepak/ros2_ws/build/urdfmodel/build
creating /home/deepak/ros2_ws/build/urdfmodel/build/lib
creating /home/deepak/ros2_ws/build/urdfmodel/build/lib/urdfmodel
copying urdfmodel/__init__.py -> /home/deepak/ros2_ws/build/urdfmodel/build/lib/urdfmodel
running install
running install_lib
creating /home/deepak/ros2_ws/install/urdfmodel/lib/python3.12/site-packages/urdfmodel
copying /home/deepak/ros2_ws/build/urdfmodel/build/lib/urdfmodel/__init__.py -> /home/deepak/ros2_ws/install/urdfmodel/lib/python3.12/site-packages/urdfmodel
byte-compiling /home/deepak/ros2_ws/install/urdfmodel/lib/python3.12/site-packages/urdfmodel/__init__.py to __init__.cpython-312.pyc
running install_data
creating /home/deepak/ros2_ws/install/urdfmodel/share/ament_index
creating /home/deepak/ros2_ws/install/urdfmodel/share/ament_index/resource_index
creating /home/deepak/ros2_ws/install/urdfmodel/share/ament_index/resource_index/packages
copying resource/urdfmodel -> /home/deepak/ros2_ws/install/urdfmodel/share/ament_index/resource_index/packages
copying package.xml -> /home/deepak/ros2_ws/install/urdfmodel/share/urdfmodel
running install_egg_info
Copying ../../build/urdfmodel/urdfmodel.egg-info to /home/deepak/ros2_ws/install/urdfmodel/lib/python3.12/site-packages/urdfmodel-0.0.0-py3.12.egg-info
running install_scripts
writing list of installed files to '/home/deepak/ros2_ws/build/urdfmodel/install.log'
