running egg_info
creating ../../build/launch/launch.egg-info
writing ../../build/launch/launch.egg-info/PKG-INFO
writing dependency_links to ../../build/launch/launch.egg-info/dependency_links.txt
writing requirements to ../../build/launch/launch.egg-info/requires.txt
writing top-level names to ../../build/launch/launch.egg-info/top_level.txt
writing manifest file '../../build/launch/launch.egg-info/SOURCES.txt'
reading manifest file '../../build/launch/launch.egg-info/SOURCES.txt'
writing manifest file '../../build/launch/launch.egg-info/SOURCES.txt'
running build
running build_py
creating /home/deepak/ros2_ws/build/launch/build
creating /home/deepak/ros2_ws/build/launch/build/lib
creating /home/deepak/ros2_ws/build/launch/build/lib/launch
copying launch/robot_launch.py -> /home/deepak/ros2_ws/build/launch/build/lib/launch
copying launch/__init__.py -> /home/deepak/ros2_ws/build/launch/build/lib/launch
copying launch/simulation_launch.py -> /home/deepak/ros2_ws/build/launch/build/lib/launch
running install
running install_lib
creating /home/deepak/ros2_ws/install/launch/lib/python3.12/site-packages/launch
copying /home/deepak/ros2_ws/build/launch/build/lib/launch/robot_launch.py -> /home/deepak/ros2_ws/install/launch/lib/python3.12/site-packages/launch
copying /home/deepak/ros2_ws/build/launch/build/lib/launch/simulation_launch.py -> /home/deepak/ros2_ws/install/launch/lib/python3.12/site-packages/launch
copying /home/deepak/ros2_ws/build/launch/build/lib/launch/__init__.py -> /home/deepak/ros2_ws/install/launch/lib/python3.12/site-packages/launch
byte-compiling /home/deepak/ros2_ws/install/launch/lib/python3.12/site-packages/launch/robot_launch.py to robot_launch.cpython-312.pyc
byte-compiling /home/deepak/ros2_ws/install/launch/lib/python3.12/site-packages/launch/simulation_launch.py to simulation_launch.cpython-312.pyc
byte-compiling /home/deepak/ros2_ws/install/launch/lib/python3.12/site-packages/launch/__init__.py to __init__.cpython-312.pyc
running install_data
creating /home/deepak/ros2_ws/install/launch/share/ament_index
creating /home/deepak/ros2_ws/install/launch/share/ament_index/resource_index
creating /home/deepak/ros2_ws/install/launch/share/ament_index/resource_index/packages
copying resource/launch -> /home/deepak/ros2_ws/install/launch/share/ament_index/resource_index/packages
copying package.xml -> /home/deepak/ros2_ws/install/launch/share/launch
running install_egg_info
Copying ../../build/launch/launch.egg-info to /home/deepak/ros2_ws/install/launch/lib/python3.12/site-packages/launch-0.0.0-py3.12.egg-info
running install_scripts
writing list of installed files to '/home/deepak/ros2_ws/build/launch/install.log'
