[3.266s] Invoking command in '/home/deepak/ros2_ws/src/core': CONDA_PROMPT_MODIFIER=(ros2) DEBUGINFOD_URLS=https://debuginfod.ubuntu.com PYTHONPATH=/home/deepak/ros2_ws/build/core/prefix_override:/usr/lib/python3/dist-packages/colcon_core/task/python/colcon_distutils_commands:/home/deepak/ros2_ws/install/core/lib/python3.12/site-packages:${PYTHONPATH} /usr/bin/python3 -W ignore:setup.py install is deprecated -W ignore:easy_install command is deprecated setup.py egg_info --egg-base ../../build/core build --build-base /home/deepak/ros2_ws/build/core/build install --record /home/deepak/ros2_ws/build/core/install.log --single-version-externally-managed install_data
[3.803s] running egg_info
[3.846s] writing ../../build/core/core.egg-info/PKG-INFO
[3.847s] writing dependency_links to ../../build/core/core.egg-info/dependency_links.txt
[3.847s] writing entry points to ../../build/core/core.egg-info/entry_points.txt
[3.849s] writing requirements to ../../build/core/core.egg-info/requires.txt
[3.849s] writing top-level names to ../../build/core/core.egg-info/top_level.txt
[3.921s] reading manifest file '../../build/core/core.egg-info/SOURCES.txt'
[3.923s] writing manifest file '../../build/core/core.egg-info/SOURCES.txt'
[3.923s] running build
[3.923s] running build_py
[3.924s] running install
[3.941s] running install_lib
[3.980s] running install_data
[3.980s] running install_egg_info
[4.021s] removing '/home/deepak/ros2_ws/install/core/lib/python3.12/site-packages/core-0.0.0-py3.12.egg-info' (and everything under it)
[4.021s] Copying ../../build/core/core.egg-info to /home/deepak/ros2_ws/install/core/lib/python3.12/site-packages/core-0.0.0-py3.12.egg-info
[4.024s] running install_scripts
[4.332s] Installing robot_control_node script to /home/deepak/ros2_ws/install/core/lib/core
[4.332s] Installing state_machine_node script to /home/deepak/ros2_ws/install/core/lib/core
[4.333s] writing list of installed files to '/home/deepak/ros2_ws/build/core/install.log'
[4.458s] Invoked command in '/home/deepak/ros2_ws/src/core' returned '0': CONDA_PROMPT_MODIFIER=(ros2) DEBUGINFOD_URLS=https://debuginfod.ubuntu.com PYTHONPATH=/home/deepak/ros2_ws/build/core/prefix_override:/usr/lib/python3/dist-packages/colcon_core/task/python/colcon_distutils_commands:/home/deepak/ros2_ws/install/core/lib/python3.12/site-packages:${PYTHONPATH} /usr/bin/python3 -W ignore:setup.py install is deprecated -W ignore:easy_install command is deprecated setup.py egg_info --egg-base ../../build/core build --build-base /home/deepak/ros2_ws/build/core/build install --record /home/deepak/ros2_ws/build/core/install.log --single-version-externally-managed install_data
