[3.238s] Invoking command in '/home/deepak/ros2_ws/src/navigation': CONDA_PROMPT_MODIFIER=(ros2) DEBUGINFOD_URLS=https://debuginfod.ubuntu.com PYTHONPATH=/home/deepak/ros2_ws/build/navigation/prefix_override:/usr/lib/python3/dist-packages/colcon_core/task/python/colcon_distutils_commands:/home/deepak/ros2_ws/install/navigation/lib/python3.12/site-packages:${PYTHONPATH} /usr/bin/python3 -W ignore:setup.py install is deprecated -W ignore:easy_install command is deprecated setup.py egg_info --egg-base ../../build/navigation build --build-base /home/deepak/ros2_ws/build/navigation/build install --record /home/deepak/ros2_ws/build/navigation/install.log --single-version-externally-managed install_data
[3.819s] running egg_info
[3.864s] writing ../../build/navigation/navigation.egg-info/PKG-INFO
[3.864s] writing dependency_links to ../../build/navigation/navigation.egg-info/dependency_links.txt
[3.865s] writing entry points to ../../build/navigation/navigation.egg-info/entry_points.txt
[3.865s] writing requirements to ../../build/navigation/navigation.egg-info/requires.txt
[3.865s] writing top-level names to ../../build/navigation/navigation.egg-info/top_level.txt
[3.949s] reading manifest file '../../build/navigation/navigation.egg-info/SOURCES.txt'
[3.951s] writing manifest file '../../build/navigation/navigation.egg-info/SOURCES.txt'
[3.952s] running build
[3.952s] running build_py
[3.953s] running install
[3.965s] running install_lib
[4.015s] running install_data
[4.015s] running install_egg_info
[4.058s] removing '/home/deepak/ros2_ws/install/navigation/lib/python3.12/site-packages/navigation-0.0.0-py3.12.egg-info' (and everything under it)
[4.059s] Copying ../../build/navigation/navigation.egg-info to /home/deepak/ros2_ws/install/navigation/lib/python3.12/site-packages/navigation-0.0.0-py3.12.egg-info
[4.062s] running install_scripts
[4.340s] Installing localization_node script to /home/deepak/ros2_ws/install/navigation/lib/navigation
[4.340s] Installing map_server_node script to /home/deepak/ros2_ws/install/navigation/lib/navigation
[4.341s] Installing navigation_node script to /home/deepak/ros2_ws/install/navigation/lib/navigation
[4.341s] Installing path_planning_node script to /home/deepak/ros2_ws/install/navigation/lib/navigation
[4.342s] writing list of installed files to '/home/deepak/ros2_ws/build/navigation/install.log'
[4.483s] Invoked command in '/home/deepak/ros2_ws/src/navigation' returned '0': CONDA_PROMPT_MODIFIER=(ros2) DEBUGINFOD_URLS=https://debuginfod.ubuntu.com PYTHONPATH=/home/deepak/ros2_ws/build/navigation/prefix_override:/usr/lib/python3/dist-packages/colcon_core/task/python/colcon_distutils_commands:/home/deepak/ros2_ws/install/navigation/lib/python3.12/site-packages:${PYTHONPATH} /usr/bin/python3 -W ignore:setup.py install is deprecated -W ignore:easy_install command is deprecated setup.py egg_info --egg-base ../../build/navigation build --build-base /home/deepak/ros2_ws/build/navigation/build install --record /home/deepak/ros2_ws/build/navigation/install.log --single-version-externally-managed install_data
