running egg_info
creating ../../build/perception/perception.egg-info
writing ../../build/perception/perception.egg-info/PKG-INFO
writing dependency_links to ../../build/perception/perception.egg-info/dependency_links.txt
writing entry points to ../../build/perception/perception.egg-info/entry_points.txt
writing requirements to ../../build/perception/perception.egg-info/requires.txt
writing top-level names to ../../build/perception/perception.egg-info/top_level.txt
writing manifest file '../../build/perception/perception.egg-info/SOURCES.txt'
reading manifest file '../../build/perception/perception.egg-info/SOURCES.txt'
writing manifest file '../../build/perception/perception.egg-info/SOURCES.txt'
running build
running build_py
creating /home/deepak/ros2_ws/build/perception/build
creating /home/deepak/ros2_ws/build/perception/build/lib
creating /home/deepak/ros2_ws/build/perception/build/lib/perception
copying perception/object_detection.py -> /home/deepak/ros2_ws/build/perception/build/lib/perception
copying perception/image_processing.py -> /home/deepak/ros2_ws/build/perception/build/lib/perception
copying perception/data_collection.py -> /home/deepak/ros2_ws/build/perception/build/lib/perception
copying perception/camera_calibration.py -> /home/deepak/ros2_ws/build/perception/build/lib/perception
copying perception/__init__.py -> /home/deepak/ros2_ws/build/perception/build/lib/perception
running install
running install_lib
creating /home/deepak/ros2_ws/install/perception/lib/python3.12/site-packages/perception
copying /home/deepak/ros2_ws/build/perception/build/lib/perception/__init__.py -> /home/deepak/ros2_ws/install/perception/lib/python3.12/site-packages/perception
copying /home/deepak/ros2_ws/build/perception/build/lib/perception/object_detection.py -> /home/deepak/ros2_ws/install/perception/lib/python3.12/site-packages/perception
copying /home/deepak/ros2_ws/build/perception/build/lib/perception/image_processing.py -> /home/deepak/ros2_ws/install/perception/lib/python3.12/site-packages/perception
copying /home/deepak/ros2_ws/build/perception/build/lib/perception/camera_calibration.py -> /home/deepak/ros2_ws/install/perception/lib/python3.12/site-packages/perception
copying /home/deepak/ros2_ws/build/perception/build/lib/perception/data_collection.py -> /home/deepak/ros2_ws/install/perception/lib/python3.12/site-packages/perception
byte-compiling /home/deepak/ros2_ws/install/perception/lib/python3.12/site-packages/perception/__init__.py to __init__.cpython-312.pyc
byte-compiling /home/deepak/ros2_ws/install/perception/lib/python3.12/site-packages/perception/object_detection.py to object_detection.cpython-312.pyc
byte-compiling /home/deepak/ros2_ws/install/perception/lib/python3.12/site-packages/perception/image_processing.py to image_processing.cpython-312.pyc
byte-compiling /home/deepak/ros2_ws/install/perception/lib/python3.12/site-packages/perception/camera_calibration.py to camera_calibration.cpython-312.pyc
byte-compiling /home/deepak/ros2_ws/install/perception/lib/python3.12/site-packages/perception/data_collection.py to data_collection.cpython-312.pyc
running install_data
creating /home/deepak/ros2_ws/install/perception/share/ament_index
creating /home/deepak/ros2_ws/install/perception/share/ament_index/resource_index
creating /home/deepak/ros2_ws/install/perception/share/ament_index/resource_index/packages
copying resource/perception -> /home/deepak/ros2_ws/install/perception/share/ament_index/resource_index/packages
copying package.xml -> /home/deepak/ros2_ws/install/perception/share/perception
running install_egg_info
Copying ../../build/perception/perception.egg-info to /home/deepak/ros2_ws/install/perception/lib/python3.12/site-packages/perception-0.0.0-py3.12.egg-info
running install_scripts
Installing camera_calibration_node script to /home/deepak/ros2_ws/install/perception/lib/perception
Installing data_collection_node script to /home/deepak/ros2_ws/install/perception/lib/perception
Installing image_processing_node script to /home/deepak/ros2_ws/install/perception/lib/perception
Installing object_detection_node script to /home/deepak/ros2_ws/install/perception/lib/perception
writing list of installed files to '/home/deepak/ros2_ws/build/perception/install.log'
