running egg_info
creating ../../build/core/core.egg-info
writing ../../build/core/core.egg-info/PKG-INFO
writing dependency_links to ../../build/core/core.egg-info/dependency_links.txt
writing entry points to ../../build/core/core.egg-info/entry_points.txt
writing requirements to ../../build/core/core.egg-info/requires.txt
writing top-level names to ../../build/core/core.egg-info/top_level.txt
writing manifest file '../../build/core/core.egg-info/SOURCES.txt'
reading manifest file '../../build/core/core.egg-info/SOURCES.txt'
writing manifest file '../../build/core/core.egg-info/SOURCES.txt'
running build
running build_py
creating /home/deepak/ros2_ws/build/core/build
creating /home/deepak/ros2_ws/build/core/build/lib
creating /home/deepak/ros2_ws/build/core/build/lib/core
copying core/__init__.py -> /home/deepak/ros2_ws/build/core/build/lib/core
copying core/parameters.py -> /home/deepak/ros2_ws/build/core/build/lib/core
copying core/robot_control.py -> /home/deepak/ros2_ws/build/core/build/lib/core
copying core/state_machine.py -> /home/deepak/ros2_ws/build/core/build/lib/core
running install
running install_lib
creating /home/deepak/ros2_ws/install/core/lib/python3.12/site-packages/core
copying /home/deepak/ros2_ws/build/core/build/lib/core/state_machine.py -> /home/deepak/ros2_ws/install/core/lib/python3.12/site-packages/core
copying /home/deepak/ros2_ws/build/core/build/lib/core/parameters.py -> /home/deepak/ros2_ws/install/core/lib/python3.12/site-packages/core
copying /home/deepak/ros2_ws/build/core/build/lib/core/robot_control.py -> /home/deepak/ros2_ws/install/core/lib/python3.12/site-packages/core
copying /home/deepak/ros2_ws/build/core/build/lib/core/__init__.py -> /home/deepak/ros2_ws/install/core/lib/python3.12/site-packages/core
byte-compiling /home/deepak/ros2_ws/install/core/lib/python3.12/site-packages/core/state_machine.py to state_machine.cpython-312.pyc
byte-compiling /home/deepak/ros2_ws/install/core/lib/python3.12/site-packages/core/parameters.py to parameters.cpython-312.pyc
byte-compiling /home/deepak/ros2_ws/install/core/lib/python3.12/site-packages/core/robot_control.py to robot_control.cpython-312.pyc
byte-compiling /home/deepak/ros2_ws/install/core/lib/python3.12/site-packages/core/__init__.py to __init__.cpython-312.pyc
running install_data
creating /home/deepak/ros2_ws/install/core/share/ament_index
creating /home/deepak/ros2_ws/install/core/share/ament_index/resource_index
creating /home/deepak/ros2_ws/install/core/share/ament_index/resource_index/packages
copying resource/core -> /home/deepak/ros2_ws/install/core/share/ament_index/resource_index/packages
copying package.xml -> /home/deepak/ros2_ws/install/core/share/core
running install_egg_info
Copying ../../build/core/core.egg-info to /home/deepak/ros2_ws/install/core/lib/python3.12/site-packages/core-0.0.0-py3.12.egg-info
running install_scripts
Installing robot_control_node script to /home/deepak/ros2_ws/install/core/lib/core
Installing state_machine_node script to /home/deepak/ros2_ws/install/core/lib/core
writing list of installed files to '/home/deepak/ros2_ws/build/core/install.log'
