running egg_info
writing ../../build/core/core.egg-info/PKG-INFO
writing dependency_links to ../../build/core/core.egg-info/dependency_links.txt
writing entry points to ../../build/core/core.egg-info/entry_points.txt
writing requirements to ../../build/core/core.egg-info/requires.txt
writing top-level names to ../../build/core/core.egg-info/top_level.txt
reading manifest file '../../build/core/core.egg-info/SOURCES.txt'
writing manifest file '../../build/core/core.egg-info/SOURCES.txt'
running build
running build_py
running install
running install_lib
running install_data
running install_egg_info
removing '/home/deepak/ros2_ws/install/core/lib/python3.12/site-packages/core-0.0.0-py3.12.egg-info' (and everything under it)
Copying ../../build/core/core.egg-info to /home/deepak/ros2_ws/install/core/lib/python3.12/site-packages/core-0.0.0-py3.12.egg-info
running install_scripts
Installing robot_control_node script to /home/deepak/ros2_ws/install/core/lib/core
Installing state_machine_node script to /home/deepak/ros2_ws/install/core/lib/core
writing list of installed files to '/home/deepak/ros2_ws/build/core/install.log'
