[3.124s] Invoking command in '/home/deepak/ros2_ws/src/utilities': CONDA_PROMPT_MODIFIER=(ros2) DEBUGINFOD_URLS=https://debuginfod.ubuntu.com PYTHONPATH=/home/deepak/ros2_ws/build/utilities/prefix_override:/usr/lib/python3/dist-packages/colcon_core/task/python/colcon_distutils_commands:/home/deepak/ros2_ws/install/utilities/lib/python3.12/site-packages:${PYTHONPATH} /usr/bin/python3 -W ignore:setup.py install is deprecated -W ignore:easy_install command is deprecated setup.py egg_info --egg-base ../../build/utilities build --build-base /home/deepak/ros2_ws/build/utilities/build install --record /home/deepak/ros2_ws/build/utilities/install.log --single-version-externally-managed install_data
[3.677s] running egg_info
[3.721s] writing ../../build/utilities/utilities.egg-info/PKG-INFO
[3.721s] writing dependency_links to ../../build/utilities/utilities.egg-info/dependency_links.txt
[3.721s] writing entry points to ../../build/utilities/utilities.egg-info/entry_points.txt
[3.722s] writing requirements to ../../build/utilities/utilities.egg-info/requires.txt
[3.722s] writing top-level names to ../../build/utilities/utilities.egg-info/top_level.txt
[3.798s] reading manifest file '../../build/utilities/utilities.egg-info/SOURCES.txt'
[3.800s] writing manifest file '../../build/utilities/utilities.egg-info/SOURCES.txt'
[3.801s] running build
[3.804s] running build_py
[3.805s] running install
[3.815s] running install_lib
[3.854s] running install_data
[3.854s] running install_egg_info
[3.899s] removing '/home/deepak/ros2_ws/install/utilities/lib/python3.12/site-packages/utilities-0.0.0-py3.12.egg-info' (and everything under it)
[3.900s] Copying ../../build/utilities/utilities.egg-info to /home/deepak/ros2_ws/install/utilities/lib/python3.12/site-packages/utilities-0.0.0-py3.12.egg-info
[3.918s] running install_scripts
[4.195s] Installing math_utils_node script to /home/deepak/ros2_ws/install/utilities/lib/utilities
[4.195s] Installing ros_utils_node script to /home/deepak/ros2_ws/install/utilities/lib/utilities
[4.196s] writing list of installed files to '/home/deepak/ros2_ws/build/utilities/install.log'
[4.293s] Invoked command in '/home/deepak/ros2_ws/src/utilities' returned '0': CONDA_PROMPT_MODIFIER=(ros2) DEBUGINFOD_URLS=https://debuginfod.ubuntu.com PYTHONPATH=/home/deepak/ros2_ws/build/utilities/prefix_override:/usr/lib/python3/dist-packages/colcon_core/task/python/colcon_distutils_commands:/home/deepak/ros2_ws/install/utilities/lib/python3.12/site-packages:${PYTHONPATH} /usr/bin/python3 -W ignore:setup.py install is deprecated -W ignore:easy_install command is deprecated setup.py egg_info --egg-base ../../build/utilities build --build-base /home/deepak/ros2_ws/build/utilities/build install --record /home/deepak/ros2_ws/build/utilities/install.log --single-version-externally-managed install_data
