[3.114s] Invoking command in '/home/deepak/ros2_ws/src/navigation': CONDA_PROMPT_MODIFIER=(ros2) DEBUGINFOD_URLS=https://debuginfod.ubuntu.com PYTHONPATH=/home/deepak/ros2_ws/build/navigation/prefix_override:/usr/lib/python3/dist-packages/colcon_core/task/python/colcon_distutils_commands:/home/deepak/ros2_ws/install/navigation/lib/python3.12/site-packages:${PYTHONPATH} /usr/bin/python3 -W ignore:setup.py install is deprecated -W ignore:easy_install command is deprecated setup.py egg_info --egg-base ../../build/navigation build --build-base /home/deepak/ros2_ws/build/navigation/build install --record /home/deepak/ros2_ws/build/navigation/install.log --single-version-externally-managed install_data
[3.662s] running egg_info
[3.664s] creating ../../build/navigation/navigation.egg-info
[3.701s] writing ../../build/navigation/navigation.egg-info/PKG-INFO
[3.701s] writing dependency_links to ../../build/navigation/navigation.egg-info/dependency_links.txt
[3.701s] writing entry points to ../../build/navigation/navigation.egg-info/entry_points.txt
[3.702s] writing requirements to ../../build/navigation/navigation.egg-info/requires.txt
[3.702s] writing top-level names to ../../build/navigation/navigation.egg-info/top_level.txt
[3.702s] writing manifest file '../../build/navigation/navigation.egg-info/SOURCES.txt'
[3.785s] reading manifest file '../../build/navigation/navigation.egg-info/SOURCES.txt'
[3.786s] writing manifest file '../../build/navigation/navigation.egg-info/SOURCES.txt'
[3.789s] running build
[3.789s] running build_py
[3.789s] creating /home/deepak/ros2_ws/build/navigation/build
[3.789s] creating /home/deepak/ros2_ws/build/navigation/build/lib
[3.790s] creating /home/deepak/ros2_ws/build/navigation/build/lib/navigation
[3.790s] copying navigation/navigation_node.py -> /home/deepak/ros2_ws/build/navigation/build/lib/navigation
[3.790s] copying navigation/map_server.py -> /home/deepak/ros2_ws/build/navigation/build/lib/navigation
[3.790s] copying navigation/localization.py -> /home/deepak/ros2_ws/build/navigation/build/lib/navigation
[3.790s] copying navigation/__init__.py -> /home/deepak/ros2_ws/build/navigation/build/lib/navigation
[3.790s] copying navigation/path_planning.py -> /home/deepak/ros2_ws/build/navigation/build/lib/navigation
[3.790s] running install
[3.801s] running install_lib
[3.850s] creating /home/deepak/ros2_ws/install/navigation/lib/python3.12/site-packages/navigation
[3.850s] copying /home/deepak/ros2_ws/build/navigation/build/lib/navigation/localization.py -> /home/deepak/ros2_ws/install/navigation/lib/python3.12/site-packages/navigation
[3.850s] copying /home/deepak/ros2_ws/build/navigation/build/lib/navigation/__init__.py -> /home/deepak/ros2_ws/install/navigation/lib/python3.12/site-packages/navigation
[3.851s] copying /home/deepak/ros2_ws/build/navigation/build/lib/navigation/path_planning.py -> /home/deepak/ros2_ws/install/navigation/lib/python3.12/site-packages/navigation
[3.851s] copying /home/deepak/ros2_ws/build/navigation/build/lib/navigation/navigation_node.py -> /home/deepak/ros2_ws/install/navigation/lib/python3.12/site-packages/navigation
[3.851s] copying /home/deepak/ros2_ws/build/navigation/build/lib/navigation/map_server.py -> /home/deepak/ros2_ws/install/navigation/lib/python3.12/site-packages/navigation
[3.851s] byte-compiling /home/deepak/ros2_ws/install/navigation/lib/python3.12/site-packages/navigation/localization.py to localization.cpython-312.pyc
[3.852s] byte-compiling /home/deepak/ros2_ws/install/navigation/lib/python3.12/site-packages/navigation/__init__.py to __init__.cpython-312.pyc
[3.853s] byte-compiling /home/deepak/ros2_ws/install/navigation/lib/python3.12/site-packages/navigation/path_planning.py to path_planning.cpython-312.pyc
[3.857s] byte-compiling /home/deepak/ros2_ws/install/navigation/lib/python3.12/site-packages/navigation/navigation_node.py to navigation_node.cpython-312.pyc
[3.857s] byte-compiling /home/deepak/ros2_ws/install/navigation/lib/python3.12/site-packages/navigation/map_server.py to map_server.cpython-312.pyc
[3.858s] running install_data
[3.858s] creating /home/deepak/ros2_ws/install/navigation/share/ament_index
[3.858s] creating /home/deepak/ros2_ws/install/navigation/share/ament_index/resource_index
[3.858s] creating /home/deepak/ros2_ws/install/navigation/share/ament_index/resource_index/packages
[3.859s] copying resource/navigation -> /home/deepak/ros2_ws/install/navigation/share/ament_index/resource_index/packages
[3.859s] copying package.xml -> /home/deepak/ros2_ws/install/navigation/share/navigation
[3.859s] running install_egg_info
[3.896s] Copying ../../build/navigation/navigation.egg-info to /home/deepak/ros2_ws/install/navigation/lib/python3.12/site-packages/navigation-0.0.0-py3.12.egg-info
[3.898s] running install_scripts
[4.187s] Installing localization_node script to /home/deepak/ros2_ws/install/navigation/lib/navigation
[4.188s] Installing map_server_node script to /home/deepak/ros2_ws/install/navigation/lib/navigation
[4.188s] Installing navigation_node script to /home/deepak/ros2_ws/install/navigation/lib/navigation
[4.189s] Installing path_planning_node script to /home/deepak/ros2_ws/install/navigation/lib/navigation
[4.189s] writing list of installed files to '/home/deepak/ros2_ws/build/navigation/install.log'
[4.342s] Invoked command in '/home/deepak/ros2_ws/src/navigation' returned '0': CONDA_PROMPT_MODIFIER=(ros2) DEBUGINFOD_URLS=https://debuginfod.ubuntu.com PYTHONPATH=/home/deepak/ros2_ws/build/navigation/prefix_override:/usr/lib/python3/dist-packages/colcon_core/task/python/colcon_distutils_commands:/home/deepak/ros2_ws/install/navigation/lib/python3.12/site-packages:${PYTHONPATH} /usr/bin/python3 -W ignore:setup.py install is deprecated -W ignore:easy_install command is deprecated setup.py egg_info --egg-base ../../build/navigation build --build-base /home/deepak/ros2_ws/build/navigation/build install --record /home/deepak/ros2_ws/build/navigation/install.log --single-version-externally-managed install_data
