[3.161s] Invoking command in '/home/deepak/ros2_ws/src/navigation': CONDA_PROMPT_MODIFIER=(ros2) DEBUGINFOD_URLS=https://debuginfod.ubuntu.com PYTHONPATH=/home/deepak/ros2_ws/build/navigation/prefix_override:/usr/lib/python3/dist-packages/colcon_core/task/python/colcon_distutils_commands:/home/deepak/ros2_ws/install/navigation/lib/python3.12/site-packages:${PYTHONPATH} /usr/bin/python3 -W ignore:setup.py install is deprecated -W ignore:easy_install command is deprecated setup.py egg_info --egg-base ../../build/navigation build --build-base /home/deepak/ros2_ws/build/navigation/build install --record /home/deepak/ros2_ws/build/navigation/install.log --single-version-externally-managed install_data
[3.756s] running egg_info
[3.789s] writing ../../build/navigation/navigation.egg-info/PKG-INFO
[3.790s] writing dependency_links to ../../build/navigation/navigation.egg-info/dependency_links.txt
[3.790s] writing entry points to ../../build/navigation/navigation.egg-info/entry_points.txt
[3.790s] writing requirements to ../../build/navigation/navigation.egg-info/requires.txt
[3.790s] writing top-level names to ../../build/navigation/navigation.egg-info/top_level.txt
[3.877s] reading manifest file '../../build/navigation/navigation.egg-info/SOURCES.txt'
[3.878s] writing manifest file '../../build/navigation/navigation.egg-info/SOURCES.txt'
[3.878s] running build
[3.878s] running build_py
[3.879s] running install
[3.894s] running install_lib
[3.934s] running install_data
[3.934s] running install_egg_info
[3.981s] removing '/home/deepak/ros2_ws/install/navigation/lib/python3.12/site-packages/navigation-0.0.0-py3.12.egg-info' (and everything under it)
[3.981s] Copying ../../build/navigation/navigation.egg-info to /home/deepak/ros2_ws/install/navigation/lib/python3.12/site-packages/navigation-0.0.0-py3.12.egg-info
[3.984s] running install_scripts
[4.264s] Installing localization_node script to /home/deepak/ros2_ws/install/navigation/lib/navigation
[4.264s] Installing map_server_node script to /home/deepak/ros2_ws/install/navigation/lib/navigation
[4.264s] Installing navigation_node script to /home/deepak/ros2_ws/install/navigation/lib/navigation
[4.264s] Installing path_planning_node script to /home/deepak/ros2_ws/install/navigation/lib/navigation
[4.265s] writing list of installed files to '/home/deepak/ros2_ws/build/navigation/install.log'
