/home/deepak/ros2_ws/install/arm_control/lib/python3.12/site-packages/arm_control/__init__.py
/home/deepak/ros2_ws/install/arm_control/lib/python3.12/site-packages/arm_control/arm_rl_training.py
/home/deepak/ros2_ws/install/arm_control/lib/python3.12/site-packages/arm_control/arm_utils.py
/home/deepak/ros2_ws/install/arm_control/lib/python3.12/site-packages/arm_control/arm_action_server.py
/home/deepak/ros2_ws/install/arm_control/lib/python3.12/site-packages/arm_control/arm_controller.py
/home/deepak/ros2_ws/install/arm_control/lib/python3.12/site-packages/arm_control/__pycache__/__init__.cpython-312.pyc
/home/deepak/ros2_ws/install/arm_control/lib/python3.12/site-packages/arm_control/__pycache__/arm_rl_training.cpython-312.pyc
/home/deepak/ros2_ws/install/arm_control/lib/python3.12/site-packages/arm_control/__pycache__/arm_utils.cpython-312.pyc
/home/deepak/ros2_ws/install/arm_control/lib/python3.12/site-packages/arm_control/__pycache__/arm_action_server.cpython-312.pyc
/home/deepak/ros2_ws/install/arm_control/lib/python3.12/site-packages/arm_control/__pycache__/arm_controller.cpython-312.pyc
/home/deepak/ros2_ws/install/arm_control/share/ament_index/resource_index/packages/arm_control
/home/deepak/ros2_ws/install/arm_control/share/arm_control/package.xml
/home/deepak/ros2_ws/install/arm_control/lib/python3.12/site-packages/arm_control-0.0.0-py3.12.egg-info/top_level.txt
/home/deepak/ros2_ws/install/arm_control/lib/python3.12/site-packages/arm_control-0.0.0-py3.12.egg-info/PKG-INFO
/home/deepak/ros2_ws/install/arm_control/lib/python3.12/site-packages/arm_control-0.0.0-py3.12.egg-info/SOURCES.txt
/home/deepak/ros2_ws/install/arm_control/lib/python3.12/site-packages/arm_control-0.0.0-py3.12.egg-info/dependency_links.txt
/home/deepak/ros2_ws/install/arm_control/lib/python3.12/site-packages/arm_control-0.0.0-py3.12.egg-info/zip-safe
/home/deepak/ros2_ws/install/arm_control/lib/python3.12/site-packages/arm_control-0.0.0-py3.12.egg-info/requires.txt
/home/deepak/ros2_ws/install/arm_control/lib/python3.12/site-packages/arm_control-0.0.0-py3.12.egg-info/entry_points.txt
/home/deepak/ros2_ws/install/arm_control/lib/arm_control/arm_action_server_node
/home/deepak/ros2_ws/install/arm_control/lib/arm_control/arm_controller_node
/home/deepak/ros2_ws/install/arm_control/lib/arm_control/arm_rl_training_node
