/home/deepak/ros2_ws/install/perception/lib/python3.12/site-packages/perception/object_detection.py
/home/deepak/ros2_ws/install/perception/lib/python3.12/site-packages/perception/image_processing.py
/home/deepak/ros2_ws/install/perception/lib/python3.12/site-packages/perception/data_collection.py
/home/deepak/ros2_ws/install/perception/lib/python3.12/site-packages/perception/camera_calibration.py
/home/deepak/ros2_ws/install/perception/lib/python3.12/site-packages/perception/__init__.py
/home/deepak/ros2_ws/install/perception/lib/python3.12/site-packages/perception/__pycache__/object_detection.cpython-312.pyc
/home/deepak/ros2_ws/install/perception/lib/python3.12/site-packages/perception/__pycache__/image_processing.cpython-312.pyc
/home/deepak/ros2_ws/install/perception/lib/python3.12/site-packages/perception/__pycache__/data_collection.cpython-312.pyc
/home/deepak/ros2_ws/install/perception/lib/python3.12/site-packages/perception/__pycache__/camera_calibration.cpython-312.pyc
/home/deepak/ros2_ws/install/perception/lib/python3.12/site-packages/perception/__pycache__/__init__.cpython-312.pyc
/home/deepak/ros2_ws/install/perception/share/ament_index/resource_index/packages/perception
/home/deepak/ros2_ws/install/perception/share/perception/package.xml
/home/deepak/ros2_ws/install/perception/lib/python3.12/site-packages/perception-0.0.0-py3.12.egg-info/PKG-INFO
/home/deepak/ros2_ws/install/perception/lib/python3.12/site-packages/perception-0.0.0-py3.12.egg-info/SOURCES.txt
/home/deepak/ros2_ws/install/perception/lib/python3.12/site-packages/perception-0.0.0-py3.12.egg-info/top_level.txt
/home/deepak/ros2_ws/install/perception/lib/python3.12/site-packages/perception-0.0.0-py3.12.egg-info/requires.txt
/home/deepak/ros2_ws/install/perception/lib/python3.12/site-packages/perception-0.0.0-py3.12.egg-info/dependency_links.txt
/home/deepak/ros2_ws/install/perception/lib/python3.12/site-packages/perception-0.0.0-py3.12.egg-info/zip-safe
/home/deepak/ros2_ws/install/perception/lib/python3.12/site-packages/perception-0.0.0-py3.12.egg-info/entry_points.txt
/home/deepak/ros2_ws/install/perception/lib/perception/camera_calibration_node
/home/deepak/ros2_ws/install/perception/lib/perception/data_collection_node
/home/deepak/ros2_ws/install/perception/lib/perception/image_processing_node
/home/deepak/ros2_ws/install/perception/lib/perception/object_detection_node
