running egg_info
creating ../../build/arm_control/arm_control.egg-info
writing ../../build/arm_control/arm_control.egg-info/PKG-INFO
writing dependency_links to ../../build/arm_control/arm_control.egg-info/dependency_links.txt
writing entry points to ../../build/arm_control/arm_control.egg-info/entry_points.txt
writing requirements to ../../build/arm_control/arm_control.egg-info/requires.txt
writing top-level names to ../../build/arm_control/arm_control.egg-info/top_level.txt
writing manifest file '../../build/arm_control/arm_control.egg-info/SOURCES.txt'
reading manifest file '../../build/arm_control/arm_control.egg-info/SOURCES.txt'
writing manifest file '../../build/arm_control/arm_control.egg-info/SOURCES.txt'
running build
running build_py
creating /home/deepak/ros2_ws/build/arm_control/build
creating /home/deepak/ros2_ws/build/arm_control/build/lib
creating /home/deepak/ros2_ws/build/arm_control/build/lib/arm_control
copying arm_control/__init__.py -> /home/deepak/ros2_ws/build/arm_control/build/lib/arm_control
copying arm_control/arm_rl_training.py -> /home/deepak/ros2_ws/build/arm_control/build/lib/arm_control
copying arm_control/arm_utils.py -> /home/deepak/ros2_ws/build/arm_control/build/lib/arm_control
copying arm_control/arm_action_server.py -> /home/deepak/ros2_ws/build/arm_control/build/lib/arm_control
copying arm_control/arm_controller.py -> /home/deepak/ros2_ws/build/arm_control/build/lib/arm_control
running install
running install_lib
creating /home/deepak/ros2_ws/install/arm_control/lib/python3.12/site-packages/arm_control
copying /home/deepak/ros2_ws/build/arm_control/build/lib/arm_control/__init__.py -> /home/deepak/ros2_ws/install/arm_control/lib/python3.12/site-packages/arm_control
copying /home/deepak/ros2_ws/build/arm_control/build/lib/arm_control/arm_rl_training.py -> /home/deepak/ros2_ws/install/arm_control/lib/python3.12/site-packages/arm_control
copying /home/deepak/ros2_ws/build/arm_control/build/lib/arm_control/arm_controller.py -> /home/deepak/ros2_ws/install/arm_control/lib/python3.12/site-packages/arm_control
copying /home/deepak/ros2_ws/build/arm_control/build/lib/arm_control/arm_utils.py -> /home/deepak/ros2_ws/install/arm_control/lib/python3.12/site-packages/arm_control
copying /home/deepak/ros2_ws/build/arm_control/build/lib/arm_control/arm_action_server.py -> /home/deepak/ros2_ws/install/arm_control/lib/python3.12/site-packages/arm_control
byte-compiling /home/deepak/ros2_ws/install/arm_control/lib/python3.12/site-packages/arm_control/__init__.py to __init__.cpython-312.pyc
byte-compiling /home/deepak/ros2_ws/install/arm_control/lib/python3.12/site-packages/arm_control/arm_rl_training.py to arm_rl_training.cpython-312.pyc
byte-compiling /home/deepak/ros2_ws/install/arm_control/lib/python3.12/site-packages/arm_control/arm_controller.py to arm_controller.cpython-312.pyc
byte-compiling /home/deepak/ros2_ws/install/arm_control/lib/python3.12/site-packages/arm_control/arm_utils.py to arm_utils.cpython-312.pyc
byte-compiling /home/deepak/ros2_ws/install/arm_control/lib/python3.12/site-packages/arm_control/arm_action_server.py to arm_action_server.cpython-312.pyc
running install_data
creating /home/deepak/ros2_ws/install/arm_control/share/ament_index
creating /home/deepak/ros2_ws/install/arm_control/share/ament_index/resource_index
creating /home/deepak/ros2_ws/install/arm_control/share/ament_index/resource_index/packages
copying resource/arm_control -> /home/deepak/ros2_ws/install/arm_control/share/ament_index/resource_index/packages
copying package.xml -> /home/deepak/ros2_ws/install/arm_control/share/arm_control
running install_egg_info
Copying ../../build/arm_control/arm_control.egg-info to /home/deepak/ros2_ws/install/arm_control/lib/python3.12/site-packages/arm_control-0.0.0-py3.12.egg-info
running install_scripts
Installing arm_action_server_node script to /home/deepak/ros2_ws/install/arm_control/lib/arm_control
Installing arm_controller_node script to /home/deepak/ros2_ws/install/arm_control/lib/arm_control
Installing arm_rl_training_node script to /home/deepak/ros2_ws/install/arm_control/lib/arm_control
writing list of installed files to '/home/deepak/ros2_ws/build/arm_control/install.log'
