running egg_info
writing ../../build/utilities/utilities.egg-info/PKG-INFO
writing dependency_links to ../../build/utilities/utilities.egg-info/dependency_links.txt
writing entry points to ../../build/utilities/utilities.egg-info/entry_points.txt
writing requirements to ../../build/utilities/utilities.egg-info/requires.txt
writing top-level names to ../../build/utilities/utilities.egg-info/top_level.txt
reading manifest file '../../build/utilities/utilities.egg-info/SOURCES.txt'
writing manifest file '../../build/utilities/utilities.egg-info/SOURCES.txt'
running build
running build_py
running install
running install_lib
running install_data
running install_egg_info
removing '/home/deepak/ros2_ws/install/utilities/lib/python3.12/site-packages/utilities-0.0.0-py3.12.egg-info' (and everything under it)
Copying ../../build/utilities/utilities.egg-info to /home/deepak/ros2_ws/install/utilities/lib/python3.12/site-packages/utilities-0.0.0-py3.12.egg-info
running install_scripts
Installing math_utils_node script to /home/deepak/ros2_ws/install/utilities/lib/utilities
Installing ros_utils_node script to /home/deepak/ros2_ws/install/utilities/lib/utilities
writing list of installed files to '/home/deepak/ros2_ws/build/utilities/install.log'
