[3.269s] Invoking command in '/home/deepak/ros2_ws/src/utilities': CONDA_PROMPT_MODIFIER=(ros2) DEBUGINFOD_URLS=https://debuginfod.ubuntu.com PYTHONPATH=/home/deepak/ros2_ws/build/utilities/prefix_override:/usr/lib/python3/dist-packages/colcon_core/task/python/colcon_distutils_commands:/home/deepak/ros2_ws/install/utilities/lib/python3.12/site-packages:${PYTHONPATH} /usr/bin/python3 -W ignore:setup.py install is deprecated -W ignore:easy_install command is deprecated setup.py egg_info --egg-base ../../build/utilities build --build-base /home/deepak/ros2_ws/build/utilities/build install --record /home/deepak/ros2_ws/build/utilities/install.log --single-version-externally-managed install_data
[4.310s] running egg_info
[4.310s] writing ../../build/utilities/utilities.egg-info/PKG-INFO
[4.311s] writing dependency_links to ../../build/utilities/utilities.egg-info/dependency_links.txt
[4.311s] writing entry points to ../../build/utilities/utilities.egg-info/entry_points.txt
[4.311s] writing requirements to ../../build/utilities/utilities.egg-info/requires.txt
[4.311s] writing top-level names to ../../build/utilities/utilities.egg-info/top_level.txt
[4.311s] reading manifest file '../../build/utilities/utilities.egg-info/SOURCES.txt'
[4.311s] writing manifest file '../../build/utilities/utilities.egg-info/SOURCES.txt'
[4.312s] running build
[4.312s] running build_py
[4.312s] running install
[4.312s] running install_lib
[4.312s] running install_data
[4.313s] running install_egg_info
[4.313s] removing '/home/deepak/ros2_ws/install/utilities/lib/python3.12/site-packages/utilities-0.0.0-py3.12.egg-info' (and everything under it)
[4.313s] Copying ../../build/utilities/utilities.egg-info to /home/deepak/ros2_ws/install/utilities/lib/python3.12/site-packages/utilities-0.0.0-py3.12.egg-info
[4.317s] running install_scripts
[4.432s] Installing math_utils_node script to /home/deepak/ros2_ws/install/utilities/lib/utilities
[4.432s] Installing ros_utils_node script to /home/deepak/ros2_ws/install/utilities/lib/utilities
[4.433s] writing list of installed files to '/home/deepak/ros2_ws/build/utilities/install.log'
[4.518s] Invoked command in '/home/deepak/ros2_ws/src/utilities' returned '0': CONDA_PROMPT_MODIFIER=(ros2) DEBUGINFOD_URLS=https://debuginfod.ubuntu.com PYTHONPATH=/home/deepak/ros2_ws/build/utilities/prefix_override:/usr/lib/python3/dist-packages/colcon_core/task/python/colcon_distutils_commands:/home/deepak/ros2_ws/install/utilities/lib/python3.12/site-packages:${PYTHONPATH} /usr/bin/python3 -W ignore:setup.py install is deprecated -W ignore:easy_install command is deprecated setup.py egg_info --egg-base ../../build/utilities build --build-base /home/deepak/ros2_ws/build/utilities/build install --record /home/deepak/ros2_ws/build/utilities/install.log --single-version-externally-managed install_data
