running egg_info
writing ../../build/arm_control/arm_control.egg-info/PKG-INFO
writing dependency_links to ../../build/arm_control/arm_control.egg-info/dependency_links.txt
writing entry points to ../../build/arm_control/arm_control.egg-info/entry_points.txt
writing requirements to ../../build/arm_control/arm_control.egg-info/requires.txt
writing top-level names to ../../build/arm_control/arm_control.egg-info/top_level.txt
reading manifest file '../../build/arm_control/arm_control.egg-info/SOURCES.txt'
writing manifest file '../../build/arm_control/arm_control.egg-info/SOURCES.txt'
running build
running build_py
running install
running install_lib
running install_data
running install_egg_info
removing '/home/deepak/ros2_ws/install/arm_control/lib/python3.12/site-packages/arm_control-0.0.0-py3.12.egg-info' (and everything under it)
Copying ../../build/arm_control/arm_control.egg-info to /home/deepak/ros2_ws/install/arm_control/lib/python3.12/site-packages/arm_control-0.0.0-py3.12.egg-info
running install_scripts
Installing arm_action_server_node script to /home/deepak/ros2_ws/install/arm_control/lib/arm_control
Installing arm_controller_node script to /home/deepak/ros2_ws/install/arm_control/lib/arm_control
Installing arm_rl_training_node script to /home/deepak/ros2_ws/install/arm_control/lib/arm_control
writing list of installed files to '/home/deepak/ros2_ws/build/arm_control/install.log'
