[3.246s] Invoking command in '/home/deepak/ros2_ws/src/arm_control': CONDA_PROMPT_MODIFIER=(ros2) DEBUGINFOD_URLS=https://debuginfod.ubuntu.com PYTHONPATH=/home/deepak/ros2_ws/build/arm_control/prefix_override:/usr/lib/python3/dist-packages/colcon_core/task/python/colcon_distutils_commands:/home/deepak/ros2_ws/install/arm_control/lib/python3.12/site-packages:${PYTHONPATH} /usr/bin/python3 -W ignore:setup.py install is deprecated -W ignore:easy_install command is deprecated setup.py egg_info --egg-base ../../build/arm_control build --build-base /home/deepak/ros2_ws/build/arm_control/build install --record /home/deepak/ros2_ws/build/arm_control/install.log --single-version-externally-managed install_data
[3.789s] running egg_info
[3.838s] writing ../../build/arm_control/arm_control.egg-info/PKG-INFO
[3.839s] writing dependency_links to ../../build/arm_control/arm_control.egg-info/dependency_links.txt
[3.839s] writing entry points to ../../build/arm_control/arm_control.egg-info/entry_points.txt
[3.839s] writing requirements to ../../build/arm_control/arm_control.egg-info/requires.txt
[3.839s] writing top-level names to ../../build/arm_control/arm_control.egg-info/top_level.txt
[3.918s] reading manifest file '../../build/arm_control/arm_control.egg-info/SOURCES.txt'
[3.920s] writing manifest file '../../build/arm_control/arm_control.egg-info/SOURCES.txt'
[3.923s] running build
[3.923s] running build_py
[3.924s] running install
[3.942s] running install_lib
[3.982s] running install_data
[3.983s] running install_egg_info
[4.035s] removing '/home/deepak/ros2_ws/install/arm_control/lib/python3.12/site-packages/arm_control-0.0.0-py3.12.egg-info' (and everything under it)
[4.035s] Copying ../../build/arm_control/arm_control.egg-info to /home/deepak/ros2_ws/install/arm_control/lib/python3.12/site-packages/arm_control-0.0.0-py3.12.egg-info
[4.036s] running install_scripts
[4.323s] Installing arm_action_server_node script to /home/deepak/ros2_ws/install/arm_control/lib/arm_control
[4.323s] Installing arm_controller_node script to /home/deepak/ros2_ws/install/arm_control/lib/arm_control
[4.323s] Installing arm_rl_training_node script to /home/deepak/ros2_ws/install/arm_control/lib/arm_control
[4.324s] writing list of installed files to '/home/deepak/ros2_ws/build/arm_control/install.log'
