[0.110s] DEBUG:colcon:Command line arguments: ['/usr/bin/colcon', 'build']
[0.111s] DEBUG:colcon:Parsed command line arguments: Namespace(log_base=None, log_level=None, verb_name='build', build_base='build', install_base='install', merge_install=False, symlink_install=False, test_result_base=None, continue_on_error=False, executor='parallel', parallel_workers=8, event_handlers=None, ignore_user_meta=False, metas=['./colcon.meta'], base_paths=['.'], packages_ignore=None, packages_ignore_regex=None, paths=None, packages_up_to=None, packages_up_to_regex=None, packages_above=None, packages_above_and_dependencies=None, packages_above_depth=None, packages_select_by_dep=None, packages_skip_by_dep=None, packages_skip_up_to=None, packages_select_build_failed=False, packages_skip_build_finished=False, packages_select_test_failures=False, packages_skip_test_passed=False, packages_select=None, packages_skip=None, packages_select_regex=None, packages_skip_regex=None, packages_start=None, packages_end=None, allow_overriding=[], cmake_args=None, cmake_target=None, cmake_target_skip_unavailable=False, cmake_clean_cache=False, cmake_clean_first=False, cmake_force_configure=False, ament_cmake_args=None, catkin_cmake_args=None, catkin_skip_building_tests=False, mixin_files=None, mixin=None, verb_parser=<colcon_mixin.mixin.mixin_argument.MixinArgumentDecorator object at 0x79a64cc5f110>, verb_extension=<colcon_core.verb.build.BuildVerb object at 0x79a64cdd3740>, main=<bound method BuildVerb.main of <colcon_core.verb.build.BuildVerb object at 0x79a64cdd3740>>, mixin_verb=('build',))
[0.147s] Level 1:colcon.colcon_core.package_discovery:discover_packages(colcon_meta) check parameters
[0.148s] Level 1:colcon.colcon_core.package_discovery:discover_packages(recursive) check parameters
[0.148s] Level 1:colcon.colcon_core.package_discovery:discover_packages(ignore) check parameters
[0.148s] Level 1:colcon.colcon_core.package_discovery:discover_packages(path) check parameters
[0.148s] Level 1:colcon.colcon_core.package_discovery:discover_packages(colcon_meta) discover
[0.148s] Level 1:colcon.colcon_core.package_discovery:discover_packages(recursive) discover
[0.148s] INFO:colcon.colcon_core.package_discovery:Crawling recursively for packages in '/home/deepak/ros2_ws'
[0.148s] Level 1:colcon.colcon_core.package_identification:_identify(.) by extensions ['ignore', 'ignore_ament_install']
[0.148s] Level 1:colcon.colcon_core.package_identification:_identify(.) by extension 'ignore'
[0.148s] Level 1:colcon.colcon_core.package_identification:_identify(.) by extension 'ignore_ament_install'
[0.148s] Level 1:colcon.colcon_core.package_identification:_identify(.) by extensions ['colcon_pkg']
[0.148s] Level 1:colcon.colcon_core.package_identification:_identify(.) by extension 'colcon_pkg'
[0.148s] Level 1:colcon.colcon_core.package_identification:_identify(.) by extensions ['colcon_meta']
[0.148s] Level 1:colcon.colcon_core.package_identification:_identify(.) by extension 'colcon_meta'
[0.148s] Level 1:colcon.colcon_core.package_identification:_identify(.) by extensions ['ros']
[0.148s] Level 1:colcon.colcon_core.package_identification:_identify(.) by extension 'ros'
[0.171s] Level 1:colcon.colcon_core.package_identification:_identify(.) by extensions ['cmake', 'python']
[0.171s] Level 1:colcon.colcon_core.package_identification:_identify(.) by extension 'cmake'
[0.171s] Level 1:colcon.colcon_core.package_identification:_identify(.) by extension 'python'
[0.171s] Level 1:colcon.colcon_core.package_identification:_identify(.) by extensions ['python_setup_py']
[0.171s] Level 1:colcon.colcon_core.package_identification:_identify(.) by extension 'python_setup_py'
[0.172s] Level 1:colcon.colcon_core.package_identification:_identify(build) by extensions ['ignore', 'ignore_ament_install']
[0.172s] Level 1:colcon.colcon_core.package_identification:_identify(build) by extension 'ignore'
[0.172s] Level 1:colcon.colcon_core.package_identification:_identify(build) ignored
[0.172s] Level 1:colcon.colcon_core.package_identification:_identify(config) by extensions ['ignore', 'ignore_ament_install']
[0.172s] Level 1:colcon.colcon_core.package_identification:_identify(config) by extension 'ignore'
[0.172s] Level 1:colcon.colcon_core.package_identification:_identify(config) by extension 'ignore_ament_install'
[0.172s] Level 1:colcon.colcon_core.package_identification:_identify(config) by extensions ['colcon_pkg']
[0.172s] Level 1:colcon.colcon_core.package_identification:_identify(config) by extension 'colcon_pkg'
[0.172s] Level 1:colcon.colcon_core.package_identification:_identify(config) by extensions ['colcon_meta']
[0.172s] Level 1:colcon.colcon_core.package_identification:_identify(config) by extension 'colcon_meta'
[0.172s] Level 1:colcon.colcon_core.package_identification:_identify(config) by extensions ['ros']
[0.172s] Level 1:colcon.colcon_core.package_identification:_identify(config) by extension 'ros'
[0.172s] Level 1:colcon.colcon_core.package_identification:_identify(config) by extensions ['cmake', 'python']
[0.172s] Level 1:colcon.colcon_core.package_identification:_identify(config) by extension 'cmake'
[0.172s] Level 1:colcon.colcon_core.package_identification:_identify(config) by extension 'python'
[0.173s] Level 1:colcon.colcon_core.package_identification:_identify(config) by extensions ['python_setup_py']
[0.173s] Level 1:colcon.colcon_core.package_identification:_identify(config) by extension 'python_setup_py'
[0.173s] Level 1:colcon.colcon_core.package_identification:_identify(data) by extensions ['ignore', 'ignore_ament_install']
[0.173s] Level 1:colcon.colcon_core.package_identification:_identify(data) by extension 'ignore'
[0.173s] Level 1:colcon.colcon_core.package_identification:_identify(data) by extension 'ignore_ament_install'
[0.173s] Level 1:colcon.colcon_core.package_identification:_identify(data) by extensions ['colcon_pkg']
[0.173s] Level 1:colcon.colcon_core.package_identification:_identify(data) by extension 'colcon_pkg'
[0.173s] Level 1:colcon.colcon_core.package_identification:_identify(data) by extensions ['colcon_meta']
[0.173s] Level 1:colcon.colcon_core.package_identification:_identify(data) by extension 'colcon_meta'
[0.173s] Level 1:colcon.colcon_core.package_identification:_identify(data) by extensions ['ros']
[0.173s] Level 1:colcon.colcon_core.package_identification:_identify(data) by extension 'ros'
[0.173s] Level 1:colcon.colcon_core.package_identification:_identify(data) by extensions ['cmake', 'python']
[0.173s] Level 1:colcon.colcon_core.package_identification:_identify(data) by extension 'cmake'
[0.173s] Level 1:colcon.colcon_core.package_identification:_identify(data) by extension 'python'
[0.173s] Level 1:colcon.colcon_core.package_identification:_identify(data) by extensions ['python_setup_py']
[0.173s] Level 1:colcon.colcon_core.package_identification:_identify(data) by extension 'python_setup_py'
[0.173s] Level 1:colcon.colcon_core.package_identification:_identify(install) by extensions ['ignore', 'ignore_ament_install']
[0.173s] Level 1:colcon.colcon_core.package_identification:_identify(install) by extension 'ignore'
[0.174s] Level 1:colcon.colcon_core.package_identification:_identify(install) ignored
[0.174s] Level 1:colcon.colcon_core.package_identification:_identify(log) by extensions ['ignore', 'ignore_ament_install']
[0.174s] Level 1:colcon.colcon_core.package_identification:_identify(log) by extension 'ignore'
[0.174s] Level 1:colcon.colcon_core.package_identification:_identify(log) ignored
[0.174s] Level 1:colcon.colcon_core.package_identification:_identify(src) by extensions ['ignore', 'ignore_ament_install']
[0.174s] Level 1:colcon.colcon_core.package_identification:_identify(src) by extension 'ignore'
[0.174s] Level 1:colcon.colcon_core.package_identification:_identify(src) by extension 'ignore_ament_install'
[0.174s] Level 1:colcon.colcon_core.package_identification:_identify(src) by extensions ['colcon_pkg']
[0.174s] Level 1:colcon.colcon_core.package_identification:_identify(src) by extension 'colcon_pkg'
[0.174s] Level 1:colcon.colcon_core.package_identification:_identify(src) by extensions ['colcon_meta']
[0.174s] Level 1:colcon.colcon_core.package_identification:_identify(src) by extension 'colcon_meta'
[0.174s] Level 1:colcon.colcon_core.package_identification:_identify(src) by extensions ['ros']
[0.174s] Level 1:colcon.colcon_core.package_identification:_identify(src) by extension 'ros'
[0.174s] Level 1:colcon.colcon_core.package_identification:_identify(src) by extensions ['cmake', 'python']
[0.174s] Level 1:colcon.colcon_core.package_identification:_identify(src) by extension 'cmake'
[0.175s] Level 1:colcon.colcon_core.package_identification:_identify(src) by extension 'python'
[0.175s] Level 1:colcon.colcon_core.package_identification:_identify(src) by extensions ['python_setup_py']
[0.175s] Level 1:colcon.colcon_core.package_identification:_identify(src) by extension 'python_setup_py'
[0.175s] Level 1:colcon.colcon_core.package_identification:_identify(src/arm_control) by extensions ['ignore', 'ignore_ament_install']
[0.175s] Level 1:colcon.colcon_core.package_identification:_identify(src/arm_control) by extension 'ignore'
[0.175s] Level 1:colcon.colcon_core.package_identification:_identify(src/arm_control) by extension 'ignore_ament_install'
[0.175s] Level 1:colcon.colcon_core.package_identification:_identify(src/arm_control) by extensions ['colcon_pkg']
[0.175s] Level 1:colcon.colcon_core.package_identification:_identify(src/arm_control) by extension 'colcon_pkg'
[0.175s] Level 1:colcon.colcon_core.package_identification:_identify(src/arm_control) by extensions ['colcon_meta']
[0.175s] Level 1:colcon.colcon_core.package_identification:_identify(src/arm_control) by extension 'colcon_meta'
[0.175s] Level 1:colcon.colcon_core.package_identification:_identify(src/arm_control) by extensions ['ros']
[0.175s] Level 1:colcon.colcon_core.package_identification:_identify(src/arm_control) by extension 'ros'
[0.178s] DEBUG:colcon.colcon_core.package_identification:Package 'src/arm_control' with type 'ros.ament_python' and name 'arm_control'
[0.178s] Level 1:colcon.colcon_core.package_identification:_identify(src/core) by extensions ['ignore', 'ignore_ament_install']
[0.178s] Level 1:colcon.colcon_core.package_identification:_identify(src/core) by extension 'ignore'
[0.178s] Level 1:colcon.colcon_core.package_identification:_identify(src/core) by extension 'ignore_ament_install'
[0.178s] Level 1:colcon.colcon_core.package_identification:_identify(src/core) by extensions ['colcon_pkg']
[0.178s] Level 1:colcon.colcon_core.package_identification:_identify(src/core) by extension 'colcon_pkg'
[0.178s] Level 1:colcon.colcon_core.package_identification:_identify(src/core) by extensions ['colcon_meta']
[0.178s] Level 1:colcon.colcon_core.package_identification:_identify(src/core) by extension 'colcon_meta'
[0.178s] Level 1:colcon.colcon_core.package_identification:_identify(src/core) by extensions ['ros']
[0.179s] Level 1:colcon.colcon_core.package_identification:_identify(src/core) by extension 'ros'
[0.179s] DEBUG:colcon.colcon_core.package_identification:Package 'src/core' with type 'ros.ament_python' and name 'core'
[0.179s] Level 1:colcon.colcon_core.package_identification:_identify(src/launchfile) by extensions ['ignore', 'ignore_ament_install']
[0.179s] Level 1:colcon.colcon_core.package_identification:_identify(src/launchfile) by extension 'ignore'
[0.179s] Level 1:colcon.colcon_core.package_identification:_identify(src/launchfile) by extension 'ignore_ament_install'
[0.179s] Level 1:colcon.colcon_core.package_identification:_identify(src/launchfile) by extensions ['colcon_pkg']
[0.179s] Level 1:colcon.colcon_core.package_identification:_identify(src/launchfile) by extension 'colcon_pkg'
[0.179s] Level 1:colcon.colcon_core.package_identification:_identify(src/launchfile) by extensions ['colcon_meta']
[0.179s] Level 1:colcon.colcon_core.package_identification:_identify(src/launchfile) by extension 'colcon_meta'
[0.180s] Level 1:colcon.colcon_core.package_identification:_identify(src/launchfile) by extensions ['ros']
[0.180s] Level 1:colcon.colcon_core.package_identification:_identify(src/launchfile) by extension 'ros'
[0.180s] DEBUG:colcon.colcon_core.package_identification:Package 'src/launchfile' with type 'ros.ament_python' and name 'launchfile'
[0.180s] Level 1:colcon.colcon_core.package_identification:_identify(src/navigation) by extensions ['ignore', 'ignore_ament_install']
[0.180s] Level 1:colcon.colcon_core.package_identification:_identify(src/navigation) by extension 'ignore'
[0.180s] Level 1:colcon.colcon_core.package_identification:_identify(src/navigation) by extension 'ignore_ament_install'
[0.180s] Level 1:colcon.colcon_core.package_identification:_identify(src/navigation) by extensions ['colcon_pkg']
[0.180s] Level 1:colcon.colcon_core.package_identification:_identify(src/navigation) by extension 'colcon_pkg'
[0.180s] Level 1:colcon.colcon_core.package_identification:_identify(src/navigation) by extensions ['colcon_meta']
[0.180s] Level 1:colcon.colcon_core.package_identification:_identify(src/navigation) by extension 'colcon_meta'
[0.181s] Level 1:colcon.colcon_core.package_identification:_identify(src/navigation) by extensions ['ros']
[0.181s] Level 1:colcon.colcon_core.package_identification:_identify(src/navigation) by extension 'ros'
[0.181s] DEBUG:colcon.colcon_core.package_identification:Package 'src/navigation' with type 'ros.ament_python' and name 'navigation'
[0.181s] Level 1:colcon.colcon_core.package_identification:_identify(src/perception) by extensions ['ignore', 'ignore_ament_install']
[0.181s] Level 1:colcon.colcon_core.package_identification:_identify(src/perception) by extension 'ignore'
[0.182s] Level 1:colcon.colcon_core.package_identification:_identify(src/perception) by extension 'ignore_ament_install'
[0.182s] Level 1:colcon.colcon_core.package_identification:_identify(src/perception) by extensions ['colcon_pkg']
[0.182s] Level 1:colcon.colcon_core.package_identification:_identify(src/perception) by extension 'colcon_pkg'
[0.182s] Level 1:colcon.colcon_core.package_identification:_identify(src/perception) by extensions ['colcon_meta']
[0.182s] Level 1:colcon.colcon_core.package_identification:_identify(src/perception) by extension 'colcon_meta'
[0.182s] Level 1:colcon.colcon_core.package_identification:_identify(src/perception) by extensions ['ros']
[0.182s] Level 1:colcon.colcon_core.package_identification:_identify(src/perception) by extension 'ros'
[0.182s] DEBUG:colcon.colcon_core.package_identification:Package 'src/perception' with type 'ros.ament_python' and name 'perception'
[0.182s] Level 1:colcon.colcon_core.package_identification:_identify(src/urdfmodel) by extensions ['ignore', 'ignore_ament_install']
[0.182s] Level 1:colcon.colcon_core.package_identification:_identify(src/urdfmodel) by extension 'ignore'
[0.183s] Level 1:colcon.colcon_core.package_identification:_identify(src/urdfmodel) by extension 'ignore_ament_install'
[0.183s] Level 1:colcon.colcon_core.package_identification:_identify(src/urdfmodel) by extensions ['colcon_pkg']
[0.183s] Level 1:colcon.colcon_core.package_identification:_identify(src/urdfmodel) by extension 'colcon_pkg'
[0.183s] Level 1:colcon.colcon_core.package_identification:_identify(src/urdfmodel) by extensions ['colcon_meta']
[0.183s] Level 1:colcon.colcon_core.package_identification:_identify(src/urdfmodel) by extension 'colcon_meta'
[0.183s] Level 1:colcon.colcon_core.package_identification:_identify(src/urdfmodel) by extensions ['ros']
[0.183s] Level 1:colcon.colcon_core.package_identification:_identify(src/urdfmodel) by extension 'ros'
[0.183s] DEBUG:colcon.colcon_core.package_identification:Package 'src/urdfmodel' with type 'ros.ament_python' and name 'urdfmodel'
[0.183s] Level 1:colcon.colcon_core.package_identification:_identify(src/utilities) by extensions ['ignore', 'ignore_ament_install']
[0.183s] Level 1:colcon.colcon_core.package_identification:_identify(src/utilities) by extension 'ignore'
[0.184s] Level 1:colcon.colcon_core.package_identification:_identify(src/utilities) by extension 'ignore_ament_install'
[0.184s] Level 1:colcon.colcon_core.package_identification:_identify(src/utilities) by extensions ['colcon_pkg']
[0.184s] Level 1:colcon.colcon_core.package_identification:_identify(src/utilities) by extension 'colcon_pkg'
[0.184s] Level 1:colcon.colcon_core.package_identification:_identify(src/utilities) by extensions ['colcon_meta']
[0.184s] Level 1:colcon.colcon_core.package_identification:_identify(src/utilities) by extension 'colcon_meta'
[0.184s] Level 1:colcon.colcon_core.package_identification:_identify(src/utilities) by extensions ['ros']
[0.184s] Level 1:colcon.colcon_core.package_identification:_identify(src/utilities) by extension 'ros'
[0.184s] DEBUG:colcon.colcon_core.package_identification:Package 'src/utilities' with type 'ros.ament_python' and name 'utilities'
[0.184s] Level 1:colcon.colcon_core.package_identification:_identify(src/world) by extensions ['ignore', 'ignore_ament_install']
[0.184s] Level 1:colcon.colcon_core.package_identification:_identify(src/world) by extension 'ignore'
[0.184s] Level 1:colcon.colcon_core.package_identification:_identify(src/world) by extension 'ignore_ament_install'
[0.185s] Level 1:colcon.colcon_core.package_identification:_identify(src/world) by extensions ['colcon_pkg']
[0.185s] Level 1:colcon.colcon_core.package_identification:_identify(src/world) by extension 'colcon_pkg'
[0.185s] Level 1:colcon.colcon_core.package_identification:_identify(src/world) by extensions ['colcon_meta']
[0.185s] Level 1:colcon.colcon_core.package_identification:_identify(src/world) by extension 'colcon_meta'
[0.185s] Level 1:colcon.colcon_core.package_identification:_identify(src/world) by extensions ['ros']
[0.185s] Level 1:colcon.colcon_core.package_identification:_identify(src/world) by extension 'ros'
[0.185s] DEBUG:colcon.colcon_core.package_identification:Package 'src/world' with type 'ros.ament_python' and name 'world'
[0.185s] Level 1:colcon.colcon_core.package_discovery:discover_packages(recursive) using defaults
[0.185s] Level 1:colcon.colcon_core.package_discovery:discover_packages(ignore) discover
[0.185s] Level 1:colcon.colcon_core.package_discovery:discover_packages(ignore) using defaults
[0.185s] Level 1:colcon.colcon_core.package_discovery:discover_packages(path) discover
[0.185s] Level 1:colcon.colcon_core.package_discovery:discover_packages(path) using defaults
[0.203s] Level 1:colcon.colcon_core.package_discovery:discover_packages(prefix_path) check parameters
[0.203s] Level 1:colcon.colcon_core.package_discovery:discover_packages(prefix_path) discover
[0.205s] DEBUG:colcon.colcon_installed_package_information.package_discovery:Found 285 installed packages in /opt/ros/jazzy
[0.206s] Level 1:colcon.colcon_core.package_discovery:discover_packages(prefix_path) using defaults
[0.250s] Level 5:colcon.colcon_core.verb:set package 'arm_control' build argument 'cmake_args' from command line to 'None'
[0.250s] Level 5:colcon.colcon_core.verb:set package 'arm_control' build argument 'cmake_target' from command line to 'None'
[0.250s] Level 5:colcon.colcon_core.verb:set package 'arm_control' build argument 'cmake_target_skip_unavailable' from command line to 'False'
[0.250s] Level 5:colcon.colcon_core.verb:set package 'arm_control' build argument 'cmake_clean_cache' from command line to 'False'
[0.250s] Level 5:colcon.colcon_core.verb:set package 'arm_control' build argument 'cmake_clean_first' from command line to 'False'
[0.250s] Level 5:colcon.colcon_core.verb:set package 'arm_control' build argument 'cmake_force_configure' from command line to 'False'
[0.250s] Level 5:colcon.colcon_core.verb:set package 'arm_control' build argument 'ament_cmake_args' from command line to 'None'
[0.250s] Level 5:colcon.colcon_core.verb:set package 'arm_control' build argument 'catkin_cmake_args' from command line to 'None'
[0.250s] Level 5:colcon.colcon_core.verb:set package 'arm_control' build argument 'catkin_skip_building_tests' from command line to 'False'
[0.250s] DEBUG:colcon.colcon_core.verb:Building package 'arm_control' with the following arguments: {'ament_cmake_args': None, 'build_base': '/home/deepak/ros2_ws/build/arm_control', 'catkin_cmake_args': None, 'catkin_skip_building_tests': False, 'cmake_args': None, 'cmake_clean_cache': False, 'cmake_clean_first': False, 'cmake_force_configure': False, 'cmake_target': None, 'cmake_target_skip_unavailable': False, 'install_base': '/home/deepak/ros2_ws/install/arm_control', 'merge_install': False, 'path': '/home/deepak/ros2_ws/src/arm_control', 'symlink_install': False, 'test_result_base': None}
[0.250s] Level 5:colcon.colcon_core.verb:set package 'core' build argument 'cmake_args' from command line to 'None'
[0.250s] Level 5:colcon.colcon_core.verb:set package 'core' build argument 'cmake_target' from command line to 'None'
[0.250s] Level 5:colcon.colcon_core.verb:set package 'core' build argument 'cmake_target_skip_unavailable' from command line to 'False'
[0.250s] Level 5:colcon.colcon_core.verb:set package 'core' build argument 'cmake_clean_cache' from command line to 'False'
[0.250s] Level 5:colcon.colcon_core.verb:set package 'core' build argument 'cmake_clean_first' from command line to 'False'
[0.250s] Level 5:colcon.colcon_core.verb:set package 'core' build argument 'cmake_force_configure' from command line to 'False'
[0.250s] Level 5:colcon.colcon_core.verb:set package 'core' build argument 'ament_cmake_args' from command line to 'None'
[0.250s] Level 5:colcon.colcon_core.verb:set package 'core' build argument 'catkin_cmake_args' from command line to 'None'
[0.250s] Level 5:colcon.colcon_core.verb:set package 'core' build argument 'catkin_skip_building_tests' from command line to 'False'
[0.250s] DEBUG:colcon.colcon_core.verb:Building package 'core' with the following arguments: {'ament_cmake_args': None, 'build_base': '/home/deepak/ros2_ws/build/core', 'catkin_cmake_args': None, 'catkin_skip_building_tests': False, 'cmake_args': None, 'cmake_clean_cache': False, 'cmake_clean_first': False, 'cmake_force_configure': False, 'cmake_target': None, 'cmake_target_skip_unavailable': False, 'install_base': '/home/deepak/ros2_ws/install/core', 'merge_install': False, 'path': '/home/deepak/ros2_ws/src/core', 'symlink_install': False, 'test_result_base': None}
[0.251s] Level 5:colcon.colcon_core.verb:set package 'launchfile' build argument 'cmake_args' from command line to 'None'
[0.251s] Level 5:colcon.colcon_core.verb:set package 'launchfile' build argument 'cmake_target' from command line to 'None'
[0.251s] Level 5:colcon.colcon_core.verb:set package 'launchfile' build argument 'cmake_target_skip_unavailable' from command line to 'False'
[0.251s] Level 5:colcon.colcon_core.verb:set package 'launchfile' build argument 'cmake_clean_cache' from command line to 'False'
[0.251s] Level 5:colcon.colcon_core.verb:set package 'launchfile' build argument 'cmake_clean_first' from command line to 'False'
[0.251s] Level 5:colcon.colcon_core.verb:set package 'launchfile' build argument 'cmake_force_configure' from command line to 'False'
[0.251s] Level 5:colcon.colcon_core.verb:set package 'launchfile' build argument 'ament_cmake_args' from command line to 'None'
[0.251s] Level 5:colcon.colcon_core.verb:set package 'launchfile' build argument 'catkin_cmake_args' from command line to 'None'
[0.251s] Level 5:colcon.colcon_core.verb:set package 'launchfile' build argument 'catkin_skip_building_tests' from command line to 'False'
[0.251s] DEBUG:colcon.colcon_core.verb:Building package 'launchfile' with the following arguments: {'ament_cmake_args': None, 'build_base': '/home/deepak/ros2_ws/build/launchfile', 'catkin_cmake_args': None, 'catkin_skip_building_tests': False, 'cmake_args': None, 'cmake_clean_cache': False, 'cmake_clean_first': False, 'cmake_force_configure': False, 'cmake_target': None, 'cmake_target_skip_unavailable': False, 'install_base': '/home/deepak/ros2_ws/install/launchfile', 'merge_install': False, 'path': '/home/deepak/ros2_ws/src/launchfile', 'symlink_install': False, 'test_result_base': None}
[0.251s] Level 5:colcon.colcon_core.verb:set package 'navigation' build argument 'cmake_args' from command line to 'None'
[0.251s] Level 5:colcon.colcon_core.verb:set package 'navigation' build argument 'cmake_target' from command line to 'None'
[0.251s] Level 5:colcon.colcon_core.verb:set package 'navigation' build argument 'cmake_target_skip_unavailable' from command line to 'False'
[0.251s] Level 5:colcon.colcon_core.verb:set package 'navigation' build argument 'cmake_clean_cache' from command line to 'False'
[0.251s] Level 5:colcon.colcon_core.verb:set package 'navigation' build argument 'cmake_clean_first' from command line to 'False'
[0.251s] Level 5:colcon.colcon_core.verb:set package 'navigation' build argument 'cmake_force_configure' from command line to 'False'
[0.251s] Level 5:colcon.colcon_core.verb:set package 'navigation' build argument 'ament_cmake_args' from command line to 'None'
[0.252s] Level 5:colcon.colcon_core.verb:set package 'navigation' build argument 'catkin_cmake_args' from command line to 'None'
[0.252s] Level 5:colcon.colcon_core.verb:set package 'navigation' build argument 'catkin_skip_building_tests' from command line to 'False'
[0.252s] DEBUG:colcon.colcon_core.verb:Building package 'navigation' with the following arguments: {'ament_cmake_args': None, 'build_base': '/home/deepak/ros2_ws/build/navigation', 'catkin_cmake_args': None, 'catkin_skip_building_tests': False, 'cmake_args': None, 'cmake_clean_cache': False, 'cmake_clean_first': False, 'cmake_force_configure': False, 'cmake_target': None, 'cmake_target_skip_unavailable': False, 'install_base': '/home/deepak/ros2_ws/install/navigation', 'merge_install': False, 'path': '/home/deepak/ros2_ws/src/navigation', 'symlink_install': False, 'test_result_base': None}
[0.252s] Level 5:colcon.colcon_core.verb:set package 'perception' build argument 'cmake_args' from command line to 'None'
[0.252s] Level 5:colcon.colcon_core.verb:set package 'perception' build argument 'cmake_target' from command line to 'None'
[0.252s] Level 5:colcon.colcon_core.verb:set package 'perception' build argument 'cmake_target_skip_unavailable' from command line to 'False'
[0.252s] Level 5:colcon.colcon_core.verb:set package 'perception' build argument 'cmake_clean_cache' from command line to 'False'
[0.252s] Level 5:colcon.colcon_core.verb:set package 'perception' build argument 'cmake_clean_first' from command line to 'False'
[0.252s] Level 5:colcon.colcon_core.verb:set package 'perception' build argument 'cmake_force_configure' from command line to 'False'
[0.252s] Level 5:colcon.colcon_core.verb:set package 'perception' build argument 'ament_cmake_args' from command line to 'None'
[0.252s] Level 5:colcon.colcon_core.verb:set package 'perception' build argument 'catkin_cmake_args' from command line to 'None'
[0.252s] Level 5:colcon.colcon_core.verb:set package 'perception' build argument 'catkin_skip_building_tests' from command line to 'False'
[0.252s] DEBUG:colcon.colcon_core.verb:Building package 'perception' with the following arguments: {'ament_cmake_args': None, 'build_base': '/home/deepak/ros2_ws/build/perception', 'catkin_cmake_args': None, 'catkin_skip_building_tests': False, 'cmake_args': None, 'cmake_clean_cache': False, 'cmake_clean_first': False, 'cmake_force_configure': False, 'cmake_target': None, 'cmake_target_skip_unavailable': False, 'install_base': '/home/deepak/ros2_ws/install/perception', 'merge_install': False, 'path': '/home/deepak/ros2_ws/src/perception', 'symlink_install': False, 'test_result_base': None}
[0.252s] Level 5:colcon.colcon_core.verb:set package 'urdfmodel' build argument 'cmake_args' from command line to 'None'
[0.252s] Level 5:colcon.colcon_core.verb:set package 'urdfmodel' build argument 'cmake_target' from command line to 'None'
[0.252s] Level 5:colcon.colcon_core.verb:set package 'urdfmodel' build argument 'cmake_target_skip_unavailable' from command line to 'False'
[0.252s] Level 5:colcon.colcon_core.verb:set package 'urdfmodel' build argument 'cmake_clean_cache' from command line to 'False'
[0.252s] Level 5:colcon.colcon_core.verb:set package 'urdfmodel' build argument 'cmake_clean_first' from command line to 'False'
[0.252s] Level 5:colcon.colcon_core.verb:set package 'urdfmodel' build argument 'cmake_force_configure' from command line to 'False'
[0.253s] Level 5:colcon.colcon_core.verb:set package 'urdfmodel' build argument 'ament_cmake_args' from command line to 'None'
[0.253s] Level 5:colcon.colcon_core.verb:set package 'urdfmodel' build argument 'catkin_cmake_args' from command line to 'None'
[0.253s] Level 5:colcon.colcon_core.verb:set package 'urdfmodel' build argument 'catkin_skip_building_tests' from command line to 'False'
[0.253s] DEBUG:colcon.colcon_core.verb:Building package 'urdfmodel' with the following arguments: {'ament_cmake_args': None, 'build_base': '/home/deepak/ros2_ws/build/urdfmodel', 'catkin_cmake_args': None, 'catkin_skip_building_tests': False, 'cmake_args': None, 'cmake_clean_cache': False, 'cmake_clean_first': False, 'cmake_force_configure': False, 'cmake_target': None, 'cmake_target_skip_unavailable': False, 'install_base': '/home/deepak/ros2_ws/install/urdfmodel', 'merge_install': False, 'path': '/home/deepak/ros2_ws/src/urdfmodel', 'symlink_install': False, 'test_result_base': None}
[0.253s] Level 5:colcon.colcon_core.verb:set package 'utilities' build argument 'cmake_args' from command line to 'None'
[0.253s] Level 5:colcon.colcon_core.verb:set package 'utilities' build argument 'cmake_target' from command line to 'None'
[0.253s] Level 5:colcon.colcon_core.verb:set package 'utilities' build argument 'cmake_target_skip_unavailable' from command line to 'False'
[0.253s] Level 5:colcon.colcon_core.verb:set package 'utilities' build argument 'cmake_clean_cache' from command line to 'False'
[0.253s] Level 5:colcon.colcon_core.verb:set package 'utilities' build argument 'cmake_clean_first' from command line to 'False'
[0.253s] Level 5:colcon.colcon_core.verb:set package 'utilities' build argument 'cmake_force_configure' from command line to 'False'
[0.253s] Level 5:colcon.colcon_core.verb:set package 'utilities' build argument 'ament_cmake_args' from command line to 'None'
[0.253s] Level 5:colcon.colcon_core.verb:set package 'utilities' build argument 'catkin_cmake_args' from command line to 'None'
[0.253s] Level 5:colcon.colcon_core.verb:set package 'utilities' build argument 'catkin_skip_building_tests' from command line to 'False'
[0.253s] DEBUG:colcon.colcon_core.verb:Building package 'utilities' with the following arguments: {'ament_cmake_args': None, 'build_base': '/home/deepak/ros2_ws/build/utilities', 'catkin_cmake_args': None, 'catkin_skip_building_tests': False, 'cmake_args': None, 'cmake_clean_cache': False, 'cmake_clean_first': False, 'cmake_force_configure': False, 'cmake_target': None, 'cmake_target_skip_unavailable': False, 'install_base': '/home/deepak/ros2_ws/install/utilities', 'merge_install': False, 'path': '/home/deepak/ros2_ws/src/utilities', 'symlink_install': False, 'test_result_base': None}
[0.253s] Level 5:colcon.colcon_core.verb:set package 'world' build argument 'cmake_args' from command line to 'None'
[0.253s] Level 5:colcon.colcon_core.verb:set package 'world' build argument 'cmake_target' from command line to 'None'
[0.253s] Level 5:colcon.colcon_core.verb:set package 'world' build argument 'cmake_target_skip_unavailable' from command line to 'False'
[0.253s] Level 5:colcon.colcon_core.verb:set package 'world' build argument 'cmake_clean_cache' from command line to 'False'
[0.253s] Level 5:colcon.colcon_core.verb:set package 'world' build argument 'cmake_clean_first' from command line to 'False'
[0.254s] Level 5:colcon.colcon_core.verb:set package 'world' build argument 'cmake_force_configure' from command line to 'False'
[0.254s] Level 5:colcon.colcon_core.verb:set package 'world' build argument 'ament_cmake_args' from command line to 'None'
[0.254s] Level 5:colcon.colcon_core.verb:set package 'world' build argument 'catkin_cmake_args' from command line to 'None'
[0.254s] Level 5:colcon.colcon_core.verb:set package 'world' build argument 'catkin_skip_building_tests' from command line to 'False'
[0.254s] DEBUG:colcon.colcon_core.verb:Building package 'world' with the following arguments: {'ament_cmake_args': None, 'build_base': '/home/deepak/ros2_ws/build/world', 'catkin_cmake_args': None, 'catkin_skip_building_tests': False, 'cmake_args': None, 'cmake_clean_cache': False, 'cmake_clean_first': False, 'cmake_force_configure': False, 'cmake_target': None, 'cmake_target_skip_unavailable': False, 'install_base': '/home/deepak/ros2_ws/install/world', 'merge_install': False, 'path': '/home/deepak/ros2_ws/src/world', 'symlink_install': False, 'test_result_base': None}
[0.254s] INFO:colcon.colcon_core.executor:Executing jobs using 'parallel' executor
[0.254s] DEBUG:colcon.colcon_parallel_executor.executor.parallel:run_until_complete
[0.255s] INFO:colcon.colcon_ros.task.ament_python.build:Building ROS package in '/home/deepak/ros2_ws/src/arm_control' with build type 'ament_python'
[0.255s] Level 1:colcon.colcon_core.shell:create_environment_hook('arm_control', 'ament_prefix_path')
[0.257s] INFO:colcon.colcon_core.plugin_system:Skipping extension 'colcon_core.shell.bat': Not used on non-Windows systems
[0.257s] INFO:colcon.colcon_core.shell:Creating environment hook '/home/deepak/ros2_ws/install/arm_control/share/arm_control/hook/ament_prefix_path.ps1'
[0.258s] INFO:colcon.colcon_core.shell:Creating environment descriptor '/home/deepak/ros2_ws/install/arm_control/share/arm_control/hook/ament_prefix_path.dsv'
[0.258s] INFO:colcon.colcon_core.shell:Creating environment hook '/home/deepak/ros2_ws/install/arm_control/share/arm_control/hook/ament_prefix_path.sh'
[0.259s] INFO:colcon.colcon_core.shell:Skip shell extension 'powershell' for command environment: Not usable outside of PowerShell
[0.259s] DEBUG:colcon.colcon_core.shell:Skip shell extension 'dsv' for command environment
[0.261s] INFO:colcon.colcon_ros.task.ament_python.build:Building ROS package in '/home/deepak/ros2_ws/src/core' with build type 'ament_python'
[0.261s] Level 1:colcon.colcon_core.shell:create_environment_hook('core', 'ament_prefix_path')
[0.262s] INFO:colcon.colcon_core.shell:Creating environment hook '/home/deepak/ros2_ws/install/core/share/core/hook/ament_prefix_path.ps1'
[0.263s] INFO:colcon.colcon_core.shell:Creating environment descriptor '/home/deepak/ros2_ws/install/core/share/core/hook/ament_prefix_path.dsv'
[0.263s] INFO:colcon.colcon_core.shell:Creating environment hook '/home/deepak/ros2_ws/install/core/share/core/hook/ament_prefix_path.sh'
[0.264s] INFO:colcon.colcon_core.shell:Skip shell extension 'powershell' for command environment: Not usable outside of PowerShell
[0.264s] DEBUG:colcon.colcon_core.shell:Skip shell extension 'dsv' for command environment
[0.268s] INFO:colcon.colcon_ros.task.ament_python.build:Building ROS package in '/home/deepak/ros2_ws/src/launchfile' with build type 'ament_python'
[0.268s] Level 1:colcon.colcon_core.shell:create_environment_hook('launchfile', 'ament_prefix_path')
[0.269s] INFO:colcon.colcon_core.shell:Creating environment hook '/home/deepak/ros2_ws/install/launchfile/share/launchfile/hook/ament_prefix_path.ps1'
[0.270s] INFO:colcon.colcon_core.shell:Creating environment descriptor '/home/deepak/ros2_ws/install/launchfile/share/launchfile/hook/ament_prefix_path.dsv'
[0.270s] INFO:colcon.colcon_core.shell:Creating environment hook '/home/deepak/ros2_ws/install/launchfile/share/launchfile/hook/ament_prefix_path.sh'
[0.271s] INFO:colcon.colcon_core.shell:Skip shell extension 'powershell' for command environment: Not usable outside of PowerShell
[0.271s] DEBUG:colcon.colcon_core.shell:Skip shell extension 'dsv' for command environment
[0.274s] INFO:colcon.colcon_ros.task.ament_python.build:Building ROS package in '/home/deepak/ros2_ws/src/navigation' with build type 'ament_python'
[0.274s] Level 1:colcon.colcon_core.shell:create_environment_hook('navigation', 'ament_prefix_path')
[0.274s] INFO:colcon.colcon_core.shell:Creating environment hook '/home/deepak/ros2_ws/install/navigation/share/navigation/hook/ament_prefix_path.ps1'
[0.275s] INFO:colcon.colcon_core.shell:Creating environment descriptor '/home/deepak/ros2_ws/install/navigation/share/navigation/hook/ament_prefix_path.dsv'
[0.275s] INFO:colcon.colcon_core.shell:Creating environment hook '/home/deepak/ros2_ws/install/navigation/share/navigation/hook/ament_prefix_path.sh'
[0.276s] INFO:colcon.colcon_core.shell:Skip shell extension 'powershell' for command environment: Not usable outside of PowerShell
[0.276s] DEBUG:colcon.colcon_core.shell:Skip shell extension 'dsv' for command environment
[0.279s] INFO:colcon.colcon_ros.task.ament_python.build:Building ROS package in '/home/deepak/ros2_ws/src/perception' with build type 'ament_python'
[0.279s] Level 1:colcon.colcon_core.shell:create_environment_hook('perception', 'ament_prefix_path')
[0.281s] INFO:colcon.colcon_core.shell:Creating environment hook '/home/deepak/ros2_ws/install/perception/share/perception/hook/ament_prefix_path.ps1'
[0.284s] INFO:colcon.colcon_core.shell:Creating environment descriptor '/home/deepak/ros2_ws/install/perception/share/perception/hook/ament_prefix_path.dsv'
[0.284s] INFO:colcon.colcon_core.shell:Creating environment hook '/home/deepak/ros2_ws/install/perception/share/perception/hook/ament_prefix_path.sh'
[0.286s] INFO:colcon.colcon_core.shell:Skip shell extension 'powershell' for command environment: Not usable outside of PowerShell
[0.286s] DEBUG:colcon.colcon_core.shell:Skip shell extension 'dsv' for command environment
[0.289s] INFO:colcon.colcon_ros.task.ament_python.build:Building ROS package in '/home/deepak/ros2_ws/src/urdfmodel' with build type 'ament_python'
[0.289s] Level 1:colcon.colcon_core.shell:create_environment_hook('urdfmodel', 'ament_prefix_path')
[0.290s] INFO:colcon.colcon_core.shell:Creating environment hook '/home/deepak/ros2_ws/install/urdfmodel/share/urdfmodel/hook/ament_prefix_path.ps1'
[0.298s] INFO:colcon.colcon_core.shell:Creating environment descriptor '/home/deepak/ros2_ws/install/urdfmodel/share/urdfmodel/hook/ament_prefix_path.dsv'
[0.300s] INFO:colcon.colcon_core.shell:Creating environment hook '/home/deepak/ros2_ws/install/urdfmodel/share/urdfmodel/hook/ament_prefix_path.sh'
[0.301s] INFO:colcon.colcon_core.shell:Skip shell extension 'powershell' for command environment: Not usable outside of PowerShell
[0.301s] DEBUG:colcon.colcon_core.shell:Skip shell extension 'dsv' for command environment
[0.305s] INFO:colcon.colcon_ros.task.ament_python.build:Building ROS package in '/home/deepak/ros2_ws/src/utilities' with build type 'ament_python'
[0.305s] Level 1:colcon.colcon_core.shell:create_environment_hook('utilities', 'ament_prefix_path')
[0.305s] INFO:colcon.colcon_core.shell:Creating environment hook '/home/deepak/ros2_ws/install/utilities/share/utilities/hook/ament_prefix_path.ps1'
[0.306s] INFO:colcon.colcon_core.shell:Creating environment descriptor '/home/deepak/ros2_ws/install/utilities/share/utilities/hook/ament_prefix_path.dsv'
[0.307s] INFO:colcon.colcon_core.shell:Creating environment hook '/home/deepak/ros2_ws/install/utilities/share/utilities/hook/ament_prefix_path.sh'
[0.307s] INFO:colcon.colcon_core.shell:Skip shell extension 'powershell' for command environment: Not usable outside of PowerShell
[0.307s] DEBUG:colcon.colcon_core.shell:Skip shell extension 'dsv' for command environment
[0.310s] INFO:colcon.colcon_ros.task.ament_python.build:Building ROS package in '/home/deepak/ros2_ws/src/world' with build type 'ament_python'
[0.310s] Level 1:colcon.colcon_core.shell:create_environment_hook('world', 'ament_prefix_path')
[0.311s] INFO:colcon.colcon_core.shell:Creating environment hook '/home/deepak/ros2_ws/install/world/share/world/hook/ament_prefix_path.ps1'
[0.311s] INFO:colcon.colcon_core.shell:Creating environment descriptor '/home/deepak/ros2_ws/install/world/share/world/hook/ament_prefix_path.dsv'
[0.312s] INFO:colcon.colcon_core.shell:Creating environment hook '/home/deepak/ros2_ws/install/world/share/world/hook/ament_prefix_path.sh'
[0.314s] INFO:colcon.colcon_core.shell:Skip shell extension 'powershell' for command environment: Not usable outside of PowerShell
[0.314s] DEBUG:colcon.colcon_core.shell:Skip shell extension 'dsv' for command environment
[0.555s] INFO:colcon.colcon_core.task.python.build:Building Python package in '/home/deepak/ros2_ws/src/arm_control'
[0.556s] INFO:colcon.colcon_core.shell:Skip shell extension 'powershell' for command environment: Not usable outside of PowerShell
[0.556s] DEBUG:colcon.colcon_core.shell:Skip shell extension 'dsv' for command environment
[0.794s] INFO:colcon.colcon_core.task.python.build:Building Python package in '/home/deepak/ros2_ws/src/core'
[0.794s] INFO:colcon.colcon_core.shell:Skip shell extension 'powershell' for command environment: Not usable outside of PowerShell
[0.794s] DEBUG:colcon.colcon_core.shell:Skip shell extension 'dsv' for command environment
[1.024s] INFO:colcon.colcon_core.task.python.build:Building Python package in '/home/deepak/ros2_ws/src/launchfile'
[1.024s] INFO:colcon.colcon_core.shell:Skip shell extension 'powershell' for command environment: Not usable outside of PowerShell
[1.024s] DEBUG:colcon.colcon_core.shell:Skip shell extension 'dsv' for command environment
[1.248s] INFO:colcon.colcon_core.task.python.build:Building Python package in '/home/deepak/ros2_ws/src/navigation'
[1.248s] INFO:colcon.colcon_core.shell:Skip shell extension 'powershell' for command environment: Not usable outside of PowerShell
[1.248s] DEBUG:colcon.colcon_core.shell:Skip shell extension 'dsv' for command environment
[1.476s] INFO:colcon.colcon_core.task.python.build:Building Python package in '/home/deepak/ros2_ws/src/perception'
[1.477s] INFO:colcon.colcon_core.shell:Skip shell extension 'powershell' for command environment: Not usable outside of PowerShell
[1.477s] DEBUG:colcon.colcon_core.shell:Skip shell extension 'dsv' for command environment
[1.738s] INFO:colcon.colcon_core.task.python.build:Building Python package in '/home/deepak/ros2_ws/src/urdfmodel'
[1.738s] INFO:colcon.colcon_core.shell:Skip shell extension 'powershell' for command environment: Not usable outside of PowerShell
[1.738s] DEBUG:colcon.colcon_core.shell:Skip shell extension 'dsv' for command environment
[1.966s] INFO:colcon.colcon_core.task.python.build:Building Python package in '/home/deepak/ros2_ws/src/utilities'
[1.966s] INFO:colcon.colcon_core.shell:Skip shell extension 'powershell' for command environment: Not usable outside of PowerShell
[1.966s] DEBUG:colcon.colcon_core.shell:Skip shell extension 'dsv' for command environment
[2.207s] INFO:colcon.colcon_core.task.python.build:Building Python package in '/home/deepak/ros2_ws/src/world'
[2.207s] INFO:colcon.colcon_core.shell:Skip shell extension 'powershell' for command environment: Not usable outside of PowerShell
[2.207s] DEBUG:colcon.colcon_core.shell:Skip shell extension 'dsv' for command environment
[3.395s] DEBUG:colcon.colcon_core.event_handler.log_command:Invoking command in '/home/deepak/ros2_ws/src/arm_control': CONDA_PROMPT_MODIFIER=(ros2) DEBUGINFOD_URLS=https://debuginfod.ubuntu.com PYTHONPATH=/home/deepak/ros2_ws/build/arm_control/prefix_override:/usr/lib/python3/dist-packages/colcon_core/task/python/colcon_distutils_commands:/home/deepak/ros2_ws/install/arm_control/lib/python3.12/site-packages:${PYTHONPATH} /usr/bin/python3 -W ignore:setup.py install is deprecated -W ignore:easy_install command is deprecated setup.py egg_info --egg-base ../../build/arm_control build --build-base /home/deepak/ros2_ws/build/arm_control/build install --record /home/deepak/ros2_ws/build/arm_control/install.log --single-version-externally-managed install_data
[3.429s] DEBUG:colcon.colcon_core.event_handler.log_command:Invoking command in '/home/deepak/ros2_ws/src/utilities': CONDA_PROMPT_MODIFIER=(ros2) DEBUGINFOD_URLS=https://debuginfod.ubuntu.com PYTHONPATH=/home/deepak/ros2_ws/build/utilities/prefix_override:/usr/lib/python3/dist-packages/colcon_core/task/python/colcon_distutils_commands:/home/deepak/ros2_ws/install/utilities/lib/python3.12/site-packages:${PYTHONPATH} /usr/bin/python3 -W ignore:setup.py install is deprecated -W ignore:easy_install command is deprecated setup.py egg_info --egg-base ../../build/utilities build --build-base /home/deepak/ros2_ws/build/utilities/build install --record /home/deepak/ros2_ws/build/utilities/install.log --single-version-externally-managed install_data
[3.476s] DEBUG:colcon.colcon_core.event_handler.log_command:Invoking command in '/home/deepak/ros2_ws/src/urdfmodel': CONDA_PROMPT_MODIFIER=(ros2) DEBUGINFOD_URLS=https://debuginfod.ubuntu.com PYTHONPATH=/home/deepak/ros2_ws/build/urdfmodel/prefix_override:/usr/lib/python3/dist-packages/colcon_core/task/python/colcon_distutils_commands:/home/deepak/ros2_ws/install/urdfmodel/lib/python3.12/site-packages:${PYTHONPATH} /usr/bin/python3 -W ignore:setup.py install is deprecated -W ignore:easy_install command is deprecated setup.py egg_info --egg-base ../../build/urdfmodel build --build-base /home/deepak/ros2_ws/build/urdfmodel/build install --record /home/deepak/ros2_ws/build/urdfmodel/install.log --single-version-externally-managed install_data
[3.478s] DEBUG:colcon.colcon_core.event_handler.log_command:Invoking command in '/home/deepak/ros2_ws/src/world': CONDA_PROMPT_MODIFIER=(ros2) DEBUGINFOD_URLS=https://debuginfod.ubuntu.com PYTHONPATH=/home/deepak/ros2_ws/build/world/prefix_override:/usr/lib/python3/dist-packages/colcon_core/task/python/colcon_distutils_commands:/home/deepak/ros2_ws/install/world/lib/python3.12/site-packages:${PYTHONPATH} /usr/bin/python3 -W ignore:setup.py install is deprecated -W ignore:easy_install command is deprecated setup.py egg_info --egg-base ../../build/world build --build-base /home/deepak/ros2_ws/build/world/build install --record /home/deepak/ros2_ws/build/world/install.log --single-version-externally-managed install_data
[3.512s] DEBUG:colcon.colcon_core.event_handler.log_command:Invoking command in '/home/deepak/ros2_ws/src/navigation': CONDA_PROMPT_MODIFIER=(ros2) DEBUGINFOD_URLS=https://debuginfod.ubuntu.com PYTHONPATH=/home/deepak/ros2_ws/build/navigation/prefix_override:/usr/lib/python3/dist-packages/colcon_core/task/python/colcon_distutils_commands:/home/deepak/ros2_ws/install/navigation/lib/python3.12/site-packages:${PYTHONPATH} /usr/bin/python3 -W ignore:setup.py install is deprecated -W ignore:easy_install command is deprecated setup.py egg_info --egg-base ../../build/navigation build --build-base /home/deepak/ros2_ws/build/navigation/build install --record /home/deepak/ros2_ws/build/navigation/install.log --single-version-externally-managed install_data
[3.533s] DEBUG:colcon.colcon_core.event_handler.log_command:Invoking command in '/home/deepak/ros2_ws/src/core': CONDA_PROMPT_MODIFIER=(ros2) DEBUGINFOD_URLS=https://debuginfod.ubuntu.com PYTHONPATH=/home/deepak/ros2_ws/build/core/prefix_override:/usr/lib/python3/dist-packages/colcon_core/task/python/colcon_distutils_commands:/home/deepak/ros2_ws/install/core/lib/python3.12/site-packages:${PYTHONPATH} /usr/bin/python3 -W ignore:setup.py install is deprecated -W ignore:easy_install command is deprecated setup.py egg_info --egg-base ../../build/core build --build-base /home/deepak/ros2_ws/build/core/build install --record /home/deepak/ros2_ws/build/core/install.log --single-version-externally-managed install_data
[3.534s] DEBUG:colcon.colcon_core.event_handler.log_command:Invoking command in '/home/deepak/ros2_ws/src/launchfile': CONDA_PROMPT_MODIFIER=(ros2) DEBUGINFOD_URLS=https://debuginfod.ubuntu.com PYTHONPATH=/home/deepak/ros2_ws/build/launchfile/prefix_override:/usr/lib/python3/dist-packages/colcon_core/task/python/colcon_distutils_commands:/home/deepak/ros2_ws/install/launchfile/lib/python3.12/site-packages:${PYTHONPATH} /usr/bin/python3 -W ignore:setup.py install is deprecated -W ignore:easy_install command is deprecated setup.py egg_info --egg-base ../../build/launchfile build --build-base /home/deepak/ros2_ws/build/launchfile/build install --record /home/deepak/ros2_ws/build/launchfile/install.log --single-version-externally-managed install_data
[3.560s] DEBUG:colcon.colcon_core.event_handler.log_command:Invoking command in '/home/deepak/ros2_ws/src/perception': CONDA_PROMPT_MODIFIER=(ros2) DEBUGINFOD_URLS=https://debuginfod.ubuntu.com PYTHONPATH=/home/deepak/ros2_ws/build/perception/prefix_override:/usr/lib/python3/dist-packages/colcon_core/task/python/colcon_distutils_commands:/home/deepak/ros2_ws/install/perception/lib/python3.12/site-packages:${PYTHONPATH} /usr/bin/python3 -W ignore:setup.py install is deprecated -W ignore:easy_install command is deprecated setup.py egg_info --egg-base ../../build/perception build --build-base /home/deepak/ros2_ws/build/perception/build install --record /home/deepak/ros2_ws/build/perception/install.log --single-version-externally-managed install_data
[4.591s] Level 1:colcon.colcon_core.environment:checking '/home/deepak/ros2_ws/install/utilities' for CMake module files
[4.592s] Level 1:colcon.colcon_core.environment:checking '/home/deepak/ros2_ws/install/utilities' for CMake config files
[4.593s] Level 1:colcon.colcon_core.environment:checking '/home/deepak/ros2_ws/install/utilities/lib'
[4.594s] Level 1:colcon.colcon_core.environment:checking '/home/deepak/ros2_ws/install/utilities/bin'
[4.594s] Level 1:colcon.colcon_core.environment:checking '/home/deepak/ros2_ws/install/utilities/lib/pkgconfig/utilities.pc'
[4.594s] Level 1:colcon.colcon_core.environment:checking '/home/deepak/ros2_ws/install/utilities/lib/python3.12/site-packages'
[4.599s] Level 1:colcon.colcon_core.shell:create_environment_hook('utilities', 'pythonpath')
[4.600s] INFO:colcon.colcon_core.shell:Creating environment hook '/home/deepak/ros2_ws/install/utilities/share/utilities/hook/pythonpath.ps1'
[4.600s] INFO:colcon.colcon_core.shell:Creating environment descriptor '/home/deepak/ros2_ws/install/utilities/share/utilities/hook/pythonpath.dsv'
[4.601s] INFO:colcon.colcon_core.shell:Creating environment hook '/home/deepak/ros2_ws/install/utilities/share/utilities/hook/pythonpath.sh'
[4.599s] DEBUG:colcon.colcon_core.event_handler.log_command:Invoked command in '/home/deepak/ros2_ws/src/utilities' returned '0': CONDA_PROMPT_MODIFIER=(ros2) DEBUGINFOD_URLS=https://debuginfod.ubuntu.com PYTHONPATH=/home/deepak/ros2_ws/build/utilities/prefix_override:/usr/lib/python3/dist-packages/colcon_core/task/python/colcon_distutils_commands:/home/deepak/ros2_ws/install/utilities/lib/python3.12/site-packages:${PYTHONPATH} /usr/bin/python3 -W ignore:setup.py install is deprecated -W ignore:easy_install command is deprecated setup.py egg_info --egg-base ../../build/utilities build --build-base /home/deepak/ros2_ws/build/utilities/build install --record /home/deepak/ros2_ws/build/utilities/install.log --single-version-externally-managed install_data
[4.608s] Level 1:colcon.colcon_core.environment:checking '/home/deepak/ros2_ws/install/utilities/bin'
[4.608s] Level 1:colcon.colcon_core.environment:create_environment_scripts_only(utilities)
[4.609s] INFO:colcon.colcon_core.shell:Creating package script '/home/deepak/ros2_ws/install/utilities/share/utilities/package.ps1'
[4.611s] INFO:colcon.colcon_core.shell:Creating package descriptor '/home/deepak/ros2_ws/install/utilities/share/utilities/package.dsv'
[4.618s] INFO:colcon.colcon_core.shell:Creating package script '/home/deepak/ros2_ws/install/utilities/share/utilities/package.sh'
[4.621s] INFO:colcon.colcon_core.shell:Creating package script '/home/deepak/ros2_ws/install/utilities/share/utilities/package.bash'
[4.623s] INFO:colcon.colcon_core.shell:Creating package script '/home/deepak/ros2_ws/install/utilities/share/utilities/package.zsh'
[4.624s] Level 1:colcon.colcon_core.environment:create_file_with_runtime_dependencies(/home/deepak/ros2_ws/install/utilities/share/colcon-core/packages/utilities)
[4.657s] Level 1:colcon.colcon_core.environment:checking '/home/deepak/ros2_ws/install/arm_control' for CMake module files
[4.658s] Level 1:colcon.colcon_core.environment:checking '/home/deepak/ros2_ws/install/arm_control' for CMake config files
[4.659s] Level 1:colcon.colcon_core.environment:checking '/home/deepak/ros2_ws/install/arm_control/lib'
[4.660s] Level 1:colcon.colcon_core.environment:checking '/home/deepak/ros2_ws/install/arm_control/bin'
[4.660s] Level 1:colcon.colcon_core.environment:checking '/home/deepak/ros2_ws/install/arm_control/lib/pkgconfig/arm_control.pc'
[4.660s] Level 1:colcon.colcon_core.environment:checking '/home/deepak/ros2_ws/install/arm_control/lib/python3.12/site-packages'
[4.673s] Level 1:colcon.colcon_core.shell:create_environment_hook('arm_control', 'pythonpath')
[4.674s] INFO:colcon.colcon_core.shell:Creating environment hook '/home/deepak/ros2_ws/install/arm_control/share/arm_control/hook/pythonpath.ps1'
[4.674s] INFO:colcon.colcon_core.shell:Creating environment descriptor '/home/deepak/ros2_ws/install/arm_control/share/arm_control/hook/pythonpath.dsv'
[4.675s] INFO:colcon.colcon_core.shell:Creating environment hook '/home/deepak/ros2_ws/install/arm_control/share/arm_control/hook/pythonpath.sh'
[4.676s] Level 1:colcon.colcon_core.environment:checking '/home/deepak/ros2_ws/install/arm_control/bin'
[4.678s] Level 1:colcon.colcon_core.environment:create_environment_scripts_only(arm_control)
[4.678s] INFO:colcon.colcon_core.shell:Creating package script '/home/deepak/ros2_ws/install/arm_control/share/arm_control/package.ps1'
[4.680s] INFO:colcon.colcon_core.shell:Creating package descriptor '/home/deepak/ros2_ws/install/arm_control/share/arm_control/package.dsv'
[4.681s] INFO:colcon.colcon_core.shell:Creating package script '/home/deepak/ros2_ws/install/arm_control/share/arm_control/package.sh'
[4.677s] DEBUG:colcon.colcon_core.event_handler.log_command:Invoked command in '/home/deepak/ros2_ws/src/arm_control' returned '0': CONDA_PROMPT_MODIFIER=(ros2) DEBUGINFOD_URLS=https://debuginfod.ubuntu.com PYTHONPATH=/home/deepak/ros2_ws/build/arm_control/prefix_override:/usr/lib/python3/dist-packages/colcon_core/task/python/colcon_distutils_commands:/home/deepak/ros2_ws/install/arm_control/lib/python3.12/site-packages:${PYTHONPATH} /usr/bin/python3 -W ignore:setup.py install is deprecated -W ignore:easy_install command is deprecated setup.py egg_info --egg-base ../../build/arm_control build --build-base /home/deepak/ros2_ws/build/arm_control/build install --record /home/deepak/ros2_ws/build/arm_control/install.log --single-version-externally-managed install_data
[4.689s] INFO:colcon.colcon_core.shell:Creating package script '/home/deepak/ros2_ws/install/arm_control/share/arm_control/package.bash'
[4.690s] INFO:colcon.colcon_core.shell:Creating package script '/home/deepak/ros2_ws/install/arm_control/share/arm_control/package.zsh'
[4.690s] Level 1:colcon.colcon_core.environment:create_file_with_runtime_dependencies(/home/deepak/ros2_ws/install/arm_control/share/colcon-core/packages/arm_control)
[4.693s] Level 1:colcon.colcon_core.environment:checking '/home/deepak/ros2_ws/install/urdfmodel' for CMake module files
[4.694s] DEBUG:colcon.colcon_core.event_handler.log_command:Invoked command in '/home/deepak/ros2_ws/src/urdfmodel' returned '0': CONDA_PROMPT_MODIFIER=(ros2) DEBUGINFOD_URLS=https://debuginfod.ubuntu.com PYTHONPATH=/home/deepak/ros2_ws/build/urdfmodel/prefix_override:/usr/lib/python3/dist-packages/colcon_core/task/python/colcon_distutils_commands:/home/deepak/ros2_ws/install/urdfmodel/lib/python3.12/site-packages:${PYTHONPATH} /usr/bin/python3 -W ignore:setup.py install is deprecated -W ignore:easy_install command is deprecated setup.py egg_info --egg-base ../../build/urdfmodel build --build-base /home/deepak/ros2_ws/build/urdfmodel/build install --record /home/deepak/ros2_ws/build/urdfmodel/install.log --single-version-externally-managed install_data
[4.695s] Level 1:colcon.colcon_core.environment:checking '/home/deepak/ros2_ws/install/urdfmodel' for CMake config files
[4.696s] Level 1:colcon.colcon_core.environment:checking '/home/deepak/ros2_ws/install/urdfmodel/lib'
[4.697s] Level 1:colcon.colcon_core.environment:checking '/home/deepak/ros2_ws/install/urdfmodel/bin'
[4.698s] Level 1:colcon.colcon_core.environment:checking '/home/deepak/ros2_ws/install/urdfmodel/lib/pkgconfig/urdfmodel.pc'
[4.699s] Level 1:colcon.colcon_core.environment:checking '/home/deepak/ros2_ws/install/urdfmodel/lib/python3.12/site-packages'
[4.700s] Level 1:colcon.colcon_core.shell:create_environment_hook('urdfmodel', 'pythonpath')
[4.700s] INFO:colcon.colcon_core.shell:Creating environment hook '/home/deepak/ros2_ws/install/urdfmodel/share/urdfmodel/hook/pythonpath.ps1'
[4.702s] INFO:colcon.colcon_core.shell:Creating environment descriptor '/home/deepak/ros2_ws/install/urdfmodel/share/urdfmodel/hook/pythonpath.dsv'
[4.703s] INFO:colcon.colcon_core.shell:Creating environment hook '/home/deepak/ros2_ws/install/urdfmodel/share/urdfmodel/hook/pythonpath.sh'
[4.704s] Level 1:colcon.colcon_core.environment:checking '/home/deepak/ros2_ws/install/urdfmodel/bin'
[4.704s] Level 1:colcon.colcon_core.environment:create_environment_scripts_only(urdfmodel)
[4.705s] INFO:colcon.colcon_core.shell:Creating package script '/home/deepak/ros2_ws/install/urdfmodel/share/urdfmodel/package.ps1'
[4.712s] INFO:colcon.colcon_core.shell:Creating package descriptor '/home/deepak/ros2_ws/install/urdfmodel/share/urdfmodel/package.dsv'
[4.715s] INFO:colcon.colcon_core.shell:Creating package script '/home/deepak/ros2_ws/install/urdfmodel/share/urdfmodel/package.sh'
[4.716s] INFO:colcon.colcon_core.shell:Creating package script '/home/deepak/ros2_ws/install/urdfmodel/share/urdfmodel/package.bash'
[4.717s] INFO:colcon.colcon_core.shell:Creating package script '/home/deepak/ros2_ws/install/urdfmodel/share/urdfmodel/package.zsh'
[4.717s] Level 1:colcon.colcon_core.environment:create_file_with_runtime_dependencies(/home/deepak/ros2_ws/install/urdfmodel/share/colcon-core/packages/urdfmodel)
[4.719s] Level 1:colcon.colcon_core.environment:checking '/home/deepak/ros2_ws/install/world' for CMake module files
[4.720s] Level 1:colcon.colcon_core.environment:checking '/home/deepak/ros2_ws/install/world' for CMake config files
[4.721s] DEBUG:colcon.colcon_core.event_handler.log_command:Invoked command in '/home/deepak/ros2_ws/src/world' returned '0': CONDA_PROMPT_MODIFIER=(ros2) DEBUGINFOD_URLS=https://debuginfod.ubuntu.com PYTHONPATH=/home/deepak/ros2_ws/build/world/prefix_override:/usr/lib/python3/dist-packages/colcon_core/task/python/colcon_distutils_commands:/home/deepak/ros2_ws/install/world/lib/python3.12/site-packages:${PYTHONPATH} /usr/bin/python3 -W ignore:setup.py install is deprecated -W ignore:easy_install command is deprecated setup.py egg_info --egg-base ../../build/world build --build-base /home/deepak/ros2_ws/build/world/build install --record /home/deepak/ros2_ws/build/world/install.log --single-version-externally-managed install_data
[4.722s] Level 1:colcon.colcon_core.environment:checking '/home/deepak/ros2_ws/install/world/lib'
[4.722s] Level 1:colcon.colcon_core.environment:checking '/home/deepak/ros2_ws/install/world/bin'
[4.722s] Level 1:colcon.colcon_core.environment:checking '/home/deepak/ros2_ws/install/world/lib/pkgconfig/world.pc'
[4.722s] Level 1:colcon.colcon_core.environment:checking '/home/deepak/ros2_ws/install/world/lib/python3.12/site-packages'
[4.722s] Level 1:colcon.colcon_core.shell:create_environment_hook('world', 'pythonpath')
[4.723s] INFO:colcon.colcon_core.shell:Creating environment hook '/home/deepak/ros2_ws/install/world/share/world/hook/pythonpath.ps1'
[4.723s] INFO:colcon.colcon_core.shell:Creating environment descriptor '/home/deepak/ros2_ws/install/world/share/world/hook/pythonpath.dsv'
[4.724s] INFO:colcon.colcon_core.shell:Creating environment hook '/home/deepak/ros2_ws/install/world/share/world/hook/pythonpath.sh'
[4.725s] Level 1:colcon.colcon_core.environment:checking '/home/deepak/ros2_ws/install/world/bin'
[4.725s] Level 1:colcon.colcon_core.environment:create_environment_scripts_only(world)
[4.725s] INFO:colcon.colcon_core.shell:Creating package script '/home/deepak/ros2_ws/install/world/share/world/package.ps1'
[4.726s] INFO:colcon.colcon_core.shell:Creating package descriptor '/home/deepak/ros2_ws/install/world/share/world/package.dsv'
[4.726s] INFO:colcon.colcon_core.shell:Creating package script '/home/deepak/ros2_ws/install/world/share/world/package.sh'
[4.727s] INFO:colcon.colcon_core.shell:Creating package script '/home/deepak/ros2_ws/install/world/share/world/package.bash'
[4.727s] INFO:colcon.colcon_core.shell:Creating package script '/home/deepak/ros2_ws/install/world/share/world/package.zsh'
[4.728s] Level 1:colcon.colcon_core.environment:create_file_with_runtime_dependencies(/home/deepak/ros2_ws/install/world/share/colcon-core/packages/world)
[4.730s] Level 1:colcon.colcon_core.environment:checking '/home/deepak/ros2_ws/install/launchfile' for CMake module files
[4.733s] DEBUG:colcon.colcon_core.event_handler.log_command:Invoked command in '/home/deepak/ros2_ws/src/launchfile' returned '0': CONDA_PROMPT_MODIFIER=(ros2) DEBUGINFOD_URLS=https://debuginfod.ubuntu.com PYTHONPATH=/home/deepak/ros2_ws/build/launchfile/prefix_override:/usr/lib/python3/dist-packages/colcon_core/task/python/colcon_distutils_commands:/home/deepak/ros2_ws/install/launchfile/lib/python3.12/site-packages:${PYTHONPATH} /usr/bin/python3 -W ignore:setup.py install is deprecated -W ignore:easy_install command is deprecated setup.py egg_info --egg-base ../../build/launchfile build --build-base /home/deepak/ros2_ws/build/launchfile/build install --record /home/deepak/ros2_ws/build/launchfile/install.log --single-version-externally-managed install_data
[4.734s] Level 1:colcon.colcon_core.environment:checking '/home/deepak/ros2_ws/install/launchfile' for CMake config files
[4.735s] Level 1:colcon.colcon_core.environment:checking '/home/deepak/ros2_ws/install/launchfile/lib'
[4.735s] Level 1:colcon.colcon_core.environment:checking '/home/deepak/ros2_ws/install/launchfile/bin'
[4.735s] Level 1:colcon.colcon_core.environment:checking '/home/deepak/ros2_ws/install/launchfile/lib/pkgconfig/launchfile.pc'
[4.736s] Level 1:colcon.colcon_core.environment:checking '/home/deepak/ros2_ws/install/launchfile/lib/python3.12/site-packages'
[4.736s] Level 1:colcon.colcon_core.shell:create_environment_hook('launchfile', 'pythonpath')
[4.736s] INFO:colcon.colcon_core.shell:Creating environment hook '/home/deepak/ros2_ws/install/launchfile/share/launchfile/hook/pythonpath.ps1'
[4.737s] INFO:colcon.colcon_core.shell:Creating environment descriptor '/home/deepak/ros2_ws/install/launchfile/share/launchfile/hook/pythonpath.dsv'
[4.737s] INFO:colcon.colcon_core.shell:Creating environment hook '/home/deepak/ros2_ws/install/launchfile/share/launchfile/hook/pythonpath.sh'
[4.738s] Level 1:colcon.colcon_core.environment:checking '/home/deepak/ros2_ws/install/launchfile/bin'
[4.738s] Level 1:colcon.colcon_core.environment:create_environment_scripts_only(launchfile)
[4.738s] INFO:colcon.colcon_core.shell:Creating package script '/home/deepak/ros2_ws/install/launchfile/share/launchfile/package.ps1'
[4.739s] INFO:colcon.colcon_core.shell:Creating package descriptor '/home/deepak/ros2_ws/install/launchfile/share/launchfile/package.dsv'
[4.741s] INFO:colcon.colcon_core.shell:Creating package script '/home/deepak/ros2_ws/install/launchfile/share/launchfile/package.sh'
[4.742s] INFO:colcon.colcon_core.shell:Creating package script '/home/deepak/ros2_ws/install/launchfile/share/launchfile/package.bash'
[4.742s] INFO:colcon.colcon_core.shell:Creating package script '/home/deepak/ros2_ws/install/launchfile/share/launchfile/package.zsh'
[4.743s] Level 1:colcon.colcon_core.environment:create_file_with_runtime_dependencies(/home/deepak/ros2_ws/install/launchfile/share/colcon-core/packages/launchfile)
[4.744s] Level 1:colcon.colcon_core.environment:checking '/home/deepak/ros2_ws/install/core' for CMake module files
[4.745s] Level 1:colcon.colcon_core.environment:checking '/home/deepak/ros2_ws/install/core' for CMake config files
[4.745s] DEBUG:colcon.colcon_core.event_handler.log_command:Invoked command in '/home/deepak/ros2_ws/src/core' returned '0': CONDA_PROMPT_MODIFIER=(ros2) DEBUGINFOD_URLS=https://debuginfod.ubuntu.com PYTHONPATH=/home/deepak/ros2_ws/build/core/prefix_override:/usr/lib/python3/dist-packages/colcon_core/task/python/colcon_distutils_commands:/home/deepak/ros2_ws/install/core/lib/python3.12/site-packages:${PYTHONPATH} /usr/bin/python3 -W ignore:setup.py install is deprecated -W ignore:easy_install command is deprecated setup.py egg_info --egg-base ../../build/core build --build-base /home/deepak/ros2_ws/build/core/build install --record /home/deepak/ros2_ws/build/core/install.log --single-version-externally-managed install_data
[4.746s] Level 1:colcon.colcon_core.environment:checking '/home/deepak/ros2_ws/install/core/lib'
[4.746s] Level 1:colcon.colcon_core.environment:checking '/home/deepak/ros2_ws/install/core/bin'
[4.746s] Level 1:colcon.colcon_core.environment:checking '/home/deepak/ros2_ws/install/core/lib/pkgconfig/core.pc'
[4.747s] Level 1:colcon.colcon_core.environment:checking '/home/deepak/ros2_ws/install/core/lib/python3.12/site-packages'
[4.747s] Level 1:colcon.colcon_core.shell:create_environment_hook('core', 'pythonpath')
[4.747s] INFO:colcon.colcon_core.shell:Creating environment hook '/home/deepak/ros2_ws/install/core/share/core/hook/pythonpath.ps1'
[4.749s] INFO:colcon.colcon_core.shell:Creating environment descriptor '/home/deepak/ros2_ws/install/core/share/core/hook/pythonpath.dsv'
[4.750s] INFO:colcon.colcon_core.shell:Creating environment hook '/home/deepak/ros2_ws/install/core/share/core/hook/pythonpath.sh'
[4.751s] Level 1:colcon.colcon_core.environment:checking '/home/deepak/ros2_ws/install/core/bin'
[4.751s] Level 1:colcon.colcon_core.environment:create_environment_scripts_only(core)
[4.752s] INFO:colcon.colcon_core.shell:Creating package script '/home/deepak/ros2_ws/install/core/share/core/package.ps1'
[4.752s] INFO:colcon.colcon_core.shell:Creating package descriptor '/home/deepak/ros2_ws/install/core/share/core/package.dsv'
[4.753s] INFO:colcon.colcon_core.shell:Creating package script '/home/deepak/ros2_ws/install/core/share/core/package.sh'
[4.753s] INFO:colcon.colcon_core.shell:Creating package script '/home/deepak/ros2_ws/install/core/share/core/package.bash'
[4.753s] INFO:colcon.colcon_core.shell:Creating package script '/home/deepak/ros2_ws/install/core/share/core/package.zsh'
[4.754s] Level 1:colcon.colcon_core.environment:create_file_with_runtime_dependencies(/home/deepak/ros2_ws/install/core/share/colcon-core/packages/core)
[4.755s] Level 1:colcon.colcon_core.environment:checking '/home/deepak/ros2_ws/install/navigation' for CMake module files
[4.756s] Level 1:colcon.colcon_core.environment:checking '/home/deepak/ros2_ws/install/navigation' for CMake config files
[4.757s] DEBUG:colcon.colcon_core.event_handler.log_command:Invoked command in '/home/deepak/ros2_ws/src/navigation' returned '0': CONDA_PROMPT_MODIFIER=(ros2) DEBUGINFOD_URLS=https://debuginfod.ubuntu.com PYTHONPATH=/home/deepak/ros2_ws/build/navigation/prefix_override:/usr/lib/python3/dist-packages/colcon_core/task/python/colcon_distutils_commands:/home/deepak/ros2_ws/install/navigation/lib/python3.12/site-packages:${PYTHONPATH} /usr/bin/python3 -W ignore:setup.py install is deprecated -W ignore:easy_install command is deprecated setup.py egg_info --egg-base ../../build/navigation build --build-base /home/deepak/ros2_ws/build/navigation/build install --record /home/deepak/ros2_ws/build/navigation/install.log --single-version-externally-managed install_data
[4.758s] Level 1:colcon.colcon_core.environment:checking '/home/deepak/ros2_ws/install/navigation/lib'
[4.759s] Level 1:colcon.colcon_core.environment:checking '/home/deepak/ros2_ws/install/navigation/bin'
[4.759s] Level 1:colcon.colcon_core.environment:checking '/home/deepak/ros2_ws/install/navigation/lib/pkgconfig/navigation.pc'
[4.759s] Level 1:colcon.colcon_core.environment:checking '/home/deepak/ros2_ws/install/navigation/lib/python3.12/site-packages'
[4.759s] Level 1:colcon.colcon_core.shell:create_environment_hook('navigation', 'pythonpath')
[4.759s] INFO:colcon.colcon_core.shell:Creating environment hook '/home/deepak/ros2_ws/install/navigation/share/navigation/hook/pythonpath.ps1'
[4.760s] INFO:colcon.colcon_core.shell:Creating environment descriptor '/home/deepak/ros2_ws/install/navigation/share/navigation/hook/pythonpath.dsv'
[4.760s] INFO:colcon.colcon_core.shell:Creating environment hook '/home/deepak/ros2_ws/install/navigation/share/navigation/hook/pythonpath.sh'
[4.761s] Level 1:colcon.colcon_core.environment:checking '/home/deepak/ros2_ws/install/navigation/bin'
[4.761s] Level 1:colcon.colcon_core.environment:create_environment_scripts_only(navigation)
[4.762s] INFO:colcon.colcon_core.shell:Creating package script '/home/deepak/ros2_ws/install/navigation/share/navigation/package.ps1'
[4.763s] INFO:colcon.colcon_core.shell:Creating package descriptor '/home/deepak/ros2_ws/install/navigation/share/navigation/package.dsv'
[4.764s] INFO:colcon.colcon_core.shell:Creating package script '/home/deepak/ros2_ws/install/navigation/share/navigation/package.sh'
[4.766s] INFO:colcon.colcon_core.shell:Creating package script '/home/deepak/ros2_ws/install/navigation/share/navigation/package.bash'
[4.768s] INFO:colcon.colcon_core.shell:Creating package script '/home/deepak/ros2_ws/install/navigation/share/navigation/package.zsh'
[4.768s] Level 1:colcon.colcon_core.environment:create_file_with_runtime_dependencies(/home/deepak/ros2_ws/install/navigation/share/colcon-core/packages/navigation)
[4.771s] Level 1:colcon.colcon_core.environment:checking '/home/deepak/ros2_ws/install/perception' for CMake module files
[4.772s] DEBUG:colcon.colcon_core.event_handler.log_command:Invoked command in '/home/deepak/ros2_ws/src/perception' returned '0': CONDA_PROMPT_MODIFIER=(ros2) DEBUGINFOD_URLS=https://debuginfod.ubuntu.com PYTHONPATH=/home/deepak/ros2_ws/build/perception/prefix_override:/usr/lib/python3/dist-packages/colcon_core/task/python/colcon_distutils_commands:/home/deepak/ros2_ws/install/perception/lib/python3.12/site-packages:${PYTHONPATH} /usr/bin/python3 -W ignore:setup.py install is deprecated -W ignore:easy_install command is deprecated setup.py egg_info --egg-base ../../build/perception build --build-base /home/deepak/ros2_ws/build/perception/build install --record /home/deepak/ros2_ws/build/perception/install.log --single-version-externally-managed install_data
[4.772s] Level 1:colcon.colcon_core.environment:checking '/home/deepak/ros2_ws/install/perception' for CMake config files
[4.773s] Level 1:colcon.colcon_core.environment:checking '/home/deepak/ros2_ws/install/perception/lib'
[4.773s] Level 1:colcon.colcon_core.environment:checking '/home/deepak/ros2_ws/install/perception/bin'
[4.773s] Level 1:colcon.colcon_core.environment:checking '/home/deepak/ros2_ws/install/perception/lib/pkgconfig/perception.pc'
[4.774s] Level 1:colcon.colcon_core.environment:checking '/home/deepak/ros2_ws/install/perception/lib/python3.12/site-packages'
[4.774s] Level 1:colcon.colcon_core.shell:create_environment_hook('perception', 'pythonpath')
[4.774s] INFO:colcon.colcon_core.shell:Creating environment hook '/home/deepak/ros2_ws/install/perception/share/perception/hook/pythonpath.ps1'
[4.774s] INFO:colcon.colcon_core.shell:Creating environment descriptor '/home/deepak/ros2_ws/install/perception/share/perception/hook/pythonpath.dsv'
[4.775s] INFO:colcon.colcon_core.shell:Creating environment hook '/home/deepak/ros2_ws/install/perception/share/perception/hook/pythonpath.sh'
[4.776s] Level 1:colcon.colcon_core.environment:checking '/home/deepak/ros2_ws/install/perception/bin'
[4.776s] Level 1:colcon.colcon_core.environment:create_environment_scripts_only(perception)
[4.776s] INFO:colcon.colcon_core.shell:Creating package script '/home/deepak/ros2_ws/install/perception/share/perception/package.ps1'
[4.777s] INFO:colcon.colcon_core.shell:Creating package descriptor '/home/deepak/ros2_ws/install/perception/share/perception/package.dsv'
[4.779s] INFO:colcon.colcon_core.shell:Creating package script '/home/deepak/ros2_ws/install/perception/share/perception/package.sh'
[4.779s] INFO:colcon.colcon_core.shell:Creating package script '/home/deepak/ros2_ws/install/perception/share/perception/package.bash'
[4.780s] INFO:colcon.colcon_core.shell:Creating package script '/home/deepak/ros2_ws/install/perception/share/perception/package.zsh'
[4.780s] Level 1:colcon.colcon_core.environment:create_file_with_runtime_dependencies(/home/deepak/ros2_ws/install/perception/share/colcon-core/packages/perception)
[4.781s] DEBUG:colcon.colcon_parallel_executor.executor.parallel:closing loop
[4.781s] DEBUG:colcon.colcon_parallel_executor.executor.parallel:loop closed
[4.782s] DEBUG:colcon.colcon_parallel_executor.executor.parallel:run_until_complete finished with '0'
[4.782s] DEBUG:colcon.colcon_core.event_reactor:joining thread
[4.793s] INFO:colcon.colcon_core.plugin_system:Skipping extension 'colcon_notification.desktop_notification.terminal_notifier': Not used on non-Darwin systems
[4.793s] INFO:colcon.colcon_core.plugin_system:Skipping extension 'colcon_notification.desktop_notification.win32': Not used on non-Windows systems
[4.793s] INFO:colcon.colcon_notification.desktop_notification:Sending desktop notification using 'notify2'
[4.808s] DEBUG:colcon.colcon_core.event_reactor:joined thread
[4.808s] INFO:colcon.colcon_core.shell:Creating prefix script '/home/deepak/ros2_ws/install/local_setup.ps1'
[4.809s] INFO:colcon.colcon_core.shell:Creating prefix util module '/home/deepak/ros2_ws/install/_local_setup_util_ps1.py'
[4.810s] INFO:colcon.colcon_core.shell:Creating prefix chain script '/home/deepak/ros2_ws/install/setup.ps1'
[4.811s] INFO:colcon.colcon_core.shell:Creating prefix script '/home/deepak/ros2_ws/install/local_setup.sh'
[4.812s] INFO:colcon.colcon_core.shell:Creating prefix util module '/home/deepak/ros2_ws/install/_local_setup_util_sh.py'
[4.813s] INFO:colcon.colcon_core.shell:Creating prefix chain script '/home/deepak/ros2_ws/install/setup.sh'
[4.815s] INFO:colcon.colcon_core.shell:Creating prefix script '/home/deepak/ros2_ws/install/local_setup.bash'
[4.816s] INFO:colcon.colcon_core.shell:Creating prefix chain script '/home/deepak/ros2_ws/install/setup.bash'
[4.818s] INFO:colcon.colcon_core.shell:Creating prefix script '/home/deepak/ros2_ws/install/local_setup.zsh'
[4.819s] INFO:colcon.colcon_core.shell:Creating prefix chain script '/home/deepak/ros2_ws/install/setup.zsh'
