running egg_info
creating ../../build/urdf/urdf.egg-info
writing ../../build/urdf/urdf.egg-info/PKG-INFO
writing dependency_links to ../../build/urdf/urdf.egg-info/dependency_links.txt
writing requirements to ../../build/urdf/urdf.egg-info/requires.txt
writing top-level names to ../../build/urdf/urdf.egg-info/top_level.txt
writing manifest file '../../build/urdf/urdf.egg-info/SOURCES.txt'
reading manifest file '../../build/urdf/urdf.egg-info/SOURCES.txt'
writing manifest file '../../build/urdf/urdf.egg-info/SOURCES.txt'
running build
running build_py
creating /home/deepak/ros2_ws/build/urdf/build
creating /home/deepak/ros2_ws/build/urdf/build/lib
creating /home/deepak/ros2_ws/build/urdf/build/lib/urdf
copying urdf/__init__.py -> /home/deepak/ros2_ws/build/urdf/build/lib/urdf
running install
running install_lib
creating /home/deepak/ros2_ws/install/urdf/lib/python3.12/site-packages/urdf
copying /home/deepak/ros2_ws/build/urdf/build/lib/urdf/__init__.py -> /home/deepak/ros2_ws/install/urdf/lib/python3.12/site-packages/urdf
byte-compiling /home/deepak/ros2_ws/install/urdf/lib/python3.12/site-packages/urdf/__init__.py to __init__.cpython-312.pyc
running install_data
creating /home/deepak/ros2_ws/install/urdf/share/ament_index
creating /home/deepak/ros2_ws/install/urdf/share/ament_index/resource_index
creating /home/deepak/ros2_ws/install/urdf/share/ament_index/resource_index/packages
copying resource/urdf -> /home/deepak/ros2_ws/install/urdf/share/ament_index/resource_index/packages
copying package.xml -> /home/deepak/ros2_ws/install/urdf/share/urdf
running install_egg_info
Copying ../../build/urdf/urdf.egg-info to /home/deepak/ros2_ws/install/urdf/lib/python3.12/site-packages/urdf-0.0.0-py3.12.egg-info
running install_scripts
writing list of installed files to '/home/deepak/ros2_ws/build/urdf/install.log'
