[3.130s] Invoking command in '/home/deepak/ros2_ws/src/urdf': CONDA_PROMPT_MODIFIER=(ros2) DEBUGINFOD_URLS=https://debuginfod.ubuntu.com PYTHONPATH=/home/deepak/ros2_ws/build/urdf/prefix_override:/usr/lib/python3/dist-packages/colcon_core/task/python/colcon_distutils_commands:/home/deepak/ros2_ws/install/urdf/lib/python3.12/site-packages:${PYTHONPATH} /usr/bin/python3 -W ignore:setup.py install is deprecated -W ignore:easy_install command is deprecated setup.py egg_info --egg-base ../../build/urdf build --build-base /home/deepak/ros2_ws/build/urdf/build install --record /home/deepak/ros2_ws/build/urdf/install.log --single-version-externally-managed install_data
[3.646s] running egg_info
[3.646s] creating ../../build/urdf/urdf.egg-info
[3.682s] writing ../../build/urdf/urdf.egg-info/PKG-INFO
[3.683s] writing dependency_links to ../../build/urdf/urdf.egg-info/dependency_links.txt
[3.683s] writing requirements to ../../build/urdf/urdf.egg-info/requires.txt
[3.683s] writing top-level names to ../../build/urdf/urdf.egg-info/top_level.txt
[3.684s] writing manifest file '../../build/urdf/urdf.egg-info/SOURCES.txt'
[3.768s] reading manifest file '../../build/urdf/urdf.egg-info/SOURCES.txt'
[3.770s] writing manifest file '../../build/urdf/urdf.egg-info/SOURCES.txt'
[3.770s] running build
[3.772s] running build_py
[3.773s] creating /home/deepak/ros2_ws/build/urdf/build
[3.773s] creating /home/deepak/ros2_ws/build/urdf/build/lib
[3.773s] creating /home/deepak/ros2_ws/build/urdf/build/lib/urdf
[3.773s] copying urdf/__init__.py -> /home/deepak/ros2_ws/build/urdf/build/lib/urdf
[3.773s] running install
[3.785s] running install_lib
[3.833s] creating /home/deepak/ros2_ws/install/urdf/lib/python3.12/site-packages/urdf
[3.834s] copying /home/deepak/ros2_ws/build/urdf/build/lib/urdf/__init__.py -> /home/deepak/ros2_ws/install/urdf/lib/python3.12/site-packages/urdf
[3.834s] byte-compiling /home/deepak/ros2_ws/install/urdf/lib/python3.12/site-packages/urdf/__init__.py to __init__.cpython-312.pyc
[3.834s] running install_data
[3.834s] creating /home/deepak/ros2_ws/install/urdf/share/ament_index
[3.835s] creating /home/deepak/ros2_ws/install/urdf/share/ament_index/resource_index
[3.835s] creating /home/deepak/ros2_ws/install/urdf/share/ament_index/resource_index/packages
[3.839s] copying resource/urdf -> /home/deepak/ros2_ws/install/urdf/share/ament_index/resource_index/packages
[3.839s] copying package.xml -> /home/deepak/ros2_ws/install/urdf/share/urdf
[3.839s] running install_egg_info
[3.885s] Copying ../../build/urdf/urdf.egg-info to /home/deepak/ros2_ws/install/urdf/lib/python3.12/site-packages/urdf-0.0.0-py3.12.egg-info
[3.891s] running install_scripts
[4.384s] writing list of installed files to '/home/deepak/ros2_ws/build/urdf/install.log'
[4.455s] Invoked command in '/home/deepak/ros2_ws/src/urdf' returned '0': CONDA_PROMPT_MODIFIER=(ros2) DEBUGINFOD_URLS=https://debuginfod.ubuntu.com PYTHONPATH=/home/deepak/ros2_ws/build/urdf/prefix_override:/usr/lib/python3/dist-packages/colcon_core/task/python/colcon_distutils_commands:/home/deepak/ros2_ws/install/urdf/lib/python3.12/site-packages:${PYTHONPATH} /usr/bin/python3 -W ignore:setup.py install is deprecated -W ignore:easy_install command is deprecated setup.py egg_info --egg-base ../../build/urdf build --build-base /home/deepak/ros2_ws/build/urdf/build install --record /home/deepak/ros2_ws/build/urdf/install.log --single-version-externally-managed install_data
