running egg_info
creating ../../build/utilities/utilities.egg-info
writing ../../build/utilities/utilities.egg-info/PKG-INFO
writing dependency_links to ../../build/utilities/utilities.egg-info/dependency_links.txt
writing entry points to ../../build/utilities/utilities.egg-info/entry_points.txt
writing requirements to ../../build/utilities/utilities.egg-info/requires.txt
writing top-level names to ../../build/utilities/utilities.egg-info/top_level.txt
writing manifest file '../../build/utilities/utilities.egg-info/SOURCES.txt'
reading manifest file '../../build/utilities/utilities.egg-info/SOURCES.txt'
writing manifest file '../../build/utilities/utilities.egg-info/SOURCES.txt'
running build
running build_py
creating /home/deepak/ros2_ws/build/utilities/build
creating /home/deepak/ros2_ws/build/utilities/build/lib
creating /home/deepak/ros2_ws/build/utilities/build/lib/utilities
copying utilities/ros_utils.py -> /home/deepak/ros2_ws/build/utilities/build/lib/utilities
copying utilities/__init__.py -> /home/deepak/ros2_ws/build/utilities/build/lib/utilities
copying utilities/math_utils.py -> /home/deepak/ros2_ws/build/utilities/build/lib/utilities
running install
running install_lib
creating /home/deepak/ros2_ws/install/utilities/lib/python3.12/site-packages/utilities
copying /home/deepak/ros2_ws/build/utilities/build/lib/utilities/math_utils.py -> /home/deepak/ros2_ws/install/utilities/lib/python3.12/site-packages/utilities
copying /home/deepak/ros2_ws/build/utilities/build/lib/utilities/__init__.py -> /home/deepak/ros2_ws/install/utilities/lib/python3.12/site-packages/utilities
copying /home/deepak/ros2_ws/build/utilities/build/lib/utilities/ros_utils.py -> /home/deepak/ros2_ws/install/utilities/lib/python3.12/site-packages/utilities
byte-compiling /home/deepak/ros2_ws/install/utilities/lib/python3.12/site-packages/utilities/math_utils.py to math_utils.cpython-312.pyc
byte-compiling /home/deepak/ros2_ws/install/utilities/lib/python3.12/site-packages/utilities/__init__.py to __init__.cpython-312.pyc
byte-compiling /home/deepak/ros2_ws/install/utilities/lib/python3.12/site-packages/utilities/ros_utils.py to ros_utils.cpython-312.pyc
running install_data
creating /home/deepak/ros2_ws/install/utilities/share/ament_index
creating /home/deepak/ros2_ws/install/utilities/share/ament_index/resource_index
creating /home/deepak/ros2_ws/install/utilities/share/ament_index/resource_index/packages
copying resource/utilities -> /home/deepak/ros2_ws/install/utilities/share/ament_index/resource_index/packages
copying package.xml -> /home/deepak/ros2_ws/install/utilities/share/utilities
running install_egg_info
Copying ../../build/utilities/utilities.egg-info to /home/deepak/ros2_ws/install/utilities/lib/python3.12/site-packages/utilities-0.0.0-py3.12.egg-info
running install_scripts
Installing math_utils_node script to /home/deepak/ros2_ws/install/utilities/lib/utilities
Installing ros_utils_node script to /home/deepak/ros2_ws/install/utilities/lib/utilities
writing list of installed files to '/home/deepak/ros2_ws/build/utilities/install.log'
