[3.155s] Invoking command in '/home/deepak/ros2_ws/src/navigation': CONDA_PROMPT_MODIFIER=(ros2) DEBUGINFOD_URLS=https://debuginfod.ubuntu.com PYTHONPATH=/home/deepak/ros2_ws/build/navigation/prefix_override:/usr/lib/python3/dist-packages/colcon_core/task/python/colcon_distutils_commands:/home/deepak/ros2_ws/install/navigation/lib/python3.12/site-packages:${PYTHONPATH} /usr/bin/python3 -W ignore:setup.py install is deprecated -W ignore:easy_install command is deprecated setup.py egg_info --egg-base ../../build/navigation build --build-base /home/deepak/ros2_ws/build/navigation/build install --record /home/deepak/ros2_ws/build/navigation/install.log --single-version-externally-managed install_data
[3.763s] running egg_info
[3.808s] writing ../../build/navigation/navigation.egg-info/PKG-INFO
[3.809s] writing dependency_links to ../../build/navigation/navigation.egg-info/dependency_links.txt
[3.810s] writing entry points to ../../build/navigation/navigation.egg-info/entry_points.txt
[3.811s] writing requirements to ../../build/navigation/navigation.egg-info/requires.txt
[3.812s] writing top-level names to ../../build/navigation/navigation.egg-info/top_level.txt
[3.923s] reading manifest file '../../build/navigation/navigation.egg-info/SOURCES.txt'
[3.928s] writing manifest file '../../build/navigation/navigation.egg-info/SOURCES.txt'
[3.929s] running build
[3.929s] running build_py
[3.929s] running install
[3.943s] running install_lib
[3.982s] running install_data
[3.982s] running install_egg_info
[4.037s] removing '/home/deepak/ros2_ws/install/navigation/lib/python3.12/site-packages/navigation-0.0.0-py3.12.egg-info' (and everything under it)
[4.038s] Copying ../../build/navigation/navigation.egg-info to /home/deepak/ros2_ws/install/navigation/lib/python3.12/site-packages/navigation-0.0.0-py3.12.egg-info
[4.040s] running install_scripts
[4.354s] Installing localization_node script to /home/deepak/ros2_ws/install/navigation/lib/navigation
[4.355s] Installing map_server_node script to /home/deepak/ros2_ws/install/navigation/lib/navigation
[4.355s] Installing navigation_node script to /home/deepak/ros2_ws/install/navigation/lib/navigation
[4.355s] Installing path_planning_node script to /home/deepak/ros2_ws/install/navigation/lib/navigation
[4.355s] writing list of installed files to '/home/deepak/ros2_ws/build/navigation/install.log'
[4.481s] Invoked command in '/home/deepak/ros2_ws/src/navigation' returned '0': CONDA_PROMPT_MODIFIER=(ros2) DEBUGINFOD_URLS=https://debuginfod.ubuntu.com PYTHONPATH=/home/deepak/ros2_ws/build/navigation/prefix_override:/usr/lib/python3/dist-packages/colcon_core/task/python/colcon_distutils_commands:/home/deepak/ros2_ws/install/navigation/lib/python3.12/site-packages:${PYTHONPATH} /usr/bin/python3 -W ignore:setup.py install is deprecated -W ignore:easy_install command is deprecated setup.py egg_info --egg-base ../../build/navigation build --build-base /home/deepak/ros2_ws/build/navigation/build install --record /home/deepak/ros2_ws/build/navigation/install.log --single-version-externally-managed install_data
