running egg_info
creating ../../build/launchFile/launchFile.egg-info
writing ../../build/launchFile/launchFile.egg-info/PKG-INFO
writing dependency_links to ../../build/launchFile/launchFile.egg-info/dependency_links.txt
writing requirements to ../../build/launchFile/launchFile.egg-info/requires.txt
writing top-level names to ../../build/launchFile/launchFile.egg-info/top_level.txt
writing manifest file '../../build/launchFile/launchFile.egg-info/SOURCES.txt'
reading manifest file '../../build/launchFile/launchFile.egg-info/SOURCES.txt'
writing manifest file '../../build/launchFile/launchFile.egg-info/SOURCES.txt'
running build
running build_py
creating /home/deepak/ros2_ws/build/launchFile/build
creating /home/deepak/ros2_ws/build/launchFile/build/lib
creating /home/deepak/ros2_ws/build/launchFile/build/lib/launchFile
copying launchFile/robot_launch.py -> /home/deepak/ros2_ws/build/launchFile/build/lib/launchFile
copying launchFile/__init__.py -> /home/deepak/ros2_ws/build/launchFile/build/lib/launchFile
copying launchFile/simulation_launch.py -> /home/deepak/ros2_ws/build/launchFile/build/lib/launchFile
running install
running install_lib
creating /home/deepak/ros2_ws/install/launchFile/lib/python3.12/site-packages/launchFile
copying /home/deepak/ros2_ws/build/launchFile/build/lib/launchFile/__init__.py -> /home/deepak/ros2_ws/install/launchFile/lib/python3.12/site-packages/launchFile
copying /home/deepak/ros2_ws/build/launchFile/build/lib/launchFile/robot_launch.py -> /home/deepak/ros2_ws/install/launchFile/lib/python3.12/site-packages/launchFile
copying /home/deepak/ros2_ws/build/launchFile/build/lib/launchFile/simulation_launch.py -> /home/deepak/ros2_ws/install/launchFile/lib/python3.12/site-packages/launchFile
byte-compiling /home/deepak/ros2_ws/install/launchFile/lib/python3.12/site-packages/launchFile/__init__.py to __init__.cpython-312.pyc
byte-compiling /home/deepak/ros2_ws/install/launchFile/lib/python3.12/site-packages/launchFile/robot_launch.py to robot_launch.cpython-312.pyc
byte-compiling /home/deepak/ros2_ws/install/launchFile/lib/python3.12/site-packages/launchFile/simulation_launch.py to simulation_launch.cpython-312.pyc
running install_data
creating /home/deepak/ros2_ws/install/launchFile/share/ament_index
creating /home/deepak/ros2_ws/install/launchFile/share/ament_index/resource_index
creating /home/deepak/ros2_ws/install/launchFile/share/ament_index/resource_index/packages
copying resource/launchFile -> /home/deepak/ros2_ws/install/launchFile/share/ament_index/resource_index/packages
copying package.xml -> /home/deepak/ros2_ws/install/launchFile/share/launchFile
running install_egg_info
Copying ../../build/launchFile/launchFile.egg-info to /home/deepak/ros2_ws/install/launchFile/lib/python3.12/site-packages/launchFile-0.0.0-py3.12.egg-info
running install_scripts
writing list of installed files to '/home/deepak/ros2_ws/build/launchFile/install.log'
